=== CHTM Renderer Started ===
Starting with file: chtm/index.chtm
Launching module: modules/+x/canvas_player_v.01.+x
Module launched successfully, PID: 32344
Setting focus to element index 1
In child process, executing module: modules/+x/canvas_player_v.01.+x
Processing text element with label: Welcome to the Canvas Demo!
After variable substitution: Welcome to the Canvas Demo!
Sending IPC command: DISPLAY:ELEMENT_ID:game_canvas
Skipping non-canvas response: Canvas initialized with size 8x8. Player at (0,0)
Received VARS response: VARS:player_x=0,player_y=0,selected_palette_index=0,selected_symbol= ,;
Setting variable: player_x = 0
Created new variable player_x with value 0
Setting variable: player_y = 0
Created new variable player_y with value 0
Setting variable: selected_palette_index = 0
Created new variable selected_palette_index with value 0
Setting variable: selected_symbol =  
Created new variable selected_symbol with value  
Processing text element with label: Player Position: 
After variable substitution: Player Position: 
Processing text element with label: Player position: (${player_x}, ${player_y})
After variable substitution: Player position: (0, 0)
Processing text element with label: Selected Symbol: [${selected_symbol}] Index: ${selected_palette_index}
After variable substitution: Selected Symbol: [ ] Index: 0
Processing text element with label: Last Action: ${last_action} | Last Placed: [${last_placed_symbol}] at (${last_placed_at_x}, ${last_placed_at_y})
After variable substitution: Last Action: ${last_action} | Last Placed: [${last_placed_symbol}] at (${last_placed_at_x}, ${last_placed_at_y})
Processing text element with label: Space Pressed: ${last_input_was_space} at (${space_pressed_at_x}, ${space_pressed_at_y})
After variable substitution: Space Pressed: ${last_input_was_space} at (${space_pressed_at_x}, ${space_pressed_at_y})
Processing text element with label:  Emoji Palette: 
After variable substitution:  Emoji Palette: 
Sending IPC command: DISPLAY:ELEMENT_ID:emoji_palette
Received VARS response: VARS:player_x=0,player_y=0,;
Setting variable: player_x = 0
Updated existing variable player_x to 0
Setting variable: player_y = 0
Updated existing variable player_y to 0
Processing text element with label: modules/+x/canvas_player_v.01.+x
After variable substitution: modules/+x/canvas_player_v.01.+x
Setting focus to element index 8
Processing text element with label: Welcome to the Canvas Demo!
After variable substitution: Welcome to the Canvas Demo!
Sending IPC command: DISPLAY:ELEMENT_ID:game_canvas
Received VARS response: VARS:selected_palette_index=0,selected_symbol= ,;
Setting variable: selected_palette_index = 0
Updated existing variable selected_palette_index to 0
Setting variable: selected_symbol =  
Updated existing variable selected_symbol to  
Processing text element with label: Player Position: 
After variable substitution: Player Position: 
Processing text element with label: Player position: (${player_x}, ${player_y})
After variable substitution: Player position: (0, 0)
Processing text element with label: Selected Symbol: [${selected_symbol}] Index: ${selected_palette_index}
After variable substitution: Selected Symbol: [ ] Index: 0
Processing text element with label: Last Action: ${last_action} | Last Placed: [${last_placed_symbol}] at (${last_placed_at_x}, ${last_placed_at_y})
After variable substitution: Last Action: ${last_action} | Last Placed: [${last_placed_symbol}] at (${last_placed_at_x}, ${last_placed_at_y})
Processing text element with label: Space Pressed: ${last_input_was_space} at (${space_pressed_at_x}, ${space_pressed_at_y})
After variable substitution: Space Pressed: ${last_input_was_space} at (${space_pressed_at_x}, ${space_pressed_at_y})
Processing text element with label:  Emoji Palette: 
After variable substitution:  Emoji Palette: 
Sending IPC command: DISPLAY:ELEMENT_ID:emoji_palette
Received VARS response: VARS:player_x=0,player_y=0,;
Setting variable: player_x = 0
Updated existing variable player_x to 0
Setting variable: player_y = 0
Updated existing variable player_y to 0
Processing text element with label: modules/+x/canvas_player_v.01.+x
After variable substitution: modules/+x/canvas_player_v.01.+x
Setting focus to element index 9
Processing text element with label: Welcome to the Canvas Demo!
After variable substitution: Welcome to the Canvas Demo!
Sending IPC command: DISPLAY:ELEMENT_ID:game_canvas
Received VARS response: VARS:selected_palette_index=0,selected_symbol= ,;
Setting variable: selected_palette_index = 0
Updated existing variable selected_palette_index to 0
Setting variable: selected_symbol =  
Updated existing variable selected_symbol to  
Processing text element with label: Player Position: 
After variable substitution: Player Position: 
Processing text element with label: Player position: (${player_x}, ${player_y})
After variable substitution: Player position: (0, 0)
Processing text element with label: Selected Symbol: [${selected_symbol}] Index: ${selected_palette_index}
After variable substitution: Selected Symbol: [ ] Index: 0
Processing text element with label: Last Action: ${last_action} | Last Placed: [${last_placed_symbol}] at (${last_placed_at_x}, ${last_placed_at_y})
After variable substitution: Last Action: ${last_action} | Last Placed: [${last_placed_symbol}] at (${last_placed_at_x}, ${last_placed_at_y})
Processing text element with label: Space Pressed: ${last_input_was_space} at (${space_pressed_at_x}, ${space_pressed_at_y})
After variable substitution: Space Pressed: ${last_input_was_space} at (${space_pressed_at_x}, ${space_pressed_at_y})
Processing text element with label:  Emoji Palette: 
After variable substitution:  Emoji Palette: 
Sending IPC command: DISPLAY:ELEMENT_ID:emoji_palette
Received VARS response: VARS:player_x=0,player_y=0,;
Setting variable: player_x = 0
Updated existing variable player_x to 0
Setting variable: player_y = 0
Updated existing variable player_y to 0
Processing text element with label: modules/+x/canvas_player_v.01.+x
After variable substitution: modules/+x/canvas_player_v.01.+x
Setting focus to element index 10
Processing text element with label: Welcome to the Canvas Demo!
After variable substitution: Welcome to the Canvas Demo!
Sending IPC command: DISPLAY:ELEMENT_ID:game_canvas
Received VARS response: VARS:selected_palette_index=0,selected_symbol= ,;
Setting variable: selected_palette_index = 0
Updated existing variable selected_palette_index to 0
Setting variable: selected_symbol =  
Updated existing variable selected_symbol to  
Processing text element with label: Player Position: 
After variable substitution: Player Position: 
Processing text element with label: Player position: (${player_x}, ${player_y})
After variable substitution: Player position: (0, 0)
Processing text element with label: Selected Symbol: [${selected_symbol}] Index: ${selected_palette_index}
After variable substitution: Selected Symbol: [ ] Index: 0
Processing text element with label: Last Action: ${last_action} | Last Placed: [${last_placed_symbol}] at (${last_placed_at_x}, ${last_placed_at_y})
After variable substitution: Last Action: ${last_action} | Last Placed: [${last_placed_symbol}] at (${last_placed_at_x}, ${last_placed_at_y})
Processing text element with label: Space Pressed: ${last_input_was_space} at (${space_pressed_at_x}, ${space_pressed_at_y})
After variable substitution: Space Pressed: ${last_input_was_space} at (${space_pressed_at_x}, ${space_pressed_at_y})
Processing text element with label:  Emoji Palette: 
After variable substitution:  Emoji Palette: 
Sending IPC command: DISPLAY:ELEMENT_ID:emoji_palette
Received VARS response: VARS:player_x=0,player_y=0,;
Setting variable: player_x = 0
Updated existing variable player_x to 0
Setting variable: player_y = 0
Updated existing variable player_y to 0
Processing text element with label: modules/+x/canvas_player_v.01.+x
After variable substitution: modules/+x/canvas_player_v.01.+x
Setting focus to element index 11
Processing text element with label: Welcome to the Canvas Demo!
After variable substitution: Welcome to the Canvas Demo!
Sending IPC command: DISPLAY:ELEMENT_ID:game_canvas
Received VARS response: VARS:selected_palette_index=0,selected_symbol= ,;
Setting variable: selected_palette_index = 0
Updated existing variable selected_palette_index to 0
Setting variable: selected_symbol =  
Updated existing variable selected_symbol to  
Processing text element with label: Player Position: 
After variable substitution: Player Position: 
Processing text element with label: Player position: (${player_x}, ${player_y})
After variable substitution: Player position: (0, 0)
Processing text element with label: Selected Symbol: [${selected_symbol}] Index: ${selected_palette_index}
After variable substitution: Selected Symbol: [ ] Index: 0
Processing text element with label: Last Action: ${last_action} | Last Placed: [${last_placed_symbol}] at (${last_placed_at_x}, ${last_placed_at_y})
After variable substitution: Last Action: ${last_action} | Last Placed: [${last_placed_symbol}] at (${last_placed_at_x}, ${last_placed_at_y})
Processing text element with label: Space Pressed: ${last_input_was_space} at (${space_pressed_at_x}, ${space_pressed_at_y})
After variable substitution: Space Pressed: ${last_input_was_space} at (${space_pressed_at_x}, ${space_pressed_at_y})
Processing text element with label:  Emoji Palette: 
After variable substitution:  Emoji Palette: 
Sending IPC command: DISPLAY:ELEMENT_ID:emoji_palette
Received VARS response: VARS:player_x=0,player_y=0,;
Setting variable: player_x = 0
Updated existing variable player_x to 0
Setting variable: player_y = 0
Updated existing variable player_y to 0
Processing text element with label: modules/+x/canvas_player_v.01.+x
After variable substitution: modules/+x/canvas_player_v.01.+x
Processing text element with label: Welcome to the Canvas Demo!
After variable substitution: Welcome to the Canvas Demo!
Sending IPC command: DISPLAY:ELEMENT_ID:game_canvas
Received VARS response: VARS:selected_palette_index=0,selected_symbol= ,;
Setting variable: selected_palette_index = 0
Updated existing variable selected_palette_index to 0
Setting variable: selected_symbol =  
Updated existing variable selected_symbol to  
Processing text element with label: Player Position: 
After variable substitution: Player Position: 
Processing text element with label: Player position: (${player_x}, ${player_y})
After variable substitution: Player position: (0, 0)
Processing text element with label: Selected Symbol: [${selected_symbol}] Index: ${selected_palette_index}
After variable substitution: Selected Symbol: [ ] Index: 0
Processing text element with label: Last Action: ${last_action} | Last Placed: [${last_placed_symbol}] at (${last_placed_at_x}, ${last_placed_at_y})
After variable substitution: Last Action: ${last_action} | Last Placed: [${last_placed_symbol}] at (${last_placed_at_x}, ${last_placed_at_y})
Processing text element with label: Space Pressed: ${last_input_was_space} at (${space_pressed_at_x}, ${space_pressed_at_y})
After variable substitution: Space Pressed: ${last_input_was_space} at (${space_pressed_at_x}, ${space_pressed_at_y})
Processing text element with label:  Emoji Palette: 
After variable substitution:  Emoji Palette: 
Sending IPC command: DISPLAY:ELEMENT_ID:emoji_palette
Received VARS response: VARS:player_x=0,player_y=0,;
Setting variable: player_x = 0
Updated existing variable player_x to 0
Setting variable: player_y = 0
Updated existing variable player_y to 0
Processing text element with label: modules/+x/canvas_player_v.01.+x
After variable substitution: modules/+x/canvas_player_v.01.+x
Processing text element with label: Welcome to the Canvas Demo!
After variable substitution: Welcome to the Canvas Demo!
Sending IPC command: DISPLAY:ELEMENT_ID:game_canvas
Received VARS response: VARS:selected_palette_index=0,selected_symbol= ,;
Setting variable: selected_palette_index = 0
Updated existing variable selected_palette_index to 0
Setting variable: selected_symbol =  
Updated existing variable selected_symbol to  
Processing text element with label: Player Position: 
After variable substitution: Player Position: 
Processing text element with label: Player position: (${player_x}, ${player_y})
After variable substitution: Player position: (0, 0)
Processing text element with label: Selected Symbol: [${selected_symbol}] Index: ${selected_palette_index}
After variable substitution: Selected Symbol: [ ] Index: 0
Processing text element with label: Last Action: ${last_action} | Last Placed: [${last_placed_symbol}] at (${last_placed_at_x}, ${last_placed_at_y})
After variable substitution: Last Action: ${last_action} | Last Placed: [${last_placed_symbol}] at (${last_placed_at_x}, ${last_placed_at_y})
Processing text element with label: Space Pressed: ${last_input_was_space} at (${space_pressed_at_x}, ${space_pressed_at_y})
After variable substitution: Space Pressed: ${last_input_was_space} at (${space_pressed_at_x}, ${space_pressed_at_y})
Processing text element with label:  Emoji Palette: 
After variable substitution:  Emoji Palette: 
Sending IPC command: DISPLAY:ELEMENT_ID:emoji_palette
Received VARS response: VARS:player_x=0,player_y=0,;
Setting variable: player_x = 0
Updated existing variable player_x to 0
Setting variable: player_y = 0
Updated existing variable player_y to 0
Processing text element with label: modules/+x/canvas_player_v.01.+x
After variable substitution: modules/+x/canvas_player_v.01.+x
Setting focus to element index 10
Processing text element with label: Welcome to the Canvas Demo!
After variable substitution: Welcome to the Canvas Demo!
Sending IPC command: DISPLAY:ELEMENT_ID:game_canvas
Received VARS response: VARS:selected_palette_index=0,selected_symbol= ,;
Setting variable: selected_palette_index = 0
Updated existing variable selected_palette_index to 0
Setting variable: selected_symbol =  
Updated existing variable selected_symbol to  
Processing text element with label: Player Position: 
After variable substitution: Player Position: 
Processing text element with label: Player position: (${player_x}, ${player_y})
After variable substitution: Player position: (0, 0)
Processing text element with label: Selected Symbol: [${selected_symbol}] Index: ${selected_palette_index}
After variable substitution: Selected Symbol: [ ] Index: 0
Processing text element with label: Last Action: ${last_action} | Last Placed: [${last_placed_symbol}] at (${last_placed_at_x}, ${last_placed_at_y})
After variable substitution: Last Action: ${last_action} | Last Placed: [${last_placed_symbol}] at (${last_placed_at_x}, ${last_placed_at_y})
Processing text element with label: Space Pressed: ${last_input_was_space} at (${space_pressed_at_x}, ${space_pressed_at_y})
After variable substitution: Space Pressed: ${last_input_was_space} at (${space_pressed_at_x}, ${space_pressed_at_y})
Processing text element with label:  Emoji Palette: 
After variable substitution:  Emoji Palette: 
Sending IPC command: DISPLAY:ELEMENT_ID:emoji_palette
Received VARS response: VARS:player_x=0,player_y=0,;
Setting variable: player_x = 0
Updated existing variable player_x to 0
Setting variable: player_y = 0
Updated existing variable player_y to 0
Processing text element with label: modules/+x/canvas_player_v.01.+x
After variable substitution: modules/+x/canvas_player_v.01.+x
Setting focus to element index 9
Processing text element with label: Welcome to the Canvas Demo!
After variable substitution: Welcome to the Canvas Demo!
Sending IPC command: DISPLAY:ELEMENT_ID:game_canvas
Received VARS response: VARS:selected_palette_index=0,selected_symbol= ,;
Setting variable: selected_palette_index = 0
Updated existing variable selected_palette_index to 0
Setting variable: selected_symbol =  
Updated existing variable selected_symbol to  
Processing text element with label: Player Position: 
After variable substitution: Player Position: 
Processing text element with label: Player position: (${player_x}, ${player_y})
After variable substitution: Player position: (0, 0)
Processing text element with label: Selected Symbol: [${selected_symbol}] Index: ${selected_palette_index}
After variable substitution: Selected Symbol: [ ] Index: 0
Processing text element with label: Last Action: ${last_action} | Last Placed: [${last_placed_symbol}] at (${last_placed_at_x}, ${last_placed_at_y})
After variable substitution: Last Action: ${last_action} | Last Placed: [${last_placed_symbol}] at (${last_placed_at_x}, ${last_placed_at_y})
Processing text element with label: Space Pressed: ${last_input_was_space} at (${space_pressed_at_x}, ${space_pressed_at_y})
After variable substitution: Space Pressed: ${last_input_was_space} at (${space_pressed_at_x}, ${space_pressed_at_y})
Processing text element with label:  Emoji Palette: 
After variable substitution:  Emoji Palette: 
Sending IPC command: DISPLAY:ELEMENT_ID:emoji_palette
Received VARS response: VARS:player_x=0,player_y=0,;
Setting variable: player_x = 0
Updated existing variable player_x to 0
Setting variable: player_y = 0
Updated existing variable player_y to 0
Processing text element with label: modules/+x/canvas_player_v.01.+x
After variable substitution: modules/+x/canvas_player_v.01.+x
Processing text element with label: Welcome to the Canvas Demo!
After variable substitution: Welcome to the Canvas Demo!
Sending IPC command: DISPLAY:ELEMENT_ID:game_canvas
Received VARS response: VARS:selected_palette_index=0,selected_symbol= ,;
Setting variable: selected_palette_index = 0
Updated existing variable selected_palette_index to 0
Setting variable: selected_symbol =  
Updated existing variable selected_symbol to  
Processing text element with label: Player Position: 
After variable substitution: Player Position: 
Processing text element with label: Player position: (${player_x}, ${player_y})
After variable substitution: Player position: (0, 0)
Processing text element with label: Selected Symbol: [${selected_symbol}] Index: ${selected_palette_index}
After variable substitution: Selected Symbol: [ ] Index: 0
Processing text element with label: Last Action: ${last_action} | Last Placed: [${last_placed_symbol}] at (${last_placed_at_x}, ${last_placed_at_y})
After variable substitution: Last Action: ${last_action} | Last Placed: [${last_placed_symbol}] at (${last_placed_at_x}, ${last_placed_at_y})
Processing text element with label: Space Pressed: ${last_input_was_space} at (${space_pressed_at_x}, ${space_pressed_at_y})
After variable substitution: Space Pressed: ${last_input_was_space} at (${space_pressed_at_x}, ${space_pressed_at_y})
Processing text element with label:  Emoji Palette: 
After variable substitution:  Emoji Palette: 
Sending IPC command: DISPLAY:ELEMENT_ID:emoji_palette
Received VARS response: VARS:player_x=0,player_y=0,;
Setting variable: player_x = 0
Updated existing variable player_x to 0
Setting variable: player_y = 0
Updated existing variable player_y to 0
Processing text element with label: modules/+x/canvas_player_v.01.+x
After variable substitution: modules/+x/canvas_player_v.01.+x
Switching to file: chtm/page2.chtm
Cleaning up existing IPC before switching
Module path after parsing: (none)
No module found for this file
Setting focus to element index 1
Processing text element with label: This is Page 2.
After variable substitution: This is Page 2.
Processing text element with label: This is Page 2.
After variable substitution: This is Page 2.
Switching to file: chtm/index.chtm
No active IPC to clean up
Module path after parsing: modules/+x/canvas_player_v.01.+x
Launching module: modules/+x/canvas_player_v.01.+x
Module launched successfully, PID: 32355
Sending size command: SIZE:8,8
Sending IPC command: SIZE:8,8
Setting focus to element index 1
In child process, executing module: modules/+x/canvas_player_v.01.+x
Processing text element with label: Welcome to the Canvas Demo!
After variable substitution: Welcome to the Canvas Demo!
Sending IPC command: DISPLAY:ELEMENT_ID:game_canvas
Skipping non-canvas response: Canvas initialized with size 8x8. Player at (0,0)
Received VARS response: VARS:player_x=0,player_y=0,selected_palette_index=0,selected_symbol= ,;
Setting variable: player_x = 0
Created new variable player_x with value 0
Setting variable: player_y = 0
Created new variable player_y with value 0
Setting variable: selected_palette_index = 0
Created new variable selected_palette_index with value 0
Setting variable: selected_symbol =  
Created new variable selected_symbol with value  
Skipping non-canvas response: Canvas resized to 8x8
Processing text element with label: Player Position: 
After variable substitution: Player Position: 
Processing text element with label: Player position: (${player_x}, ${player_y})
After variable substitution: Player position: (0, 0)
Processing text element with label: Selected Symbol: [${selected_symbol}] Index: ${selected_palette_index}
After variable substitution: Selected Symbol: [ ] Index: 0
Processing text element with label: Last Action: ${last_action} | Last Placed: [${last_placed_symbol}] at (${last_placed_at_x}, ${last_placed_at_y})
After variable substitution: Last Action: ${last_action} | Last Placed: [${last_placed_symbol}] at (${last_placed_at_x}, ${last_placed_at_y})
Processing text element with label: Space Pressed: ${last_input_was_space} at (${space_pressed_at_x}, ${space_pressed_at_y})
After variable substitution: Space Pressed: ${last_input_was_space} at (${space_pressed_at_x}, ${space_pressed_at_y})
Processing text element with label:  Emoji Palette: 
After variable substitution:  Emoji Palette: 
Sending IPC command: DISPLAY:ELEMENT_ID:emoji_palette
Received VARS response: VARS:player_x=0,player_y=0,;
Setting variable: player_x = 0
Updated existing variable player_x to 0
Setting variable: player_y = 0
Updated existing variable player_y to 0
Processing text element with label: modules/+x/canvas_player_v.01.+x
After variable substitution: modules/+x/canvas_player_v.01.+x
Setting focus to element index 8
Processing text element with label: Welcome to the Canvas Demo!
After variable substitution: Welcome to the Canvas Demo!
Sending IPC command: DISPLAY:ELEMENT_ID:game_canvas
Received VARS response: VARS:selected_palette_index=0,selected_symbol= ,;
Setting variable: selected_palette_index = 0
Updated existing variable selected_palette_index to 0
Setting variable: selected_symbol =  
Updated existing variable selected_symbol to  
Processing text element with label: Player Position: 
After variable substitution: Player Position: 
Processing text element with label: Player position: (${player_x}, ${player_y})
After variable substitution: Player position: (0, 0)
Processing text element with label: Selected Symbol: [${selected_symbol}] Index: ${selected_palette_index}
After variable substitution: Selected Symbol: [ ] Index: 0
Processing text element with label: Last Action: ${last_action} | Last Placed: [${last_placed_symbol}] at (${last_placed_at_x}, ${last_placed_at_y})
After variable substitution: Last Action: ${last_action} | Last Placed: [${last_placed_symbol}] at (${last_placed_at_x}, ${last_placed_at_y})
Processing text element with label: Space Pressed: ${last_input_was_space} at (${space_pressed_at_x}, ${space_pressed_at_y})
After variable substitution: Space Pressed: ${last_input_was_space} at (${space_pressed_at_x}, ${space_pressed_at_y})
Processing text element with label:  Emoji Palette: 
After variable substitution:  Emoji Palette: 
Sending IPC command: DISPLAY:ELEMENT_ID:emoji_palette
Received VARS response: VARS:player_x=0,player_y=0,;
Setting variable: player_x = 0
Updated existing variable player_x to 0
Setting variable: player_y = 0
Updated existing variable player_y to 0
Processing text element with label: modules/+x/canvas_player_v.01.+x
After variable substitution: modules/+x/canvas_player_v.01.+x
Setting focus to element index 9
Processing text element with label: Welcome to the Canvas Demo!
After variable substitution: Welcome to the Canvas Demo!
Sending IPC command: DISPLAY:ELEMENT_ID:game_canvas
Received VARS response: VARS:selected_palette_index=0,selected_symbol= ,;
Setting variable: selected_palette_index = 0
Updated existing variable selected_palette_index to 0
Setting variable: selected_symbol =  
Updated existing variable selected_symbol to  
Processing text element with label: Player Position: 
After variable substitution: Player Position: 
Processing text element with label: Player position: (${player_x}, ${player_y})
After variable substitution: Player position: (0, 0)
Processing text element with label: Selected Symbol: [${selected_symbol}] Index: ${selected_palette_index}
After variable substitution: Selected Symbol: [ ] Index: 0
Processing text element with label: Last Action: ${last_action} | Last Placed: [${last_placed_symbol}] at (${last_placed_at_x}, ${last_placed_at_y})
After variable substitution: Last Action: ${last_action} | Last Placed: [${last_placed_symbol}] at (${last_placed_at_x}, ${last_placed_at_y})
Processing text element with label: Space Pressed: ${last_input_was_space} at (${space_pressed_at_x}, ${space_pressed_at_y})
After variable substitution: Space Pressed: ${last_input_was_space} at (${space_pressed_at_x}, ${space_pressed_at_y})
Processing text element with label:  Emoji Palette: 
After variable substitution:  Emoji Palette: 
Sending IPC command: DISPLAY:ELEMENT_ID:emoji_palette
Received VARS response: VARS:player_x=0,player_y=0,;
Setting variable: player_x = 0
Updated existing variable player_x to 0
Setting variable: player_y = 0
Updated existing variable player_y to 0
Processing text element with label: modules/+x/canvas_player_v.01.+x
After variable substitution: modules/+x/canvas_player_v.01.+x
Setting focus to element index 10
Processing text element with label: Welcome to the Canvas Demo!
After variable substitution: Welcome to the Canvas Demo!
Sending IPC command: DISPLAY:ELEMENT_ID:game_canvas
Received VARS response: VARS:selected_palette_index=0,selected_symbol= ,;
Setting variable: selected_palette_index = 0
Updated existing variable selected_palette_index to 0
Setting variable: selected_symbol =  
Updated existing variable selected_symbol to  
Processing text element with label: Player Position: 
After variable substitution: Player Position: 
Processing text element with label: Player position: (${player_x}, ${player_y})
After variable substitution: Player position: (0, 0)
Processing text element with label: Selected Symbol: [${selected_symbol}] Index: ${selected_palette_index}
After variable substitution: Selected Symbol: [ ] Index: 0
Processing text element with label: Last Action: ${last_action} | Last Placed: [${last_placed_symbol}] at (${last_placed_at_x}, ${last_placed_at_y})
After variable substitution: Last Action: ${last_action} | Last Placed: [${last_placed_symbol}] at (${last_placed_at_x}, ${last_placed_at_y})
Processing text element with label: Space Pressed: ${last_input_was_space} at (${space_pressed_at_x}, ${space_pressed_at_y})
After variable substitution: Space Pressed: ${last_input_was_space} at (${space_pressed_at_x}, ${space_pressed_at_y})
Processing text element with label:  Emoji Palette: 
After variable substitution:  Emoji Palette: 
Sending IPC command: DISPLAY:ELEMENT_ID:emoji_palette
Received VARS response: VARS:player_x=0,player_y=0,;
Setting variable: player_x = 0
Updated existing variable player_x to 0
Setting variable: player_y = 0
Updated existing variable player_y to 0
Processing text element with label: modules/+x/canvas_player_v.01.+x
After variable substitution: modules/+x/canvas_player_v.01.+x
Setting focus to element index 11
Processing text element with label: Welcome to the Canvas Demo!
After variable substitution: Welcome to the Canvas Demo!
Sending IPC command: DISPLAY:ELEMENT_ID:game_canvas
Received VARS response: VARS:selected_palette_index=0,selected_symbol= ,;
Setting variable: selected_palette_index = 0
Updated existing variable selected_palette_index to 0
Setting variable: selected_symbol =  
Updated existing variable selected_symbol to  
Processing text element with label: Player Position: 
After variable substitution: Player Position: 
Processing text element with label: Player position: (${player_x}, ${player_y})
After variable substitution: Player position: (0, 0)
Processing text element with label: Selected Symbol: [${selected_symbol}] Index: ${selected_palette_index}
After variable substitution: Selected Symbol: [ ] Index: 0
Processing text element with label: Last Action: ${last_action} | Last Placed: [${last_placed_symbol}] at (${last_placed_at_x}, ${last_placed_at_y})
After variable substitution: Last Action: ${last_action} | Last Placed: [${last_placed_symbol}] at (${last_placed_at_x}, ${last_placed_at_y})
Processing text element with label: Space Pressed: ${last_input_was_space} at (${space_pressed_at_x}, ${space_pressed_at_y})
After variable substitution: Space Pressed: ${last_input_was_space} at (${space_pressed_at_x}, ${space_pressed_at_y})
Processing text element with label:  Emoji Palette: 
After variable substitution:  Emoji Palette: 
Sending IPC command: DISPLAY:ELEMENT_ID:emoji_palette
Received VARS response: VARS:player_x=0,player_y=0,;
Setting variable: player_x = 0
Updated existing variable player_x to 0
Setting variable: player_y = 0
Updated existing variable player_y to 0
Processing text element with label: modules/+x/canvas_player_v.01.+x
After variable substitution: modules/+x/canvas_player_v.01.+x
Processing text element with label: Welcome to the Canvas Demo!
After variable substitution: Welcome to the Canvas Demo!
Sending IPC command: DISPLAY:ELEMENT_ID:game_canvas
Received VARS response: VARS:selected_palette_index=0,selected_symbol= ,;
Setting variable: selected_palette_index = 0
Updated existing variable selected_palette_index to 0
Setting variable: selected_symbol =  
Updated existing variable selected_symbol to  
Processing text element with label: Player Position: 
After variable substitution: Player Position: 
Processing text element with label: Player position: (${player_x}, ${player_y})
After variable substitution: Player position: (0, 0)
Processing text element with label: Selected Symbol: [${selected_symbol}] Index: ${selected_palette_index}
After variable substitution: Selected Symbol: [ ] Index: 0
Processing text element with label: Last Action: ${last_action} | Last Placed: [${last_placed_symbol}] at (${last_placed_at_x}, ${last_placed_at_y})
After variable substitution: Last Action: ${last_action} | Last Placed: [${last_placed_symbol}] at (${last_placed_at_x}, ${last_placed_at_y})
Processing text element with label: Space Pressed: ${last_input_was_space} at (${space_pressed_at_x}, ${space_pressed_at_y})
After variable substitution: Space Pressed: ${last_input_was_space} at (${space_pressed_at_x}, ${space_pressed_at_y})
Processing text element with label:  Emoji Palette: 
After variable substitution:  Emoji Palette: 
Sending IPC command: DISPLAY:ELEMENT_ID:emoji_palette
Received VARS response: VARS:player_x=0,player_y=0,;
Setting variable: player_x = 0
Updated existing variable player_x to 0
Setting variable: player_y = 0
Updated existing variable player_y to 0
Processing text element with label: modules/+x/canvas_player_v.01.+x
After variable substitution: modules/+x/canvas_player_v.01.+x
