2025-12-27 03:56:03: php/get_gamestate.php: Response array before JSON encoding: Array
(
    [current_player_index] => 0
    [players] => Array
        (
            [0] => Player1
        )

    [last_tick_time] => 1766836151
    [ticker_speed] => sec
    [year] => 2025
    [month] => 12
    [day] => 27
    [hour] => 0
    [minute] => 0
    [second] => 0
)

2025-12-27 03:56:04: php/get_gamestate.php: Response array before JSON encoding: Array
(
    [current_player_index] => 0
    [players] => Array
        (
            [0] => Player1
        )

    [last_tick_time] => 1766836151
    [ticker_speed] => sec
    [year] => 2025
    [month] => 12
    [day] => 27
    [hour] => 0
    [minute] => 0
    [second] => 0
)

2025-12-27 03:56:05: php/get_gamestate.php: Response array before JSON encoding: Array
(
    [current_player_index] => 0
    [players] => Array
        (
            [0] => Player1
        )

    [last_tick_time] => 1766836151
    [ticker_speed] => sec
    [year] => 2025
    [month] => 12
    [day] => 27
    [hour] => 0
    [minute] => 0
    [second] => 0
)

2025-12-27 03:56:06: php/get_gamestate.php: Response array before JSON encoding: Array
(
    [current_player_index] => 0
    [players] => Array
        (
            [0] => Player1
        )

    [last_tick_time] => 1766836151
    [ticker_speed] => sec
    [year] => 2025
    [month] => 12
    [day] => 27
    [hour] => 0
    [minute] => 0
    [second] => 0
)

2025-12-27 03:56:07: php/get_gamestate.php: Response array before JSON encoding: Array
(
    [current_player_index] => 0
    [players] => Array
        (
            [0] => Player1
        )

    [last_tick_time] => 1766836151
    [ticker_speed] => sec
    [year] => 2025
    [month] => 12
    [day] => 27
    [hour] => 0
    [minute] => 0
    [second] => 0
)

2025-12-27 03:56:08: php/get_gamestate.php: Response array before JSON encoding: Array
(
    [current_player_index] => 0
    [players] => Array
        (
            [0] => Player1
        )

    [last_tick_time] => 1766836151
    [ticker_speed] => sec
    [year] => 2025
    [month] => 12
    [day] => 27
    [hour] => 0
    [minute] => 0
    [second] => 0
)

2025-12-27 03:56:09: php/get_gamestate.php: Response array before JSON encoding: Array
(
    [current_player_index] => 0
    [players] => Array
        (
            [0] => Player1
        )

    [last_tick_time] => 1766836151
    [ticker_speed] => sec
    [year] => 2025
    [month] => 12
    [day] => 27
    [hour] => 0
    [minute] => 0
    [second] => 0
)

2025-12-27 03:56:10: php/get_gamestate.php: Response array before JSON encoding: Array
(
    [current_player_index] => 0
    [players] => Array
        (
            [0] => Player1
        )

    [last_tick_time] => 1766836151
    [ticker_speed] => sec
    [year] => 2025
    [month] => 12
    [day] => 27
    [hour] => 0
    [minute] => 0
    [second] => 0
)

2025-12-27 03:56:11: php/get_gamestate.php: Response array before JSON encoding: Array
(
    [current_player_index] => 0
    [players] => Array
        (
            [0] => Player1
        )

    [last_tick_time] => 1766836151
    [ticker_speed] => sec
    [year] => 2025
    [month] => 12
    [day] => 27
    [hour] => 0
    [minute] => 0
    [second] => 0
)

2025-12-27 03:56:12: php/get_gamestate.php: Response array before JSON encoding: Array
(
    [current_player_index] => 0
    [players] => Array
        (
            [0] => Player1
        )

    [last_tick_time] => 1766836151
    [ticker_speed] => sec
    [year] => 2025
    [month] => 12
    [day] => 27
    [hour] => 0
    [minute] => 0
    [second] => 0
)

2025-12-27 03:56:13: php/get_gamestate.php: Response array before JSON encoding: Array
(
    [current_player_index] => 0
    [players] => Array
        (
            [0] => Player1
        )

    [last_tick_time] => 1766836151
    [ticker_speed] => sec
    [year] => 2025
    [month] => 12
    [day] => 27
    [hour] => 0
    [minute] => 0
    [second] => 0
)

2025-12-27 03:56:14: php/get_gamestate.php: Response array before JSON encoding: Array
(
    [current_player_index] => 0
    [players] => Array
        (
            [0] => Player1
        )

    [last_tick_time] => 1766836151
    [ticker_speed] => sec
    [year] => 2025
    [month] => 12
    [day] => 27
    [hour] => 0
    [minute] => 0
    [second] => 0
)

2025-12-27 03:56:15: php/get_gamestate.php: Response array before JSON encoding: Array
(
    [current_player_index] => 0
    [players] => Array
        (
            [0] => Player1
        )

    [last_tick_time] => 1766836151
    [ticker_speed] => sec
    [year] => 2025
    [month] => 12
    [day] => 27
    [hour] => 0
    [minute] => 0
    [second] => 0
)

2025-12-27 03:56:16: php/get_gamestate.php: Response array before JSON encoding: Array
(
    [current_player_index] => 0
    [players] => Array
        (
            [0] => Player1
        )

    [last_tick_time] => 1766836151
    [ticker_speed] => sec
    [year] => 2025
    [month] => 12
    [day] => 27
    [hour] => 0
    [minute] => 0
    [second] => 0
)

2025-12-27 03:56:17: php/get_gamestate.php: Response array before JSON encoding: Array
(
    [current_player_index] => 0
    [players] => Array
        (
            [0] => Player1
        )

    [last_tick_time] => 1766836151
    [ticker_speed] => sec
    [year] => 2025
    [month] => 12
    [day] => 27
    [hour] => 0
    [minute] => 0
    [second] => 0
)

2025-12-27 03:56:18: php/get_gamestate.php: Response array before JSON encoding: Array
(
    [current_player_index] => 0
    [players] => Array
        (
            [0] => Player1
        )

    [last_tick_time] => 1766836151
    [ticker_speed] => sec
    [year] => 2025
    [month] => 12
    [day] => 27
    [hour] => 0
    [minute] => 0
    [second] => 0
)

2025-12-27 03:56:19: php/get_gamestate.php: Response array before JSON encoding: Array
(
    [current_player_index] => 0
    [players] => Array
        (
            [0] => Player1
        )

    [last_tick_time] => 1766836151
    [ticker_speed] => sec
    [year] => 2025
    [month] => 12
    [day] => 27
    [hour] => 0
    [minute] => 0
    [second] => 0
)

2025-12-27 03:56:20: php/get_gamestate.php: Response array before JSON encoding: Array
(
    [current_player_index] => 0
    [players] => Array
        (
            [0] => Player1
        )

    [last_tick_time] => 1766836151
    [ticker_speed] => sec
    [year] => 2025
    [month] => 12
    [day] => 27
    [hour] => 0
    [minute] => 0
    [second] => 0
)

2025-12-27 03:56:21: php/get_gamestate.php: Response array before JSON encoding: Array
(
    [current_player_index] => 0
    [players] => Array
        (
            [0] => Player1
        )

    [last_tick_time] => 1766836151
    [ticker_speed] => sec
    [year] => 2025
    [month] => 12
    [day] => 27
    [hour] => 0
    [minute] => 0
    [second] => 0
)

2025-12-27 04:29:02: php/get_gamestate.php: Response array before JSON encoding: Array
(
    [current_player_index] => 0
    [players] => Array
        (
            [0] => Player1
        )

    [last_tick_time] => 1766836151
    [ticker_speed] => sec
    [year] => 2025
    [month] => 12
    [day] => 27
    [hour] => 0
    [minute] => 0
    [second] => 0
)

2025-12-27 04:29:03: php/get_gamestate.php: Response array before JSON encoding: Array
(
    [current_player_index] => 0
    [players] => Array
        (
            [0] => Player1
        )

    [last_tick_time] => 1766836151
    [ticker_speed] => sec
    [year] => 2025
    [month] => 12
    [day] => 27
    [hour] => 0
    [minute] => 0
    [second] => 0
)

2025-12-27 04:29:04: php/get_gamestate.php: Response array before JSON encoding: Array
(
    [current_player_index] => 0
    [players] => Array
        (
            [0] => Player1
        )

    [last_tick_time] => 1766836151
    [ticker_speed] => sec
    [year] => 2025
    [month] => 12
    [day] => 27
    [hour] => 0
    [minute] => 0
    [second] => 0
)

2025-12-27 04:29:05: php/get_gamestate.php: Response array before JSON encoding: Array
(
    [current_player_index] => 0
    [players] => Array
        (
            [0] => Player1
        )

    [last_tick_time] => 1766836151
    [ticker_speed] => sec
    [year] => 2025
    [month] => 12
    [day] => 27
    [hour] => 0
    [minute] => 0
    [second] => 0
)

2025-12-27 04:29:06: php/get_gamestate.php: Response array before JSON encoding: Array
(
    [current_player_index] => 0
    [players] => Array
        (
            [0] => Player1
        )

    [last_tick_time] => 1766836151
    [ticker_speed] => sec
    [year] => 2025
    [month] => 12
    [day] => 27
    [hour] => 0
    [minute] => 0
    [second] => 0
)

2025-12-27 04:29:07: php/get_gamestate.php: Response array before JSON encoding: Array
(
    [current_player_index] => 0
    [players] => Array
        (
            [0] => Player1
        )

    [last_tick_time] => 1766836151
    [ticker_speed] => sec
    [year] => 2025
    [month] => 12
    [day] => 27
    [hour] => 0
    [minute] => 0
    [second] => 0
)

2025-12-27 04:29:08: php/get_gamestate.php: Response array before JSON encoding: Array
(
    [current_player_index] => 0
    [players] => Array
        (
            [0] => Player1
        )

    [last_tick_time] => 1766836151
    [ticker_speed] => sec
    [year] => 2025
    [month] => 12
    [day] => 27
    [hour] => 0
    [minute] => 0
    [second] => 0
)

2025-12-27 04:29:09: php/get_gamestate.php: Response array before JSON encoding: Array
(
    [current_player_index] => 0
    [players] => Array
        (
            [0] => Player1
        )

    [last_tick_time] => 1766836151
    [ticker_speed] => sec
    [year] => 2025
    [month] => 12
    [day] => 27
    [hour] => 0
    [minute] => 0
    [second] => 0
)

2025-12-27 04:29:10: php/get_gamestate.php: Response array before JSON encoding: Array
(
    [current_player_index] => 0
    [players] => Array
        (
            [0] => Player1
        )

    [last_tick_time] => 1766836151
    [ticker_speed] => sec
    [year] => 2025
    [month] => 12
    [day] => 27
    [hour] => 0
    [minute] => 0
    [second] => 0
)

2025-12-27 04:29:11: php/get_gamestate.php: Response array before JSON encoding: Array
(
    [current_player_index] => 0
    [players] => Array
        (
            [0] => Player1
        )

    [last_tick_time] => 1766836151
    [ticker_speed] => sec
    [year] => 2025
    [month] => 12
    [day] => 27
    [hour] => 0
    [minute] => 0
    [second] => 0
)

2025-12-27 04:29:12: php/get_gamestate.php: Response array before JSON encoding: Array
(
    [current_player_index] => 0
    [players] => Array
        (
            [0] => Player1
        )

    [last_tick_time] => 1766836151
    [ticker_speed] => sec
    [year] => 2025
    [month] => 12
    [day] => 27
    [hour] => 0
    [minute] => 0
    [second] => 0
)

2025-12-27 04:29:13: php/get_gamestate.php: Response array before JSON encoding: Array
(
    [current_player_index] => 0
    [players] => Array
        (
            [0] => Player1
        )

    [last_tick_time] => 1766836151
    [ticker_speed] => sec
    [year] => 2025
    [month] => 12
    [day] => 27
    [hour] => 0
    [minute] => 0
    [second] => 0
)

2025-12-27 04:29:14: php/get_gamestate.php: Response array before JSON encoding: Array
(
    [current_player_index] => 0
    [players] => Array
        (
            [0] => Player1
        )

    [last_tick_time] => 1766836151
    [ticker_speed] => sec
    [year] => 2025
    [month] => 12
    [day] => 27
    [hour] => 0
    [minute] => 0
    [second] => 0
)

2025-12-27 04:29:15: php/get_gamestate.php: Response array before JSON encoding: Array
(
    [current_player_index] => 0
    [players] => Array
        (
            [0] => Player1
        )

    [last_tick_time] => 1766836151
    [ticker_speed] => sec
    [year] => 2025
    [month] => 12
    [day] => 27
    [hour] => 0
    [minute] => 0
    [second] => 0
)

2025-12-27 04:29:16: php/get_gamestate.php: Response array before JSON encoding: Array
(
    [current_player_index] => 0
    [players] => Array
        (
            [0] => Player1
        )

    [last_tick_time] => 1766836151
    [ticker_speed] => sec
    [year] => 2025
    [month] => 12
    [day] => 27
    [hour] => 0
    [minute] => 0
    [second] => 0
)

2025-12-27 04:29:17: php/get_gamestate.php: Response array before JSON encoding: Array
(
    [current_player_index] => 0
    [players] => Array
        (
            [0] => Player1
        )

    [last_tick_time] => 1766836151
    [ticker_speed] => sec
    [year] => 2025
    [month] => 12
    [day] => 27
    [hour] => 0
    [minute] => 0
    [second] => 0
)

2025-12-27 04:29:18: php/get_gamestate.php: Response array before JSON encoding: Array
(
    [current_player_index] => 0
    [players] => Array
        (
            [0] => Player1
        )

    [last_tick_time] => 1766836151
    [ticker_speed] => sec
    [year] => 2025
    [month] => 12
    [day] => 27
    [hour] => 0
    [minute] => 0
    [second] => 0
)

2025-12-27 04:29:19: php/get_gamestate.php: Response array before JSON encoding: Array
(
    [current_player_index] => 0
    [players] => Array
        (
            [0] => Player1
        )

    [last_tick_time] => 1766836151
    [ticker_speed] => sec
    [year] => 2025
    [month] => 12
    [day] => 27
    [hour] => 0
    [minute] => 0
    [second] => 0
)

2025-12-27 04:29:20: php/get_gamestate.php: Response array before JSON encoding: Array
(
    [current_player_index] => 0
    [players] => Array
        (
            [0] => Player1
        )

    [last_tick_time] => 1766836151
    [ticker_speed] => sec
    [year] => 2025
    [month] => 12
    [day] => 27
    [hour] => 0
    [minute] => 0
    [second] => 0
)

2025-12-27 04:29:21: php/get_gamestate.php: Response array before JSON encoding: Array
(
    [current_player_index] => 0
    [players] => Array
        (
            [0] => Player1
        )

    [last_tick_time] => 1766836151
    [ticker_speed] => sec
    [year] => 2025
    [month] => 12
    [day] => 27
    [hour] => 0
    [minute] => 0
    [second] => 0
)

2025-12-27 04:29:43: php/get_gamestate.php: Response array before JSON encoding: Array
(
    [current_player_index] => 0
    [players] => Array
        (
            [0] => Player1
        )

    [last_tick_time] => 1766836151
    [ticker_speed] => sec
    [year] => 2025
    [month] => 12
    [day] => 27
    [hour] => 0
    [minute] => 0
    [second] => 0
)

2025-12-27 04:29:44: php/get_gamestate.php: Response array before JSON encoding: Array
(
    [current_player_index] => 0
    [players] => Array
        (
            [0] => Player1
        )

    [last_tick_time] => 1766836151
    [ticker_speed] => sec
    [year] => 2025
    [month] => 12
    [day] => 27
    [hour] => 0
    [minute] => 0
    [second] => 0
)

2025-12-27 04:29:45: php/get_gamestate.php: Response array before JSON encoding: Array
(
    [current_player_index] => 0
    [players] => Array
        (
            [0] => Player1
        )

    [last_tick_time] => 1766836151
    [ticker_speed] => sec
    [year] => 2025
    [month] => 12
    [day] => 27
    [hour] => 0
    [minute] => 0
    [second] => 0
)

2025-12-27 04:29:46: php/get_gamestate.php: Response array before JSON encoding: Array
(
    [current_player_index] => 0
    [players] => Array
        (
            [0] => Player1
        )

    [last_tick_time] => 1766836151
    [ticker_speed] => sec
    [year] => 2025
    [month] => 12
    [day] => 27
    [hour] => 0
    [minute] => 0
    [second] => 0
)

2025-12-27 04:29:47: php/get_gamestate.php: Response array before JSON encoding: Array
(
    [current_player_index] => 0
    [players] => Array
        (
            [0] => Player1
        )

    [last_tick_time] => 1766836151
    [ticker_speed] => sec
    [year] => 2025
    [month] => 12
    [day] => 27
    [hour] => 0
    [minute] => 0
    [second] => 0
)

2025-12-27 04:29:48: php/get_gamestate.php: Response array before JSON encoding: Array
(
    [current_player_index] => 0
    [players] => Array
        (
            [0] => Player1
        )

    [last_tick_time] => 1766836151
    [ticker_speed] => sec
    [year] => 2025
    [month] => 12
    [day] => 27
    [hour] => 0
    [minute] => 0
    [second] => 0
)

2025-12-27 04:29:49: php/get_gamestate.php: Response array before JSON encoding: Array
(
    [current_player_index] => 0
    [players] => Array
        (
            [0] => Player1
        )

    [last_tick_time] => 1766836151
    [ticker_speed] => sec
    [year] => 2025
    [month] => 12
    [day] => 27
    [hour] => 0
    [minute] => 0
    [second] => 0
)

2025-12-27 04:29:50: php/get_gamestate.php: Response array before JSON encoding: Array
(
    [current_player_index] => 0
    [players] => Array
        (
            [0] => Player1
        )

    [last_tick_time] => 1766836151
    [ticker_speed] => sec
    [year] => 2025
    [month] => 12
    [day] => 27
    [hour] => 0
    [minute] => 0
    [second] => 0
)

2025-12-27 04:29:50: php/get_gamestate.php: Response array before JSON encoding: Array
(
    [current_player_index] => 0
    [players] => Array
        (
            [0] => Player1
        )

    [last_tick_time] => 1766836151
    [ticker_speed] => sec
    [year] => 2025
    [month] => 12
    [day] => 27
    [hour] => 0
    [minute] => 0
    [second] => 0
)

2025-12-27 04:29:51: php/get_gamestate.php: Response array before JSON encoding: Array
(
    [current_player_index] => 0
    [players] => Array
        (
            [0] => Player1
        )

    [last_tick_time] => 1766836151
    [ticker_speed] => sec
    [year] => 2025
    [month] => 12
    [day] => 27
    [hour] => 0
    [minute] => 0
    [second] => 0
)

2025-12-27 04:29:52: php/get_gamestate.php: Response array before JSON encoding: Array
(
    [current_player_index] => 0
    [players] => Array
        (
            [0] => Player1
        )

    [last_tick_time] => 1766836151
    [ticker_speed] => sec
    [year] => 2025
    [month] => 12
    [day] => 27
    [hour] => 0
    [minute] => 0
    [second] => 0
)

2025-12-27 04:29:53: php/get_gamestate.php: Response array before JSON encoding: Array
(
    [current_player_index] => 0
    [players] => Array
        (
            [0] => Player1
        )

    [last_tick_time] => 1766836151
    [ticker_speed] => sec
    [year] => 2025
    [month] => 12
    [day] => 27
    [hour] => 0
    [minute] => 0
    [second] => 0
)

2025-12-27 04:29:54: php/get_gamestate.php: Response array before JSON encoding: Array
(
    [current_player_index] => 0
    [players] => Array
        (
            [0] => Player1
        )

    [last_tick_time] => 1766836151
    [ticker_speed] => sec
    [year] => 2025
    [month] => 12
    [day] => 27
    [hour] => 0
    [minute] => 0
    [second] => 0
)

2025-12-27 04:29:55: php/get_gamestate.php: Response array before JSON encoding: Array
(
    [current_player_index] => 0
    [players] => Array
        (
            [0] => Player1
        )

    [last_tick_time] => 1766836151
    [ticker_speed] => sec
    [year] => 2025
    [month] => 12
    [day] => 27
    [hour] => 0
    [minute] => 0
    [second] => 0
)

2025-12-27 04:29:56: php/get_gamestate.php: Response array before JSON encoding: Array
(
    [current_player_index] => 0
    [players] => Array
        (
            [0] => Player1
        )

    [last_tick_time] => 1766836151
    [ticker_speed] => sec
    [year] => 2025
    [month] => 12
    [day] => 27
    [hour] => 0
    [minute] => 0
    [second] => 0
)

2025-12-27 04:29:57: php/get_gamestate.php: Response array before JSON encoding: Array
(
    [current_player_index] => 0
    [players] => Array
        (
            [0] => Player1
        )

    [last_tick_time] => 1766836151
    [ticker_speed] => sec
    [year] => 2025
    [month] => 12
    [day] => 27
    [hour] => 0
    [minute] => 0
    [second] => 0
)

2025-12-27 04:29:58: php/get_gamestate.php: Response array before JSON encoding: Array
(
    [current_player_index] => 0
    [players] => Array
        (
            [0] => Player1
        )

    [last_tick_time] => 1766836151
    [ticker_speed] => sec
    [year] => 2025
    [month] => 12
    [day] => 27
    [hour] => 0
    [minute] => 0
    [second] => 0
)

2025-12-27 04:29:59: php/get_gamestate.php: Response array before JSON encoding: Array
(
    [current_player_index] => 0
    [players] => Array
        (
            [0] => Player1
        )

    [last_tick_time] => 1766836151
    [ticker_speed] => sec
    [year] => 2025
    [month] => 12
    [day] => 27
    [hour] => 0
    [minute] => 0
    [second] => 0
)

2025-12-27 04:30:00: php/get_gamestate.php: Response array before JSON encoding: Array
(
    [current_player_index] => 0
    [players] => Array
        (
            [0] => Player1
        )

    [last_tick_time] => 1766836151
    [ticker_speed] => sec
    [year] => 2025
    [month] => 12
    [day] => 27
    [hour] => 0
    [minute] => 0
    [second] => 0
)

2025-12-27 04:30:01: php/get_gamestate.php: Response array before JSON encoding: Array
(
    [current_player_index] => 0
    [players] => Array
        (
            [0] => Player1
        )

    [last_tick_time] => 1766836151
    [ticker_speed] => sec
    [year] => 2025
    [month] => 12
    [day] => 27
    [hour] => 0
    [minute] => 0
    [second] => 0
)

2025-12-27 04:33:17: php/get_gamestate.php: Response array before JSON encoding: Array
(
    [current_player_index] => 0
    [players] => Array
        (
            [0] => Player1
        )

    [last_tick_time] => 1766836151
    [ticker_speed] => sec
    [year] => 2025
    [month] => 12
    [day] => 27
    [hour] => 0
    [minute] => 0
    [second] => 0
)

2025-12-27 04:33:18: php/get_gamestate.php: Response array before JSON encoding: Array
(
    [current_player_index] => 0
    [players] => Array
        (
            [0] => Player1
        )

    [last_tick_time] => 1766836151
    [ticker_speed] => sec
    [year] => 2025
    [month] => 12
    [day] => 27
    [hour] => 0
    [minute] => 0
    [second] => 0
)

2025-12-27 04:33:19: php/get_gamestate.php: Response array before JSON encoding: Array
(
    [current_player_index] => 0
    [players] => Array
        (
            [0] => Player1
        )

    [last_tick_time] => 1766836151
    [ticker_speed] => sec
    [year] => 2025
    [month] => 12
    [day] => 27
    [hour] => 0
    [minute] => 0
    [second] => 0
)

2025-12-27 04:33:20: php/get_gamestate.php: Response array before JSON encoding: Array
(
    [current_player_index] => 0
    [players] => Array
        (
            [0] => Player1
        )

    [last_tick_time] => 1766836151
    [ticker_speed] => sec
    [year] => 2025
    [month] => 12
    [day] => 27
    [hour] => 0
    [minute] => 0
    [second] => 0
)

2025-12-27 04:33:21: php/get_gamestate.php: Response array before JSON encoding: Array
(
    [current_player_index] => 0
    [players] => Array
        (
            [0] => Player1
        )

    [last_tick_time] => 1766836151
    [ticker_speed] => sec
    [year] => 2025
    [month] => 12
    [day] => 27
    [hour] => 0
    [minute] => 0
    [second] => 0
)

2025-12-27 04:33:22: php/get_gamestate.php: Response array before JSON encoding: Array
(
    [current_player_index] => 0
    [players] => Array
        (
            [0] => Player1
        )

    [last_tick_time] => 1766836151
    [ticker_speed] => sec
    [year] => 2025
    [month] => 12
    [day] => 27
    [hour] => 0
    [minute] => 0
    [second] => 0
)

2025-12-27 04:33:23: php/get_gamestate.php: Response array before JSON encoding: Array
(
    [current_player_index] => 0
    [players] => Array
        (
            [0] => Player1
        )

    [last_tick_time] => 1766836151
    [ticker_speed] => sec
    [year] => 2025
    [month] => 12
    [day] => 27
    [hour] => 0
    [minute] => 0
    [second] => 0
)

2025-12-27 04:33:24: php/get_gamestate.php: Response array before JSON encoding: Array
(
    [current_player_index] => 0
    [players] => Array
        (
            [0] => Player1
        )

    [last_tick_time] => 1766836151
    [ticker_speed] => sec
    [year] => 2025
    [month] => 12
    [day] => 27
    [hour] => 0
    [minute] => 0
    [second] => 0
)

2025-12-27 04:33:25: php/get_gamestate.php: Response array before JSON encoding: Array
(
    [current_player_index] => 0
    [players] => Array
        (
            [0] => Player1
        )

    [last_tick_time] => 1766836151
    [ticker_speed] => sec
    [year] => 2025
    [month] => 12
    [day] => 27
    [hour] => 0
    [minute] => 0
    [second] => 0
)

2025-12-27 04:33:26: php/get_gamestate.php: Response array before JSON encoding: Array
(
    [current_player_index] => 0
    [players] => Array
        (
            [0] => Player1
        )

    [last_tick_time] => 1766836151
    [ticker_speed] => sec
    [year] => 2025
    [month] => 12
    [day] => 27
    [hour] => 0
    [minute] => 0
    [second] => 0
)

2025-12-27 04:33:27: php/get_gamestate.php: Response array before JSON encoding: Array
(
    [current_player_index] => 0
    [players] => Array
        (
            [0] => Player1
        )

    [last_tick_time] => 1766836151
    [ticker_speed] => sec
    [year] => 2025
    [month] => 12
    [day] => 27
    [hour] => 0
    [minute] => 0
    [second] => 0
)

2025-12-27 04:33:28: php/get_gamestate.php: Response array before JSON encoding: Array
(
    [current_player_index] => 0
    [players] => Array
        (
            [0] => Player1
        )

    [last_tick_time] => 1766836151
    [ticker_speed] => sec
    [year] => 2025
    [month] => 12
    [day] => 27
    [hour] => 0
    [minute] => 0
    [second] => 0
)

2025-12-27 04:33:29: php/get_gamestate.php: Response array before JSON encoding: Array
(
    [current_player_index] => 0
    [players] => Array
        (
            [0] => Player1
        )

    [last_tick_time] => 1766836151
    [ticker_speed] => sec
    [year] => 2025
    [month] => 12
    [day] => 27
    [hour] => 0
    [minute] => 0
    [second] => 0
)

2025-12-27 04:33:30: php/get_gamestate.php: Response array before JSON encoding: Array
(
    [current_player_index] => 0
    [players] => Array
        (
            [0] => Player1
        )

    [last_tick_time] => 1766836151
    [ticker_speed] => sec
    [year] => 2025
    [month] => 12
    [day] => 27
    [hour] => 0
    [minute] => 0
    [second] => 0
)

2025-12-27 04:33:31: php/get_gamestate.php: Response array before JSON encoding: Array
(
    [current_player_index] => 0
    [players] => Array
        (
            [0] => Player1
        )

    [last_tick_time] => 1766836151
    [ticker_speed] => sec
    [year] => 2025
    [month] => 12
    [day] => 27
    [hour] => 0
    [minute] => 0
    [second] => 0
)

2025-12-27 04:33:32: php/get_gamestate.php: Response array before JSON encoding: Array
(
    [current_player_index] => 0
    [players] => Array
        (
            [0] => Player1
        )

    [last_tick_time] => 1766836151
    [ticker_speed] => sec
    [year] => 2025
    [month] => 12
    [day] => 27
    [hour] => 0
    [minute] => 0
    [second] => 0
)

2025-12-27 04:33:33: php/get_gamestate.php: Response array before JSON encoding: Array
(
    [current_player_index] => 0
    [players] => Array
        (
            [0] => Player1
        )

    [last_tick_time] => 1766836151
    [ticker_speed] => sec
    [year] => 2025
    [month] => 12
    [day] => 27
    [hour] => 0
    [minute] => 0
    [second] => 0
)

2025-12-27 04:33:34: php/get_gamestate.php: Response array before JSON encoding: Array
(
    [current_player_index] => 0
    [players] => Array
        (
            [0] => Player1
        )

    [last_tick_time] => 1766836151
    [ticker_speed] => sec
    [year] => 2025
    [month] => 12
    [day] => 27
    [hour] => 0
    [minute] => 0
    [second] => 0
)

2025-12-27 04:33:35: php/get_gamestate.php: Response array before JSON encoding: Array
(
    [current_player_index] => 0
    [players] => Array
        (
            [0] => Player1
        )

    [last_tick_time] => 1766836151
    [ticker_speed] => sec
    [year] => 2025
    [month] => 12
    [day] => 27
    [hour] => 0
    [minute] => 0
    [second] => 0
)

2025-12-27 04:33:36: php/get_gamestate.php: Response array before JSON encoding: Array
(
    [current_player_index] => 0
    [players] => Array
        (
            [0] => Player1
        )

    [last_tick_time] => 1766836151
    [ticker_speed] => sec
    [year] => 2025
    [month] => 12
    [day] => 27
    [hour] => 0
    [minute] => 0
    [second] => 0
)

2025-12-27 04:33:37: php/get_gamestate.php: Response array before JSON encoding: Array
(
    [current_player_index] => 0
    [players] => Array
        (
            [0] => Player1
        )

    [last_tick_time] => 1766836151
    [ticker_speed] => sec
    [year] => 2025
    [month] => 12
    [day] => 27
    [hour] => 0
    [minute] => 0
    [second] => 0
)

2025-12-27 04:44:30: php/get_gamestate.php: Response array before JSON encoding: Array
(
    [current_player_index] => 0
    [players] => Array
        (
            [0] => Player1
        )

    [last_tick_time] => 1766836151
    [ticker_speed] => sec
    [year] => 2025
    [month] => 12
    [day] => 27
    [hour] => 0
    [minute] => 0
    [second] => 0
)

2025-12-27 04:44:31: php/get_gamestate.php: Response array before JSON encoding: Array
(
    [current_player_index] => 0
    [players] => Array
        (
            [0] => Player1
        )

    [last_tick_time] => 1766836151
    [ticker_speed] => sec
    [year] => 2025
    [month] => 12
    [day] => 27
    [hour] => 0
    [minute] => 0
    [second] => 0
)

2025-12-27 04:44:32: php/get_gamestate.php: Response array before JSON encoding: Array
(
    [current_player_index] => 0
    [players] => Array
        (
            [0] => Player1
        )

    [last_tick_time] => 1766836151
    [ticker_speed] => sec
    [year] => 2025
    [month] => 12
    [day] => 27
    [hour] => 0
    [minute] => 0
    [second] => 0
)

2025-12-27 04:44:32: php/get_gamestate.php: Response array before JSON encoding: Array
(
    [current_player_index] => 0
    [players] => Array
        (
            [0] => Player1
        )

    [last_tick_time] => 1766836151
    [ticker_speed] => sec
    [year] => 2025
    [month] => 12
    [day] => 27
    [hour] => 0
    [minute] => 0
    [second] => 0
)

2025-12-27 04:44:33: php/get_gamestate.php: Response array before JSON encoding: Array
(
    [current_player_index] => 0
    [players] => Array
        (
            [0] => Player1
        )

    [last_tick_time] => 1766836151
    [ticker_speed] => sec
    [year] => 2025
    [month] => 12
    [day] => 27
    [hour] => 0
    [minute] => 0
    [second] => 0
)

2025-12-27 04:44:34: php/get_gamestate.php: Response array before JSON encoding: Array
(
    [current_player_index] => 0
    [players] => Array
        (
            [0] => Player1
        )

    [last_tick_time] => 1766836151
    [ticker_speed] => sec
    [year] => 2025
    [month] => 12
    [day] => 27
    [hour] => 0
    [minute] => 0
    [second] => 0
)

2025-12-27 04:44:34: php/get_gamestate.php: Response array before JSON encoding: Array
(
    [current_player_index] => 0
    [players] => Array
        (
            [0] => Player1
        )

    [last_tick_time] => 1766836151
    [ticker_speed] => sec
    [year] => 2025
    [month] => 12
    [day] => 27
    [hour] => 0
    [minute] => 0
    [second] => 0
)

2025-12-27 04:44:35: php/get_gamestate.php: Response array before JSON encoding: Array
(
    [current_player_index] => 0
    [players] => Array
        (
            [0] => Player1
        )

    [last_tick_time] => 1766836151
    [ticker_speed] => sec
    [year] => 2025
    [month] => 12
    [day] => 27
    [hour] => 0
    [minute] => 0
    [second] => 0
)

2025-12-27 04:44:36: php/get_gamestate.php: Response array before JSON encoding: Array
(
    [current_player_index] => 0
    [players] => Array
        (
            [0] => Player1
        )

    [last_tick_time] => 1766836151
    [ticker_speed] => sec
    [year] => 2025
    [month] => 12
    [day] => 27
    [hour] => 0
    [minute] => 0
    [second] => 0
)

2025-12-27 04:44:37: php/get_gamestate.php: Response array before JSON encoding: Array
(
    [current_player_index] => 0
    [players] => Array
        (
            [0] => Player1
        )

    [last_tick_time] => 1766836151
    [ticker_speed] => sec
    [year] => 2025
    [month] => 12
    [day] => 27
    [hour] => 0
    [minute] => 0
    [second] => 0
)

2025-12-27 04:44:38: php/get_gamestate.php: Response array before JSON encoding: Array
(
    [current_player_index] => 0
    [players] => Array
        (
            [0] => Player1
        )

    [last_tick_time] => 1766836151
    [ticker_speed] => sec
    [year] => 2025
    [month] => 12
    [day] => 27
    [hour] => 0
    [minute] => 0
    [second] => 0
)

2025-12-27 04:44:39: php/get_gamestate.php: Response array before JSON encoding: Array
(
    [current_player_index] => 0
    [players] => Array
        (
            [0] => Player1
        )

    [last_tick_time] => 1766836151
    [ticker_speed] => sec
    [year] => 2025
    [month] => 12
    [day] => 27
    [hour] => 0
    [minute] => 0
    [second] => 0
)

2025-12-27 04:44:40: php/get_gamestate.php: Response array before JSON encoding: Array
(
    [current_player_index] => 0
    [players] => Array
        (
            [0] => Player1
        )

    [last_tick_time] => 1766836151
    [ticker_speed] => sec
    [year] => 2025
    [month] => 12
    [day] => 27
    [hour] => 0
    [minute] => 0
    [second] => 0
)

2025-12-27 04:44:41: php/get_gamestate.php: Response array before JSON encoding: Array
(
    [current_player_index] => 0
    [players] => Array
        (
            [0] => Player1
        )

    [last_tick_time] => 1766836151
    [ticker_speed] => sec
    [year] => 2025
    [month] => 12
    [day] => 27
    [hour] => 0
    [minute] => 0
    [second] => 0
)

2025-12-27 04:44:42: php/get_gamestate.php: Response array before JSON encoding: Array
(
    [current_player_index] => 0
    [players] => Array
        (
            [0] => Player1
        )

    [last_tick_time] => 1766836151
    [ticker_speed] => sec
    [year] => 2025
    [month] => 12
    [day] => 27
    [hour] => 0
    [minute] => 0
    [second] => 0
)

2025-12-27 04:47:44: php/get_gamestate.php: Response array before JSON encoding: Array
(
    [current_player_index] => 0
    [players] => Array
        (
            [0] => Player1
        )

    [last_tick_time] => 1766836151
    [ticker_speed] => sec
    [year] => 2026
    [month] => 5
    [day] => 22
    [hour] => 9
    [minute] => 0
    [second] => 0
)

2025-12-27 04:47:45: php/get_gamestate.php: Response array before JSON encoding: Array
(
    [current_player_index] => 0
    [players] => Array
        (
            [0] => Player1
        )

    [last_tick_time] => 1766836151
    [ticker_speed] => sec
    [year] => 2026
    [month] => 5
    [day] => 22
    [hour] => 10
    [minute] => 0
    [second] => 0
)

2025-12-27 04:47:46: php/get_gamestate.php: Response array before JSON encoding: Array
(
    [current_player_index] => 0
    [players] => Array
        (
            [0] => Player1
        )

    [last_tick_time] => 1766836151
    [ticker_speed] => sec
    [year] => 2026
    [month] => 5
    [day] => 22
    [hour] => 11
    [minute] => 0
    [second] => 0
)

2025-12-27 04:47:46: php/get_gamestate.php: Response array before JSON encoding: Array
(
    [current_player_index] => 0
    [players] => Array
        (
            [0] => Player1
        )

    [last_tick_time] => 1766836151
    [ticker_speed] => sec
    [year] => 2026
    [month] => 5
    [day] => 22
    [hour] => 11
    [minute] => 0
    [second] => 0
)

2025-12-27 04:47:47: php/get_gamestate.php: Response array before JSON encoding: Array
(
    [current_player_index] => 0
    [players] => Array
        (
            [0] => Player1
        )

    [last_tick_time] => 1766836151
    [ticker_speed] => sec
    [year] => 2026
    [month] => 5
    [day] => 22
    [hour] => 12
    [minute] => 0
    [second] => 0
)

2025-12-27 04:47:48: php/get_gamestate.php: Response array before JSON encoding: Array
(
    [current_player_index] => 0
    [players] => Array
        (
            [0] => Player1
        )

    [last_tick_time] => 1766836151
    [ticker_speed] => sec
    [year] => 2026
    [month] => 5
    [day] => 22
    [hour] => 13
    [minute] => 0
    [second] => 0
)

2025-12-27 04:47:49: php/get_gamestate.php: Response array before JSON encoding: Array
(
    [current_player_index] => 0
    [players] => Array
        (
            [0] => Player1
        )

    [last_tick_time] => 1766836151
    [ticker_speed] => sec
    [year] => 2026
    [month] => 5
    [day] => 22
    [hour] => 14
    [minute] => 0
    [second] => 0
)

2025-12-27 04:47:50: php/get_gamestate.php: Response array before JSON encoding: Array
(
    [current_player_index] => 0
    [players] => Array
        (
            [0] => Player1
        )

    [last_tick_time] => 1766836151
    [ticker_speed] => sec
    [year] => 2026
    [month] => 5
    [day] => 22
    [hour] => 15
    [minute] => 0
    [second] => 0
)

2025-12-27 04:47:51: php/get_gamestate.php: Response array before JSON encoding: Array
(
    [current_player_index] => 0
    [players] => Array
        (
            [0] => Player1
        )

    [last_tick_time] => 1766836151
    [ticker_speed] => sec
    [year] => 2026
    [month] => 5
    [day] => 22
    [hour] => 16
    [minute] => 0
    [second] => 0
)

2025-12-27 04:47:52: php/get_gamestate.php: Response array before JSON encoding: Array
(
    [current_player_index] => 0
    [players] => Array
        (
            [0] => Player1
        )

    [last_tick_time] => 1766836151
    [ticker_speed] => sec
    [year] => 2026
    [month] => 5
    [day] => 22
    [hour] => 17
    [minute] => 0
    [second] => 0
)

2025-12-27 04:47:53: php/get_gamestate.php: Response array before JSON encoding: Array
(
    [current_player_index] => 0
    [players] => Array
        (
            [0] => Player1
        )

    [last_tick_time] => 1766836151
    [ticker_speed] => sec
    [year] => 2026
    [month] => 5
    [day] => 22
    [hour] => 18
    [minute] => 0
    [second] => 0
)

2025-12-27 04:47:54: php/get_gamestate.php: Response array before JSON encoding: Array
(
    [current_player_index] => 0
    [players] => Array
        (
            [0] => Player1
        )

    [last_tick_time] => 1766836151
    [ticker_speed] => sec
    [year] => 2026
    [month] => 5
    [day] => 22
    [hour] => 19
    [minute] => 0
    [second] => 0
)

2025-12-27 04:47:55: php/get_gamestate.php: Response array before JSON encoding: Array
(
    [current_player_index] => 0
    [players] => Array
        (
            [0] => Player1
        )

    [last_tick_time] => 1766836151
    [ticker_speed] => sec
    [year] => 2026
    [month] => 5
    [day] => 22
    [hour] => 20
    [minute] => 0
    [second] => 0
)

2025-12-27 04:47:56: php/get_gamestate.php: Response array before JSON encoding: Array
(
    [current_player_index] => 0
    [players] => Array
        (
            [0] => Player1
        )

    [last_tick_time] => 1766836151
    [ticker_speed] => sec
    [year] => 2026
    [month] => 5
    [day] => 22
    [hour] => 21
    [minute] => 0
    [second] => 0
)

2025-12-27 04:47:57: php/get_gamestate.php: Response array before JSON encoding: Array
(
    [current_player_index] => 0
    [players] => Array
        (
            [0] => Player1
        )

    [last_tick_time] => 1766836151
    [ticker_speed] => sec
    [year] => 2026
    [month] => 5
    [day] => 22
    [hour] => 22
    [minute] => 0
    [second] => 0
)

2025-12-27 04:47:58: php/get_gamestate.php: Response array before JSON encoding: Array
(
    [current_player_index] => 0
    [players] => Array
        (
            [0] => Player1
        )

    [last_tick_time] => 1766836151
    [ticker_speed] => sec
    [year] => 2026
    [month] => 5
    [day] => 22
    [hour] => 23
    [minute] => 0
    [second] => 0
)

2025-12-27 04:47:59: php/get_gamestate.php: Response array before JSON encoding: Array
(
    [current_player_index] => 0
    [players] => Array
        (
            [0] => Player1
        )

    [last_tick_time] => 1766836151
    [ticker_speed] => sec
    [year] => 2026
    [month] => 5
    [day] => 23
    [hour] => 0
    [minute] => 0
    [second] => 0
)

2025-12-27 04:48:00: php/get_gamestate.php: Response array before JSON encoding: Array
(
    [current_player_index] => 0
    [players] => Array
        (
            [0] => Player1
        )

    [last_tick_time] => 1766836151
    [ticker_speed] => sec
    [year] => 2026
    [month] => 5
    [day] => 23
    [hour] => 1
    [minute] => 0
    [second] => 0
)

2025-12-27 04:48:01: php/get_gamestate.php: Response array before JSON encoding: Array
(
    [current_player_index] => 0
    [players] => Array
        (
            [0] => Player1
        )

    [last_tick_time] => 1766836151
    [ticker_speed] => sec
    [year] => 2026
    [month] => 5
    [day] => 23
    [hour] => 2
    [minute] => 0
    [second] => 0
)

2025-12-27 04:48:02: php/get_gamestate.php: Response array before JSON encoding: Array
(
    [current_player_index] => 0
    [players] => Array
        (
            [0] => Player1
        )

    [last_tick_time] => 1766836151
    [ticker_speed] => sec
    [year] => 2026
    [month] => 5
    [day] => 23
    [hour] => 3
    [minute] => 0
    [second] => 0
)

2025-12-27 04:48:03: php/get_gamestate.php: Response array before JSON encoding: Array
(
    [current_player_index] => 0
    [players] => Array
        (
            [0] => Player1
        )

    [last_tick_time] => 1766836151
    [ticker_speed] => sec
    [year] => 2026
    [month] => 5
    [day] => 23
    [hour] => 4
    [minute] => 0
    [second] => 0
)

2025-12-27 04:48:04: php/get_gamestate.php: Response array before JSON encoding: Array
(
    [current_player_index] => 0
    [players] => Array
        (
            [0] => Player1
        )

    [last_tick_time] => 1766836151
    [ticker_speed] => sec
    [year] => 2026
    [month] => 5
    [day] => 23
    [hour] => 5
    [minute] => 0
    [second] => 0
)

2025-12-27 04:48:05: php/get_gamestate.php: Response array before JSON encoding: Array
(
    [current_player_index] => 0
    [players] => Array
        (
            [0] => Player1
        )

    [last_tick_time] => 1766836151
    [ticker_speed] => sec
    [year] => 2026
    [month] => 5
    [day] => 23
    [hour] => 6
    [minute] => 0
    [second] => 0
)

2025-12-27 04:48:06: php/get_gamestate.php: Response array before JSON encoding: Array
(
    [current_player_index] => 0
    [players] => Array
        (
            [0] => Player1
        )

    [last_tick_time] => 1766836151
    [ticker_speed] => sec
    [year] => 2026
    [month] => 5
    [day] => 23
    [hour] => 7
    [minute] => 0
    [second] => 0
)

2025-12-27 04:48:07: php/get_gamestate.php: Response array before JSON encoding: Array
(
    [current_player_index] => 0
    [players] => Array
        (
            [0] => Player1
        )

    [last_tick_time] => 1766836151
    [ticker_speed] => sec
    [year] => 2026
    [month] => 5
    [day] => 23
    [hour] => 8
    [minute] => 0
    [second] => 0
)

