=== CHTM Renderer Started ===
Starting with file: chtm/hangman.chtm
Launching module: modules/+x/hangman.+x
Module launched successfully, PID: 755399
Setting focus to element index 5
Processing text element with label: === HANGMAN GAME ===
After variable substitution: === HANGMAN GAME ===
Processing text element with label: ${message}
After variable substitution: ${message}
Sending IPC command: DISPLAY:ELEMENT_ID:hangman_canvas
In child process, executing module: modules/+x/hangman.+x
Received VARS response: VARS:incorrect_count=0,game_status=0,guesses_left=6,current_word=hello,display_word=_ _ _ _ _,guessed_letters=,incorrect_letters=,game_status_text=Playing,message=Guess a letter!,;
Setting variable: incorrect_count = 0
Created new variable incorrect_count with value 0
Setting variable: game_status = 0
Created new variable game_status with value 0
Setting variable: guesses_left = 6
Created new variable guesses_left with value 6
Setting variable: current_word = hello
Created new variable current_word with value hello
Setting variable: display_word = _ _ _ _ _
Created new variable display_word with value _ _ _ _ _
Setting variable: guessed_letters = 
Created new variable guessed_letters with value 
Setting variable: incorrect_letters = 
Created new variable incorrect_letters with value 
Setting variable: game_status_text = Playing
Created new variable game_status_text with value Playing
Setting variable: message = Guess a letter!
Created new variable message with value Guess a letter!
Processing text element with label: Word: ${display_word}
After variable substitution: Word: _ _ _ _ _
Processing text element with label: Incorrect guesses: ${incorrect_letters}
After variable substitution: Incorrect guesses: 
Processing text element with label: Guesses left: ${guesses_left}
After variable substitution: Guesses left: 6
Processing text element with label: Game status: ${game_status_text}
After variable substitution: Game status: Playing
Processing text element with label: Enter a letter to guess:
After variable substitution: Enter a letter to guess:
Processing text element with label: Controls: Enter a single letter to guess, or 'restart' to start a new game
After variable substitution: Controls: Enter a single letter to guess, or 'restart' to start a new game
Processing text element with label: modules/+x/hangman.+x
After variable substitution: modules/+x/hangman.+x
Processing text element with label: === HANGMAN GAME ===
After variable substitution: === HANGMAN GAME ===
Processing text element with label: ${message}
After variable substitution: Guess a letter!
Sending IPC command: DISPLAY:ELEMENT_ID:hangman_canvas
Received VARS response: VARS:incorrect_count=0,guesses_left=6,message=Guess a letter!,game_status_text=Playing,;
Setting variable: incorrect_count = 0
Updated existing variable incorrect_count to 0
Setting variable: guesses_left = 6
Updated existing variable guesses_left to 6
Setting variable: message = Guess a letter!
Updated existing variable message to Guess a letter!
Setting variable: game_status_text = Playing
Updated existing variable game_status_text to Playing
Processing text element with label: Word: ${display_word}
After variable substitution: Word: _ _ _ _ _
Processing text element with label: Incorrect guesses: ${incorrect_letters}
After variable substitution: Incorrect guesses: 
Processing text element with label: Guesses left: ${guesses_left}
After variable substitution: Guesses left: 6
Processing text element with label: Game status: ${game_status_text}
After variable substitution: Game status: Playing
Processing text element with label: Enter a letter to guess:
After variable substitution: Enter a letter to guess:
Processing text element with label: Controls: Enter a single letter to guess, or 'restart' to start a new game
After variable substitution: Controls: Enter a single letter to guess, or 'restart' to start a new game
Processing text element with label: modules/+x/hangman.+x
After variable substitution: modules/+x/hangman.+x
Sending IPC command: KEY:101:ELEMENT_ID:hangman_canvas
Processing text element with label: === HANGMAN GAME ===
After variable substitution: === HANGMAN GAME ===
Processing text element with label: ${message}
After variable substitution: Guess a letter!
Sending IPC command: DISPLAY:ELEMENT_ID:hangman_canvas
Received VARS response: VARS:incorrect_count=0,guesses_left=6,message=Guess a letter!,game_status_text=Playing,;
Setting variable: incorrect_count = 0
Updated existing variable incorrect_count to 0
Setting variable: guesses_left = 6
Updated existing variable guesses_left to 6
Setting variable: message = Guess a letter!
Updated existing variable message to Guess a letter!
Setting variable: game_status_text = Playing
Updated existing variable game_status_text to Playing
Processing text element with label: Word: ${display_word}
After variable substitution: Word: _ _ _ _ _
Processing text element with label: Incorrect guesses: ${incorrect_letters}
After variable substitution: Incorrect guesses: 
Processing text element with label: Guesses left: ${guesses_left}
After variable substitution: Guesses left: 6
Processing text element with label: Game status: ${game_status_text}
After variable substitution: Game status: Playing
Processing text element with label: Enter a letter to guess:
After variable substitution: Enter a letter to guess:
Processing text element with label: Controls: Enter a single letter to guess, or 'restart' to start a new game
After variable substitution: Controls: Enter a single letter to guess, or 'restart' to start a new game
Processing text element with label: modules/+x/hangman.+x
After variable substitution: modules/+x/hangman.+x
Sending IPC command: KEY:50:ELEMENT_ID:hangman_canvas
Processing text element with label: === HANGMAN GAME ===
After variable substitution: === HANGMAN GAME ===
Processing text element with label: ${message}
After variable substitution: Guess a letter!
Sending IPC command: DISPLAY:ELEMENT_ID:hangman_canvas
Received VARS response: VARS:incorrect_count=0,guesses_left=6,message=Guess a letter!,game_status_text=Playing,;
Setting variable: incorrect_count = 0
Updated existing variable incorrect_count to 0
Setting variable: guesses_left = 6
Updated existing variable guesses_left to 6
Setting variable: message = Guess a letter!
Updated existing variable message to Guess a letter!
Setting variable: game_status_text = Playing
Updated existing variable game_status_text to Playing
Processing text element with label: Word: ${display_word}
After variable substitution: Word: _ _ _ _ _
Processing text element with label: Incorrect guesses: ${incorrect_letters}
After variable substitution: Incorrect guesses: 
Processing text element with label: Guesses left: ${guesses_left}
After variable substitution: Guesses left: 6
Processing text element with label: Game status: ${game_status_text}
After variable substitution: Game status: Playing
Processing text element with label: Enter a letter to guess:
After variable substitution: Enter a letter to guess:
Processing text element with label: Controls: Enter a single letter to guess, or 'restart' to start a new game
After variable substitution: Controls: Enter a single letter to guess, or 'restart' to start a new game
Processing text element with label: modules/+x/hangman.+x
After variable substitution: modules/+x/hangman.+x
Sending IPC command: KEY:10:ELEMENT_ID:hangman_canvas
Processing text element with label: === HANGMAN GAME ===
After variable substitution: === HANGMAN GAME ===
Processing text element with label: ${message}
After variable substitution: Guess a letter!
Sending IPC command: DISPLAY:ELEMENT_ID:hangman_canvas
Received VARS response: VARS:incorrect_count=0,guesses_left=6,message=Guess a letter!,game_status_text=Playing,;
Setting variable: incorrect_count = 0
Updated existing variable incorrect_count to 0
Setting variable: guesses_left = 6
Updated existing variable guesses_left to 6
Setting variable: message = Guess a letter!
Updated existing variable message to Guess a letter!
Setting variable: game_status_text = Playing
Updated existing variable game_status_text to Playing
Processing text element with label: Word: ${display_word}
After variable substitution: Word: _ _ _ _ _
Processing text element with label: Incorrect guesses: ${incorrect_letters}
After variable substitution: Incorrect guesses: 
Processing text element with label: Guesses left: ${guesses_left}
After variable substitution: Guesses left: 6
Processing text element with label: Game status: ${game_status_text}
After variable substitution: Game status: Playing
Processing text element with label: Enter a letter to guess:
After variable substitution: Enter a letter to guess:
Processing text element with label: Controls: Enter a single letter to guess, or 'restart' to start a new game
After variable substitution: Controls: Enter a single letter to guess, or 'restart' to start a new game
Processing text element with label: modules/+x/hangman.+x
After variable substitution: modules/+x/hangman.+x
Processing text element with label: === HANGMAN GAME ===
After variable substitution: === HANGMAN GAME ===
Processing text element with label: ${message}
After variable substitution: Guess a letter!
Sending IPC command: DISPLAY:ELEMENT_ID:hangman_canvas
Received VARS response: VARS:incorrect_count=0,guesses_left=6,message=Guess a letter!,game_status_text=Playing,;
Setting variable: incorrect_count = 0
Updated existing variable incorrect_count to 0
Setting variable: guesses_left = 6
Updated existing variable guesses_left to 6
Setting variable: message = Guess a letter!
Updated existing variable message to Guess a letter!
Setting variable: game_status_text = Playing
Updated existing variable game_status_text to Playing
Processing text element with label: Word: ${display_word}
After variable substitution: Word: _ _ _ _ _
Processing text element with label: Incorrect guesses: ${incorrect_letters}
After variable substitution: Incorrect guesses: 
Processing text element with label: Guesses left: ${guesses_left}
After variable substitution: Guesses left: 6
Processing text element with label: Game status: ${game_status_text}
After variable substitution: Game status: Playing
Processing text element with label: Enter a letter to guess:
After variable substitution: Enter a letter to guess:
Processing text element with label: Controls: Enter a single letter to guess, or 'restart' to start a new game
After variable substitution: Controls: Enter a single letter to guess, or 'restart' to start a new game
Processing text element with label: modules/+x/hangman.+x
After variable substitution: modules/+x/hangman.+x
Processing text element with label: === HANGMAN GAME ===
After variable substitution: === HANGMAN GAME ===
Processing text element with label: ${message}
After variable substitution: Guess a letter!
Sending IPC command: DISPLAY:ELEMENT_ID:hangman_canvas
Received VARS response: VARS:incorrect_count=0,guesses_left=6,message=Guess a letter!,game_status_text=Playing,;
Setting variable: incorrect_count = 0
Updated existing variable incorrect_count to 0
Setting variable: guesses_left = 6
Updated existing variable guesses_left to 6
Setting variable: message = Guess a letter!
Updated existing variable message to Guess a letter!
Setting variable: game_status_text = Playing
Updated existing variable game_status_text to Playing
Processing text element with label: Word: ${display_word}
After variable substitution: Word: _ _ _ _ _
Processing text element with label: Incorrect guesses: ${incorrect_letters}
After variable substitution: Incorrect guesses: 
Processing text element with label: Guesses left: ${guesses_left}
After variable substitution: Guesses left: 6
Processing text element with label: Game status: ${game_status_text}
After variable substitution: Game status: Playing
Processing text element with label: Enter a letter to guess:
After variable substitution: Enter a letter to guess:
Processing text element with label: Controls: Enter a single letter to guess, or 'restart' to start a new game
After variable substitution: Controls: Enter a single letter to guess, or 'restart' to start a new game
Processing text element with label: modules/+x/hangman.+x
After variable substitution: modules/+x/hangman.+x
Setting focus to element index 17
Processing text element with label: === HANGMAN GAME ===
After variable substitution: === HANGMAN GAME ===
Processing text element with label: ${message}
After variable substitution: Guess a letter!
Sending IPC command: DISPLAY:ELEMENT_ID:hangman_canvas
Received VARS response: VARS:incorrect_count=0,guesses_left=6,message=Guess a letter!,game_status_text=Playing,;
Setting variable: incorrect_count = 0
Updated existing variable incorrect_count to 0
Setting variable: guesses_left = 6
Updated existing variable guesses_left to 6
Setting variable: message = Guess a letter!
Updated existing variable message to Guess a letter!
Setting variable: game_status_text = Playing
Updated existing variable game_status_text to Playing
Processing text element with label: Word: ${display_word}
After variable substitution: Word: _ _ _ _ _
Processing text element with label: Incorrect guesses: ${incorrect_letters}
After variable substitution: Incorrect guesses: 
Processing text element with label: Guesses left: ${guesses_left}
After variable substitution: Guesses left: 6
Processing text element with label: Game status: ${game_status_text}
After variable substitution: Game status: Playing
Processing text element with label: Enter a letter to guess:
After variable substitution: Enter a letter to guess:
Processing text element with label: Controls: Enter a single letter to guess, or 'restart' to start a new game
After variable substitution: Controls: Enter a single letter to guess, or 'restart' to start a new game
Processing text element with label: modules/+x/hangman.+x
After variable substitution: modules/+x/hangman.+x
Processing text element with label: === HANGMAN GAME ===
After variable substitution: === HANGMAN GAME ===
Processing text element with label: ${message}
After variable substitution: Guess a letter!
Sending IPC command: DISPLAY:ELEMENT_ID:hangman_canvas
Received VARS response: VARS:incorrect_count=0,guesses_left=6,message=Guess a letter!,game_status_text=Playing,;
Setting variable: incorrect_count = 0
Updated existing variable incorrect_count to 0
Setting variable: guesses_left = 6
Updated existing variable guesses_left to 6
Setting variable: message = Guess a letter!
Updated existing variable message to Guess a letter!
Setting variable: game_status_text = Playing
Updated existing variable game_status_text to Playing
Processing text element with label: Word: ${display_word}
After variable substitution: Word: _ _ _ _ _
Processing text element with label: Incorrect guesses: ${incorrect_letters}
After variable substitution: Incorrect guesses: 
Processing text element with label: Guesses left: ${guesses_left}
After variable substitution: Guesses left: 6
Processing text element with label: Game status: ${game_status_text}
After variable substitution: Game status: Playing
Processing text element with label: Enter a letter to guess:
After variable substitution: Enter a letter to guess:
Processing text element with label: Controls: Enter a single letter to guess, or 'restart' to start a new game
After variable substitution: Controls: Enter a single letter to guess, or 'restart' to start a new game
Processing text element with label: modules/+x/hangman.+x
After variable substitution: modules/+x/hangman.+x
Sending IPC command: CLI_INPUT:a
Processing text element with label: === HANGMAN GAME ===
After variable substitution: === HANGMAN GAME ===
Processing text element with label: ${message}
After variable substitution: Guess a letter!
Sending IPC command: DISPLAY:ELEMENT_ID:hangman_canvas
Received VARS response: VARS:incorrect_count=0,guesses_left=6,message=Guess a letter!,game_status_text=Playing,;
Setting variable: incorrect_count = 0
Updated existing variable incorrect_count to 0
Setting variable: guesses_left = 6
Updated existing variable guesses_left to 6
Setting variable: message = Guess a letter!
Updated existing variable message to Guess a letter!
Setting variable: game_status_text = Playing
Updated existing variable game_status_text to Playing
Received VARS response: VARS:incorrect_count=1,game_status=0,guesses_left=5,current_word=hello,display_word=_ _ _ _ _,guessed_letters=a,incorrect_letters=a,game_status_text=Playing,message=Wrong guess! 5 attempts left.,;
Setting variable: incorrect_count = 1
Updated existing variable incorrect_count to 1
Setting variable: game_status = 0
Updated existing variable game_status to 0
Setting variable: guesses_left = 5
Updated existing variable guesses_left to 5
Setting variable: current_word = hello
Updated existing variable current_word to hello
Setting variable: display_word = _ _ _ _ _
Updated existing variable display_word to _ _ _ _ _
Setting variable: guessed_letters = a
Updated existing variable guessed_letters to a
Setting variable: incorrect_letters = a
Updated existing variable incorrect_letters to a
Setting variable: game_status_text = Playing
Updated existing variable game_status_text to Playing
Setting variable: message = Wrong guess! 5 attempts left.
Updated existing variable message to Wrong guess! 5 attempts left.
Processing text element with label: Word: ${display_word}
After variable substitution: Word: _ _ _ _ _
Processing text element with label: Incorrect guesses: ${incorrect_letters}
After variable substitution: Incorrect guesses: a
Processing text element with label: Guesses left: ${guesses_left}
After variable substitution: Guesses left: 5
Processing text element with label: Game status: ${game_status_text}
After variable substitution: Game status: Playing
Processing text element with label: Enter a letter to guess:
After variable substitution: Enter a letter to guess:
Processing text element with label: Controls: Enter a single letter to guess, or 'restart' to start a new game
After variable substitution: Controls: Enter a single letter to guess, or 'restart' to start a new game
Processing text element with label: modules/+x/hangman.+x
After variable substitution: modules/+x/hangman.+x
Sending IPC command: CLI_INPUT:b
Processing text element with label: === HANGMAN GAME ===
After variable substitution: === HANGMAN GAME ===
Processing text element with label: ${message}
After variable substitution: Wrong guess! 5 attempts left.
Sending IPC command: DISPLAY:ELEMENT_ID:hangman_canvas
Received VARS response: VARS:incorrect_count=1,guesses_left=5,message=Wrong guess! 5 attempts left.,game_status_text=Playing,;
Setting variable: incorrect_count = 1
Updated existing variable incorrect_count to 1
Setting variable: guesses_left = 5
Updated existing variable guesses_left to 5
Setting variable: message = Wrong guess! 5 attempts left.
Updated existing variable message to Wrong guess! 5 attempts left.
Setting variable: game_status_text = Playing
Updated existing variable game_status_text to Playing
Received VARS response: VARS:incorrect_count=2,game_status=0,guesses_left=4,current_word=hello,display_word=_ _ _ _ _,guessed_letters=ab,incorrect_letters=ab,game_status_text=Playing,message=Wrong guess! 4 attempts left.,;
Setting variable: incorrect_count = 2
Updated existing variable incorrect_count to 2
Setting variable: game_status = 0
Updated existing variable game_status to 0
Setting variable: guesses_left = 4
Updated existing variable guesses_left to 4
Setting variable: current_word = hello
Updated existing variable current_word to hello
Setting variable: display_word = _ _ _ _ _
Updated existing variable display_word to _ _ _ _ _
Setting variable: guessed_letters = ab
Updated existing variable guessed_letters to ab
Setting variable: incorrect_letters = ab
Updated existing variable incorrect_letters to ab
Setting variable: game_status_text = Playing
Updated existing variable game_status_text to Playing
Setting variable: message = Wrong guess! 4 attempts left.
Updated existing variable message to Wrong guess! 4 attempts left.
Processing text element with label: Word: ${display_word}
After variable substitution: Word: _ _ _ _ _
Processing text element with label: Incorrect guesses: ${incorrect_letters}
After variable substitution: Incorrect guesses: ab
Processing text element with label: Guesses left: ${guesses_left}
After variable substitution: Guesses left: 4
Processing text element with label: Game status: ${game_status_text}
After variable substitution: Game status: Playing
Processing text element with label: Enter a letter to guess:
After variable substitution: Enter a letter to guess:
Processing text element with label: Controls: Enter a single letter to guess, or 'restart' to start a new game
After variable substitution: Controls: Enter a single letter to guess, or 'restart' to start a new game
Processing text element with label: modules/+x/hangman.+x
After variable substitution: modules/+x/hangman.+x
Sending IPC command: CLI_INPUT:u
Processing text element with label: === HANGMAN GAME ===
After variable substitution: === HANGMAN GAME ===
Processing text element with label: ${message}
After variable substitution: Wrong guess! 4 attempts left.
Sending IPC command: DISPLAY:ELEMENT_ID:hangman_canvas
Received VARS response: VARS:incorrect_count=2,guesses_left=4,message=Wrong guess! 4 attempts left.,game_status_text=Playing,;
Setting variable: incorrect_count = 2
Updated existing variable incorrect_count to 2
Setting variable: guesses_left = 4
Updated existing variable guesses_left to 4
Setting variable: message = Wrong guess! 4 attempts left.
Updated existing variable message to Wrong guess! 4 attempts left.
Setting variable: game_status_text = Playing
Updated existing variable game_status_text to Playing
Received VARS response: VARS:incorrect_count=3,game_status=0,guesses_left=3,current_word=hello,display_word=_ _ _ _ _,guessed_letters=abu,incorrect_letters=abu,game_status_text=Playing,message=Wrong guess! 3 attempts left.,;
Setting variable: incorrect_count = 3
Updated existing variable incorrect_count to 3
Setting variable: game_status = 0
Updated existing variable game_status to 0
Setting variable: guesses_left = 3
Updated existing variable guesses_left to 3
Setting variable: current_word = hello
Updated existing variable current_word to hello
Setting variable: display_word = _ _ _ _ _
Updated existing variable display_word to _ _ _ _ _
Setting variable: guessed_letters = abu
Updated existing variable guessed_letters to abu
Setting variable: incorrect_letters = abu
Updated existing variable incorrect_letters to abu
Setting variable: game_status_text = Playing
Updated existing variable game_status_text to Playing
Setting variable: message = Wrong guess! 3 attempts left.
Updated existing variable message to Wrong guess! 3 attempts left.
Processing text element with label: Word: ${display_word}
After variable substitution: Word: _ _ _ _ _
Processing text element with label: Incorrect guesses: ${incorrect_letters}
After variable substitution: Incorrect guesses: abu
Processing text element with label: Guesses left: ${guesses_left}
After variable substitution: Guesses left: 3
Processing text element with label: Game status: ${game_status_text}
After variable substitution: Game status: Playing
Processing text element with label: Enter a letter to guess:
After variable substitution: Enter a letter to guess:
Processing text element with label: Controls: Enter a single letter to guess, or 'restart' to start a new game
After variable substitution: Controls: Enter a single letter to guess, or 'restart' to start a new game
Processing text element with label: modules/+x/hangman.+x
After variable substitution: modules/+x/hangman.+x
Sending IPC command: CLI_INPUT:e
Processing text element with label: === HANGMAN GAME ===
After variable substitution: === HANGMAN GAME ===
Processing text element with label: ${message}
After variable substitution: Wrong guess! 3 attempts left.
Sending IPC command: DISPLAY:ELEMENT_ID:hangman_canvas
Received VARS response: VARS:incorrect_count=3,guesses_left=3,message=Wrong guess! 3 attempts left.,game_status_text=Playing,;
Setting variable: incorrect_count = 3
Updated existing variable incorrect_count to 3
Setting variable: guesses_left = 3
Updated existing variable guesses_left to 3
Setting variable: message = Wrong guess! 3 attempts left.
Updated existing variable message to Wrong guess! 3 attempts left.
Setting variable: game_status_text = Playing
Updated existing variable game_status_text to Playing
Received VARS response: VARS:incorrect_count=3,game_status=0,guesses_left=3,current_word=hello,display_word=_ e _ _ _,guessed_letters=abue,incorrect_letters=abu,game_status_text=Playing,message=Correct! Letter 'e' is in the word.,;
Setting variable: incorrect_count = 3
Updated existing variable incorrect_count to 3
Setting variable: game_status = 0
Updated existing variable game_status to 0
Setting variable: guesses_left = 3
Updated existing variable guesses_left to 3
Setting variable: current_word = hello
Updated existing variable current_word to hello
Setting variable: display_word = _ e _ _ _
Updated existing variable display_word to _ e _ _ _
Setting variable: guessed_letters = abue
Updated existing variable guessed_letters to abue
Setting variable: incorrect_letters = abu
Updated existing variable incorrect_letters to abu
Setting variable: game_status_text = Playing
Updated existing variable game_status_text to Playing
Setting variable: message = Correct! Letter 'e' is in the word.
Updated existing variable message to Correct! Letter 'e' is in the word.
Processing text element with label: Word: ${display_word}
After variable substitution: Word: _ e _ _ _
Processing text element with label: Incorrect guesses: ${incorrect_letters}
After variable substitution: Incorrect guesses: abu
Processing text element with label: Guesses left: ${guesses_left}
After variable substitution: Guesses left: 3
Processing text element with label: Game status: ${game_status_text}
After variable substitution: Game status: Playing
Processing text element with label: Enter a letter to guess:
After variable substitution: Enter a letter to guess:
Processing text element with label: Controls: Enter a single letter to guess, or 'restart' to start a new game
After variable substitution: Controls: Enter a single letter to guess, or 'restart' to start a new game
Processing text element with label: modules/+x/hangman.+x
After variable substitution: modules/+x/hangman.+x
Sending IPC command: CLI_INPUT:i
Processing text element with label: === HANGMAN GAME ===
After variable substitution: === HANGMAN GAME ===
Processing text element with label: ${message}
After variable substitution: Correct! Letter 'e' is in the word.
Sending IPC command: DISPLAY:ELEMENT_ID:hangman_canvas
Received VARS response: VARS:incorrect_count=3,guesses_left=3,message=Correct! Letter 'e' is in the word.,game_status_text=Playing,;
Setting variable: incorrect_count = 3
Updated existing variable incorrect_count to 3
Setting variable: guesses_left = 3
Updated existing variable guesses_left to 3
Setting variable: message = Correct! Letter 'e' is in the word.
Updated existing variable message to Correct! Letter 'e' is in the word.
Setting variable: game_status_text = Playing
Updated existing variable game_status_text to Playing
Received VARS response: VARS:incorrect_count=4,game_status=0,guesses_left=2,current_word=hello,display_word=_ e _ _ _,guessed_letters=abuei,incorrect_letters=abui,game_status_text=Playing,message=Wrong guess! 2 attempts left.,;
Setting variable: incorrect_count = 4
Updated existing variable incorrect_count to 4
Setting variable: game_status = 0
Updated existing variable game_status to 0
Setting variable: guesses_left = 2
Updated existing variable guesses_left to 2
Setting variable: current_word = hello
Updated existing variable current_word to hello
Setting variable: display_word = _ e _ _ _
Updated existing variable display_word to _ e _ _ _
Setting variable: guessed_letters = abuei
Updated existing variable guessed_letters to abuei
Setting variable: incorrect_letters = abui
Updated existing variable incorrect_letters to abui
Setting variable: game_status_text = Playing
Updated existing variable game_status_text to Playing
Setting variable: message = Wrong guess! 2 attempts left.
Updated existing variable message to Wrong guess! 2 attempts left.
Processing text element with label: Word: ${display_word}
After variable substitution: Word: _ e _ _ _
Processing text element with label: Incorrect guesses: ${incorrect_letters}
After variable substitution: Incorrect guesses: abui
Processing text element with label: Guesses left: ${guesses_left}
After variable substitution: Guesses left: 2
Processing text element with label: Game status: ${game_status_text}
After variable substitution: Game status: Playing
Processing text element with label: Enter a letter to guess:
After variable substitution: Enter a letter to guess:
Processing text element with label: Controls: Enter a single letter to guess, or 'restart' to start a new game
After variable substitution: Controls: Enter a single letter to guess, or 'restart' to start a new game
Processing text element with label: modules/+x/hangman.+x
After variable substitution: modules/+x/hangman.+x
Sending IPC command: CLI_INPUT:o
Processing text element with label: === HANGMAN GAME ===
After variable substitution: === HANGMAN GAME ===
Processing text element with label: ${message}
After variable substitution: Wrong guess! 2 attempts left.
Sending IPC command: DISPLAY:ELEMENT_ID:hangman_canvas
Received VARS response: VARS:incorrect_count=4,guesses_left=2,message=Wrong guess! 2 attempts left.,game_status_text=Playing,;
Setting variable: incorrect_count = 4
Updated existing variable incorrect_count to 4
Setting variable: guesses_left = 2
Updated existing variable guesses_left to 2
Setting variable: message = Wrong guess! 2 attempts left.
Updated existing variable message to Wrong guess! 2 attempts left.
Setting variable: game_status_text = Playing
Updated existing variable game_status_text to Playing
Received VARS response: VARS:incorrect_count=4,game_status=0,guesses_left=2,current_word=hello,display_word=_ e _ _ o,guessed_letters=abueio,incorrect_letters=abui,game_status_text=Playing,message=Correct! Letter 'o' is in the word.,;
Setting variable: incorrect_count = 4
Updated existing variable incorrect_count to 4
Setting variable: game_status = 0
Updated existing variable game_status to 0
Setting variable: guesses_left = 2
Updated existing variable guesses_left to 2
Setting variable: current_word = hello
Updated existing variable current_word to hello
Setting variable: display_word = _ e _ _ o
Updated existing variable display_word to _ e _ _ o
Setting variable: guessed_letters = abueio
Updated existing variable guessed_letters to abueio
Setting variable: incorrect_letters = abui
Updated existing variable incorrect_letters to abui
Setting variable: game_status_text = Playing
Updated existing variable game_status_text to Playing
Setting variable: message = Correct! Letter 'o' is in the word.
Updated existing variable message to Correct! Letter 'o' is in the word.
Processing text element with label: Word: ${display_word}
After variable substitution: Word: _ e _ _ o
Processing text element with label: Incorrect guesses: ${incorrect_letters}
After variable substitution: Incorrect guesses: abui
Processing text element with label: Guesses left: ${guesses_left}
After variable substitution: Guesses left: 2
Processing text element with label: Game status: ${game_status_text}
After variable substitution: Game status: Playing
Processing text element with label: Enter a letter to guess:
After variable substitution: Enter a letter to guess:
Processing text element with label: Controls: Enter a single letter to guess, or 'restart' to start a new game
After variable substitution: Controls: Enter a single letter to guess, or 'restart' to start a new game
Processing text element with label: modules/+x/hangman.+x
After variable substitution: modules/+x/hangman.+x
Sending IPC command: CLI_INPUT:a
Processing text element with label: === HANGMAN GAME ===
After variable substitution: === HANGMAN GAME ===
Processing text element with label: ${message}
After variable substitution: Correct! Letter 'o' is in the word.
Sending IPC command: DISPLAY:ELEMENT_ID:hangman_canvas
Received VARS response: VARS:incorrect_count=4,guesses_left=2,message=Correct! Letter 'o' is in the word.,game_status_text=Playing,;
Setting variable: incorrect_count = 4
Updated existing variable incorrect_count to 4
Setting variable: guesses_left = 2
Updated existing variable guesses_left to 2
Setting variable: message = Correct! Letter 'o' is in the word.
Updated existing variable message to Correct! Letter 'o' is in the word.
Setting variable: game_status_text = Playing
Updated existing variable game_status_text to Playing
Received VARS response: VARS:incorrect_count=4,game_status=0,guesses_left=2,current_word=hello,display_word=_ e _ _ o,guessed_letters=abueio,incorrect_letters=abui,game_status_text=Playing,message=Letter already guessed!,;
Setting variable: incorrect_count = 4
Updated existing variable incorrect_count to 4
Setting variable: game_status = 0
Updated existing variable game_status to 0
Setting variable: guesses_left = 2
Updated existing variable guesses_left to 2
Setting variable: current_word = hello
Updated existing variable current_word to hello
Setting variable: display_word = _ e _ _ o
Updated existing variable display_word to _ e _ _ o
Setting variable: guessed_letters = abueio
Updated existing variable guessed_letters to abueio
Setting variable: incorrect_letters = abui
Updated existing variable incorrect_letters to abui
Setting variable: game_status_text = Playing
Updated existing variable game_status_text to Playing
Setting variable: message = Letter already guessed!
Updated existing variable message to Letter already guessed!
Processing text element with label: Word: ${display_word}
After variable substitution: Word: _ e _ _ o
Processing text element with label: Incorrect guesses: ${incorrect_letters}
After variable substitution: Incorrect guesses: abui
Processing text element with label: Guesses left: ${guesses_left}
After variable substitution: Guesses left: 2
Processing text element with label: Game status: ${game_status_text}
After variable substitution: Game status: Playing
Processing text element with label: Enter a letter to guess:
After variable substitution: Enter a letter to guess:
Processing text element with label: Controls: Enter a single letter to guess, or 'restart' to start a new game
After variable substitution: Controls: Enter a single letter to guess, or 'restart' to start a new game
Processing text element with label: modules/+x/hangman.+x
After variable substitution: modules/+x/hangman.+x
Sending IPC command: CLI_INPUT:r
Processing text element with label: === HANGMAN GAME ===
After variable substitution: === HANGMAN GAME ===
Processing text element with label: ${message}
After variable substitution: Letter already guessed!
Sending IPC command: DISPLAY:ELEMENT_ID:hangman_canvas
Received VARS response: VARS:incorrect_count=4,guesses_left=2,message=Letter already guessed!,game_status_text=Playing,;
Setting variable: incorrect_count = 4
Updated existing variable incorrect_count to 4
Setting variable: guesses_left = 2
Updated existing variable guesses_left to 2
Setting variable: message = Letter already guessed!
Updated existing variable message to Letter already guessed!
Setting variable: game_status_text = Playing
Updated existing variable game_status_text to Playing
Received VARS response: VARS:incorrect_count=5,game_status=0,guesses_left=1,current_word=hello,display_word=_ e _ _ o,guessed_letters=abueior,incorrect_letters=abuir,game_status_text=Playing,message=Wrong guess! 1 attempts left.,;
Setting variable: incorrect_count = 5
Updated existing variable incorrect_count to 5
Setting variable: game_status = 0
Updated existing variable game_status to 0
Setting variable: guesses_left = 1
Updated existing variable guesses_left to 1
Setting variable: current_word = hello
Updated existing variable current_word to hello
Setting variable: display_word = _ e _ _ o
Updated existing variable display_word to _ e _ _ o
Setting variable: guessed_letters = abueior
Updated existing variable guessed_letters to abueior
Setting variable: incorrect_letters = abuir
Updated existing variable incorrect_letters to abuir
Setting variable: game_status_text = Playing
Updated existing variable game_status_text to Playing
Setting variable: message = Wrong guess! 1 attempts left.
Updated existing variable message to Wrong guess! 1 attempts left.
Processing text element with label: Word: ${display_word}
After variable substitution: Word: _ e _ _ o
Processing text element with label: Incorrect guesses: ${incorrect_letters}
After variable substitution: Incorrect guesses: abuir
Processing text element with label: Guesses left: ${guesses_left}
After variable substitution: Guesses left: 1
Processing text element with label: Game status: ${game_status_text}
After variable substitution: Game status: Playing
Processing text element with label: Enter a letter to guess:
After variable substitution: Enter a letter to guess:
Processing text element with label: Controls: Enter a single letter to guess, or 'restart' to start a new game
After variable substitution: Controls: Enter a single letter to guess, or 'restart' to start a new game
Processing text element with label: modules/+x/hangman.+x
After variable substitution: modules/+x/hangman.+x
Sending IPC command: CLI_INPUT:l
Processing text element with label: === HANGMAN GAME ===
After variable substitution: === HANGMAN GAME ===
Processing text element with label: ${message}
After variable substitution: Wrong guess! 1 attempts left.
Sending IPC command: DISPLAY:ELEMENT_ID:hangman_canvas
Received VARS response: VARS:incorrect_count=5,guesses_left=1,message=Wrong guess! 1 attempts left.,game_status_text=Playing,;
Setting variable: incorrect_count = 5
Updated existing variable incorrect_count to 5
Setting variable: guesses_left = 1
Updated existing variable guesses_left to 1
Setting variable: message = Wrong guess! 1 attempts left.
Updated existing variable message to Wrong guess! 1 attempts left.
Setting variable: game_status_text = Playing
Updated existing variable game_status_text to Playing
Received VARS response: VARS:incorrect_count=5,game_status=0,guesses_left=1,current_word=hello,display_word=_ e l l o,guessed_letters=abueiorl,incorrect_letters=abuir,game_status_text=Playing,message=Correct! Letter 'l' is in the word.,;
Setting variable: incorrect_count = 5
Updated existing variable incorrect_count to 5
Setting variable: game_status = 0
Updated existing variable game_status to 0
Setting variable: guesses_left = 1
Updated existing variable guesses_left to 1
Setting variable: current_word = hello
Updated existing variable current_word to hello
Setting variable: display_word = _ e l l o
Updated existing variable display_word to _ e l l o
Setting variable: guessed_letters = abueiorl
Updated existing variable guessed_letters to abueiorl
Setting variable: incorrect_letters = abuir
Updated existing variable incorrect_letters to abuir
Setting variable: game_status_text = Playing
Updated existing variable game_status_text to Playing
Setting variable: message = Correct! Letter 'l' is in the word.
Updated existing variable message to Correct! Letter 'l' is in the word.
Processing text element with label: Word: ${display_word}
After variable substitution: Word: _ e l l o
Processing text element with label: Incorrect guesses: ${incorrect_letters}
After variable substitution: Incorrect guesses: abuir
Processing text element with label: Guesses left: ${guesses_left}
After variable substitution: Guesses left: 1
Processing text element with label: Game status: ${game_status_text}
After variable substitution: Game status: Playing
Processing text element with label: Enter a letter to guess:
After variable substitution: Enter a letter to guess:
Processing text element with label: Controls: Enter a single letter to guess, or 'restart' to start a new game
After variable substitution: Controls: Enter a single letter to guess, or 'restart' to start a new game
Processing text element with label: modules/+x/hangman.+x
After variable substitution: modules/+x/hangman.+x
Sending IPC command: CLI_INPUT:s
Processing text element with label: === HANGMAN GAME ===
After variable substitution: === HANGMAN GAME ===
Processing text element with label: ${message}
After variable substitution: Correct! Letter 'l' is in the word.
Sending IPC command: DISPLAY:ELEMENT_ID:hangman_canvas
Received VARS response: VARS:incorrect_count=5,guesses_left=1,message=Correct! Letter 'l' is in the word.,game_status_text=Playing,;
Setting variable: incorrect_count = 5
Updated existing variable incorrect_count to 5
Setting variable: guesses_left = 1
Updated existing variable guesses_left to 1
Setting variable: message = Correct! Letter 'l' is in the word.
Updated existing variable message to Correct! Letter 'l' is in the word.
Setting variable: game_status_text = Playing
Updated existing variable game_status_text to Playing
Received VARS response: VARS:incorrect_count=6,game_status=2,guesses_left=0,current_word=hello,display_word=_ e l l o,guessed_letters=abueiorls,incorrect_letters=abuirs,game_status_text=Lost,message=Game Over! The word was: hello,;
Setting variable: incorrect_count = 6
Updated existing variable incorrect_count to 6
Setting variable: game_status = 2
Updated existing variable game_status to 2
Setting variable: guesses_left = 0
Updated existing variable guesses_left to 0
Setting variable: current_word = hello
Updated existing variable current_word to hello
Setting variable: display_word = _ e l l o
Updated existing variable display_word to _ e l l o
Setting variable: guessed_letters = abueiorls
Updated existing variable guessed_letters to abueiorls
Setting variable: incorrect_letters = abuirs
Updated existing variable incorrect_letters to abuirs
Setting variable: game_status_text = Lost
Updated existing variable game_status_text to Lost
Setting variable: message = Game Over! The word was: hello
Updated existing variable message to Game Over! The word was: hello
Processing text element with label: Word: ${display_word}
After variable substitution: Word: _ e l l o
Processing text element with label: Incorrect guesses: ${incorrect_letters}
After variable substitution: Incorrect guesses: abuirs
Processing text element with label: Guesses left: ${guesses_left}
After variable substitution: Guesses left: 0
Processing text element with label: Game status: ${game_status_text}
After variable substitution: Game status: Lost
Processing text element with label: Enter a letter to guess:
After variable substitution: Enter a letter to guess:
Processing text element with label: Controls: Enter a single letter to guess, or 'restart' to start a new game
After variable substitution: Controls: Enter a single letter to guess, or 'restart' to start a new game
Processing text element with label: modules/+x/hangman.+x
After variable substitution: modules/+x/hangman.+x
Sending IPC command: CLI_INPUT:h
Processing text element with label: === HANGMAN GAME ===
After variable substitution: === HANGMAN GAME ===
Processing text element with label: ${message}
After variable substitution: Game Over! The word was: hello
Sending IPC command: DISPLAY:ELEMENT_ID:hangman_canvas
Received VARS response: VARS:incorrect_count=6,guesses_left=0,message=Game Over! The word was: hello,game_status_text=Lost,;
Setting variable: incorrect_count = 6
Updated existing variable incorrect_count to 6
Setting variable: guesses_left = 0
Updated existing variable guesses_left to 0
Setting variable: message = Game Over! The word was: hello
Updated existing variable message to Game Over! The word was: hello
Setting variable: game_status_text = Lost
Updated existing variable game_status_text to Lost
Received VARS response: VARS:incorrect_count=6,game_status=2,guesses_left=0,current_word=hello,display_word=_ e l l o,guessed_letters=abueiorls,incorrect_letters=abuirs,game_status_text=Lost,message=Game over! Type 'restart' to play again.,;
Setting variable: incorrect_count = 6
Updated existing variable incorrect_count to 6
Setting variable: game_status = 2
Updated existing variable game_status to 2
Setting variable: guesses_left = 0
Updated existing variable guesses_left to 0
Setting variable: current_word = hello
Updated existing variable current_word to hello
Setting variable: display_word = _ e l l o
Updated existing variable display_word to _ e l l o
Setting variable: guessed_letters = abueiorls
Updated existing variable guessed_letters to abueiorls
Setting variable: incorrect_letters = abuirs
Updated existing variable incorrect_letters to abuirs
Setting variable: game_status_text = Lost
Updated existing variable game_status_text to Lost
Setting variable: message = Game over! Type 'restart' to play again.
Updated existing variable message to Game over! Type 'restart' to play again.
Processing text element with label: Word: ${display_word}
After variable substitution: Word: _ e l l o
Processing text element with label: Incorrect guesses: ${incorrect_letters}
After variable substitution: Incorrect guesses: abuirs
Processing text element with label: Guesses left: ${guesses_left}
After variable substitution: Guesses left: 0
Processing text element with label: Game status: ${game_status_text}
After variable substitution: Game status: Lost
Processing text element with label: Enter a letter to guess:
After variable substitution: Enter a letter to guess:
Processing text element with label: Controls: Enter a single letter to guess, or 'restart' to start a new game
After variable substitution: Controls: Enter a single letter to guess, or 'restart' to start a new game
Processing text element with label: modules/+x/hangman.+x
After variable substitution: modules/+x/hangman.+x
