INNERHTML: Enter key processed at: Tue Dec  2 04:20:40 2025
INNERHTML: Element activated (focus->active) via Enter at: Tue Dec  2 04:20:40 2025
INNERHTML: Enter key processed at: Tue Dec  2 04:20:45 2025
INNERHTML: Button marked for execution on next Enter at: Tue Dec  2 04:20:45 2025
INNERHTML: Enter key processed at: Tue Dec  2 04:22:12 2025
INNERHTML: Request received by module at: Tue Dec  2 04:22:12 2025
INNERHTML: Response received from module and being processed at: Tue Dec  2 04:22:12 2025
INNERHTML: DOM elements added to virtual DOM at: Tue Dec  2 04:22:12 2025
INNERHTML: DOM structure updated and UI state systems refreshed at: Tue Dec  2 04:22:12 2025
INNERHTML: Enter key processed at: Tue Dec  2 04:25:11 2025
INNERHTML: Element activated (focus->active) via Enter at: Tue Dec  2 04:25:11 2025
INNERHTML: Enter key processed at: Tue Dec  2 04:25:12 2025
INNERHTML: Button marked for execution on next Enter at: Tue Dec  2 04:25:12 2025
INNERHTML: Enter key processed at: Tue Dec  2 04:25:13 2025
INNERHTML: Request received by module at: Tue Dec  2 04:25:13 2025
INNERHTML: Response received from module and being processed at: Tue Dec  2 04:25:13 2025
INNERHTML: DOM elements added to virtual DOM at: Tue Dec  2 04:25:13 2025
INNERHTML: DOM structure updated and UI state systems refreshed at: Tue Dec  2 04:25:13 2025
INNERHTML: Enter key processed at: Tue Dec  2 04:27:44 2025
INNERHTML: Element activated (focus->active) via Enter at: Tue Dec  2 04:27:44 2025
INNERHTML: Enter key processed at: Tue Dec  2 04:27:54 2025
INNERHTML: Menu child marked for execution on next Enter at: Tue Dec  2 04:27:54 2025
INNERHTML: Enter key processed at: Tue Dec  2 04:27:55 2025
INNERHTML: Enter key processed at: Tue Dec  2 04:27:56 2025
INNERHTML: Menu child marked for execution on next Enter at: Tue Dec  2 04:27:56 2025
INNERHTML: Enter key processed at: Tue Dec  2 04:27:58 2025
INNERHTML: Enter key processed at: Tue Dec  2 04:27:59 2025
INNERHTML: Menu child marked for execution on next Enter at: Tue Dec  2 04:27:59 2025
INNERHTML: Enter key processed at: Tue Dec  2 04:27:59 2025
INNERHTML: Enter key processed at: Tue Dec  2 04:28:03 2025
INNERHTML: Element activated (focus->active) via Enter at: Tue Dec  2 04:28:03 2025
INNERHTML: Enter key processed at: Tue Dec  2 04:28:06 2025
INNERHTML: Menu child marked for execution on next Enter at: Tue Dec  2 04:28:06 2025
INNERHTML: Enter key processed at: Tue Dec  2 04:28:07 2025
INNERHTML: Enter key processed at: Tue Dec  2 04:28:10 2025
INNERHTML: Element activated (focus->active) via Enter at: Tue Dec  2 04:28:10 2025
INNERHTML: Enter key processed at: Tue Dec  2 04:28:12 2025
INNERHTML: Menu child marked for execution on next Enter at: Tue Dec  2 04:28:12 2025
INNERHTML: Enter key processed at: Tue Dec  2 04:28:12 2025
INNERHTML: Enter key processed at: Tue Dec  2 04:29:03 2025
INNERHTML: Element activated (focus->active) via Enter at: Tue Dec  2 04:29:03 2025
INNERHTML: Enter key processed at: Tue Dec  2 04:29:04 2025
INNERHTML: Button marked for execution on next Enter at: Tue Dec  2 04:29:04 2025
INNERHTML: Enter key processed at: Tue Dec  2 04:32:31 2025
INNERHTML: Element activated (focus->active) via Enter at: Tue Dec  2 04:32:31 2025
INNERHTML: Enter key processed at: Tue Dec  2 04:32:38 2025
INNERHTML: Element activated (focus->active) via Enter at: Tue Dec  2 04:32:38 2025
INNERHTML: Enter key processed at: Tue Dec  2 04:32:39 2025
INNERHTML: Menu child marked for execution on next Enter at: Tue Dec  2 04:32:39 2025
INNERHTML: Enter key processed at: Tue Dec  2 04:32:43 2025
INNERHTML: Menu child marked for execution on next Enter at: Tue Dec  2 04:32:43 2025
INNERHTML: Enter key processed at: Tue Dec  2 04:33:20 2025
INNERHTML: Element activated (focus->active) via Enter at: Tue Dec  2 04:33:20 2025
INNERHTML: Enter key processed at: Tue Dec  2 04:33:24 2025
INNERHTML: Element activated (focus->active) via Enter at: Tue Dec  2 04:33:24 2025
INNERHTML: Enter key processed at: Tue Dec  2 04:33:24 2025
INNERHTML: Button marked for execution on next Enter at: Tue Dec  2 04:33:24 2025
INNERHTML: Enter key processed at: Tue Dec  2 04:33:24 2025
INNERHTML: Request received by module at: Tue Dec  2 04:33:24 2025
INNERHTML: Response received from module and being processed at: Tue Dec  2 04:33:24 2025
INNERHTML: DOM elements added to virtual DOM at: Tue Dec  2 04:33:24 2025
INNERHTML: DOM structure updated and UI state systems refreshed at: Tue Dec  2 04:33:24 2025
INNERHTML: Enter key processed at: Tue Dec  2 18:06:49 2025
INNERHTML: Element activated (focus->active) via Enter at: Tue Dec  2 18:06:49 2025
INNERHTML: Enter key processed at: Tue Dec  2 18:06:50 2025
INNERHTML: Menu child marked for execution on next Enter at: Tue Dec  2 18:06:50 2025
INNERHTML: Enter key processed at: Tue Dec  2 18:06:50 2025
INNERHTML: Enter key processed at: Tue Dec  2 18:07:00 2025
INNERHTML: Element activated (focus->active) via Enter at: Tue Dec  2 18:07:00 2025
INNERHTML: Enter key processed at: Tue Dec  2 18:07:01 2025
INNERHTML: Button marked for execution on next Enter at: Tue Dec  2 18:07:01 2025
INNERHTML: Enter key processed at: Tue Dec  2 18:07:01 2025
INNERHTML: Request received by module at: Tue Dec  2 18:07:01 2025
INNERHTML: Response received from module and being processed at: Tue Dec  2 18:07:01 2025
INNERHTML: DOM elements added to virtual DOM at: Tue Dec  2 18:07:01 2025
INNERHTML: DOM structure updated and UI state systems refreshed at: Tue Dec  2 18:07:01 2025
INNERHTML: Enter key processed at: Tue Dec  2 18:07:41 2025
INNERHTML: Element activated (focus->active) via Enter at: Tue Dec  2 18:07:41 2025
INNERHTML: Enter key processed at: Tue Dec  2 18:07:41 2025
INNERHTML: Button marked for execution on next Enter at: Tue Dec  2 18:07:41 2025
INNERHTML: Enter key processed at: Tue Dec  2 18:07:43 2025
INNERHTML: Request received by module at: Tue Dec  2 18:07:43 2025
INNERHTML: Response received from module and being processed at: Tue Dec  2 18:07:43 2025
INNERHTML: DOM elements added to virtual DOM at: Tue Dec  2 18:07:43 2025
INNERHTML: DOM structure updated and UI state systems refreshed at: Tue Dec  2 18:07:43 2025
INNERHTML: Enter key processed at: Tue Dec  2 18:07:45 2025
INNERHTML: Button marked for execution on next Enter at: Tue Dec  2 18:07:45 2025
INNERHTML: Enter key processed at: Tue Dec  2 18:07:50 2025
INNERHTML: Element activated (focus->active) via Enter at: Tue Dec  2 18:07:50 2025
INNERHTML: Enter key processed at: Tue Dec  2 18:07:51 2025
INNERHTML: Button marked for execution on next Enter at: Tue Dec  2 18:07:51 2025
INNERHTML: Enter key processed at: Tue Dec  2 18:07:51 2025
INNERHTML: Request received by module at: Tue Dec  2 18:07:51 2025
INNERHTML: Response received from module and being processed at: Tue Dec  2 18:07:51 2025
INNERHTML: DOM elements added to virtual DOM at: Tue Dec  2 18:07:51 2025
INNERHTML: DOM structure updated and UI state systems refreshed at: Tue Dec  2 18:07:51 2025
INNERHTML: Enter key processed at: Tue Dec  2 18:08:23 2025
INNERHTML: Element activated (focus->active) via Enter at: Tue Dec  2 18:08:23 2025
INNERHTML: Enter key processed at: Tue Dec  2 18:08:23 2025
INNERHTML: Request received by module at: Tue Dec  2 18:08:23 2025
INNERHTML: Response received from module and being processed at: Tue Dec  2 18:08:23 2025
INNERHTML: DOM elements added to virtual DOM at: Tue Dec  2 18:08:23 2025
INNERHTML: DOM structure updated and UI state systems refreshed at: Tue Dec  2 18:08:23 2025
INNERHTML: Enter key processed at: Mon Dec  8 21:43:27 2025
INNERHTML: Element activated (focus->active) via Enter at: Mon Dec  8 21:43:27 2025
INNERHTML: Enter key processed at: Mon Dec  8 21:43:36 2025
INNERHTML: Element activated (focus->active) via Enter at: Mon Dec  8 21:43:36 2025
INNERHTML: Enter key processed at: Mon Dec  8 21:43:36 2025
INNERHTML: Enter key processed at: Mon Dec  8 21:43:41 2025
INNERHTML: Element activated (focus->active) via Enter at: Mon Dec  8 21:43:41 2025
INNERHTML: Enter key processed at: Mon Dec  8 21:43:41 2025
INNERHTML: Enter key processed at: Mon Dec  8 21:49:37 2025
INNERHTML: Element activated (focus->active) via Enter at: Mon Dec  8 21:49:37 2025
INNERHTML: Enter key processed at: Mon Dec  8 21:54:27 2025
INNERHTML: Element activated (focus->active) via Enter at: Mon Dec  8 21:54:27 2025
INNERHTML: Enter key processed at: Mon Dec  8 21:56:10 2025
INNERHTML: Element activated (focus->active) via Enter at: Mon Dec  8 21:56:10 2025
INNERHTML: Enter key processed at: Mon Dec  8 22:13:10 2025
INNERHTML: Element activated (focus->active) via Enter at: Mon Dec  8 22:13:10 2025
INNERHTML: Enter key processed at: Mon Dec  8 22:13:18 2025
INNERHTML: Element activated (focus->active) via Enter at: Mon Dec  8 22:13:18 2025
INNERHTML: Enter key processed at: Mon Dec  8 22:14:15 2025
INNERHTML: Element activated (focus->active) via Enter at: Mon Dec  8 22:14:15 2025
INNERHTML: Enter key processed at: Mon Dec  8 22:23:41 2025
INNERHTML: Element activated (focus->active) via Enter at: Mon Dec  8 22:23:41 2025
INNERHTML: Enter key processed at: Mon Dec  8 22:23:51 2025
INNERHTML: Element activated (focus->active) via Enter at: Mon Dec  8 22:23:51 2025
INNERHTML: Enter key processed at: Mon Dec  8 22:25:36 2025
INNERHTML: Element activated (focus->active) via Enter at: Mon Dec  8 22:25:36 2025
INNERHTML: Enter key processed at: Mon Dec  8 22:49:54 2025
INNERHTML: Element activated (focus->active) via Enter at: Mon Dec  8 22:49:54 2025
INNERHTML: Enter key processed at: Mon Dec  8 23:03:18 2025
INNERHTML: Element activated (focus->active) via Enter at: Mon Dec  8 23:03:18 2025
INNERHTML: Enter key processed at: Mon Dec  8 23:03:32 2025
INNERHTML: Element activated (focus->active) via Enter at: Mon Dec  8 23:03:32 2025
INNERHTML: Enter key processed at: Mon Dec  8 23:03:51 2025
INNERHTML: Element activated (focus->active) via Enter at: Mon Dec  8 23:03:51 2025
INNERHTML: Enter key processed at: Mon Dec  8 23:04:10 2025
INNERHTML: Element activated (focus->active) via Enter at: Mon Dec  8 23:04:10 2025
INNERHTML: Enter key processed at: Tue Dec  9 00:28:45 2025
INNERHTML: Element activated (focus->active) via Enter at: Tue Dec  9 00:28:45 2025
INNERHTML: Enter key processed at: Tue Dec  9 00:29:03 2025
INNERHTML: Element activated (focus->active) via Enter at: Tue Dec  9 00:29:03 2025
INNERHTML: Enter key processed at: Tue Dec  9 00:40:29 2025
INNERHTML: Element activated (focus->active) via Enter at: Tue Dec  9 00:40:29 2025
INNERHTML: Enter key processed at: Tue Dec  9 00:40:36 2025
INNERHTML: Element activated (focus->active) via Enter at: Tue Dec  9 00:40:36 2025
INNERHTML: Enter key processed at: Wed Dec 10 23:12:26 2025
INNERHTML: Element #2 focused via navigation at: Wed Dec 10 23:12:26 2025
INNERHTML: Enter key processed at: Wed Dec 10 23:12:28 2025
INNERHTML: Element activated (focus->active) via Enter at: Wed Dec 10 23:12:28 2025
INNERHTML: Enter key processed at: Wed Dec 10 23:12:31 2025
INNERHTML: Enter key processed at: Wed Dec 10 23:12:32 2025
INNERHTML: Enter key processed at: Wed Dec 10 23:12:34 2025
INNERHTML: Enter key processed at: Wed Dec 10 23:12:35 2025
INNERHTML: Enter key processed at: Wed Dec 10 23:12:36 2025
INNERHTML: Enter key processed at: Wed Dec 10 23:12:38 2025
INNERHTML: Enter key processed at: Wed Dec 10 23:12:39 2025
INNERHTML: Enter key processed at: Wed Dec 10 23:12:41 2025
INNERHTML: Enter key processed at: Wed Dec 10 23:12:43 2025
INNERHTML: Enter key processed at: Wed Dec 10 23:12:45 2025
INNERHTML: Enter key processed at: Wed Dec 10 23:13:18 2025
INNERHTML: Element #2 focused via navigation at: Wed Dec 10 23:13:18 2025
INNERHTML: Enter key processed at: Wed Dec 10 23:13:18 2025
INNERHTML: Element activated (focus->active) via Enter at: Wed Dec 10 23:13:18 2025
INNERHTML: Enter key processed at: Wed Dec 10 23:13:21 2025
INNERHTML: Enter key processed at: Wed Dec 10 23:13:22 2025
INNERHTML: Enter key processed at: Wed Dec 10 23:13:23 2025
INNERHTML: Enter key processed at: Wed Dec 10 23:13:24 2025
INNERHTML: Enter key processed at: Wed Dec 10 23:13:27 2025
INNERHTML: Enter key processed at: Wed Dec 10 23:13:30 2025
INNERHTML: Enter key processed at: Wed Dec 10 23:13:31 2025
INNERHTML: Enter key processed at: Wed Dec 10 23:13:32 2025
INNERHTML: Enter key processed at: Wed Dec 10 23:14:19 2025
INNERHTML: Element activated (focus->active) via Enter at: Wed Dec 10 23:14:19 2025
INNERHTML: Enter key processed at: Wed Dec 10 23:14:22 2025
INNERHTML: Enter key processed at: Wed Dec 10 23:14:25 2025
INNERHTML: Element #2 focused via navigation at: Wed Dec 10 23:14:25 2025
INNERHTML: Enter key processed at: Wed Dec 10 23:14:27 2025
INNERHTML: Element activated (focus->active) via Enter at: Wed Dec 10 23:14:27 2025
INNERHTML: Enter key processed at: Wed Dec 10 23:14:28 2025
INNERHTML: Enter key processed at: Wed Dec 10 23:14:29 2025
INNERHTML: Enter key processed at: Wed Dec 10 23:14:31 2025
INNERHTML: Enter key processed at: Wed Dec 10 23:14:32 2025
INNERHTML: Enter key processed at: Wed Dec 10 23:14:33 2025
INNERHTML: Enter key processed at: Wed Dec 10 23:14:35 2025
INNERHTML: Enter key processed at: Wed Dec 10 23:14:37 2025
INNERHTML: Enter key processed at: Wed Dec 10 23:14:44 2025
INNERHTML: Enter key processed at: Wed Dec 10 23:14:46 2025
INNERHTML: Enter key processed at: Wed Dec 10 23:14:47 2025
INNERHTML: Enter key processed at: Wed Dec 10 23:14:50 2025
INNERHTML: Enter key processed at: Wed Dec 10 23:58:13 2025
INNERHTML: Element activated (focus->active) via Enter at: Wed Dec 10 23:58:13 2025
INNERHTML: Enter key processed at: Thu Dec 11 00:03:27 2025
INNERHTML: Element activated (focus->active) via Enter at: Thu Dec 11 00:03:27 2025
INNERHTML: Enter key processed at: Thu Dec 11 00:03:48 2025
INNERHTML: Element activated (focus->active) via Enter at: Thu Dec 11 00:03:48 2025
INNERHTML: Enter key processed at: Thu Dec 11 00:03:58 2025
INNERHTML: Element activated (focus->active) via Enter at: Thu Dec 11 00:03:58 2025
INNERHTML: Enter key processed at: Thu Dec 11 00:03:59 2025
INNERHTML: Enter key processed at: Thu Dec 11 00:13:13 2025
INNERHTML: Element activated (focus->active) via Enter at: Thu Dec 11 00:13:13 2025
INNERHTML: Enter key processed at: Thu Dec 11 00:18:03 2025
INNERHTML: Element activated (focus->active) via Enter at: Thu Dec 11 00:18:03 2025
INNERHTML: Enter key processed at: Thu Dec 11 00:45:51 2025
INNERHTML: Element activated (focus->active) via Enter at: Thu Dec 11 00:45:51 2025
INNERHTML: Enter key processed at: Thu Dec 11 02:44:47 2025
INNERHTML: Element activated (focus->active) via Enter at: Thu Dec 11 02:44:47 2025
INNERHTML: Enter key processed at: Thu Dec 11 02:44:47 2025
INNERHTML: Enter key processed at: Thu Dec 11 02:44:49 2025
INNERHTML: Element activated (focus->active) via Enter at: Thu Dec 11 02:44:49 2025
INNERHTML: Enter key processed at: Thu Dec 11 02:44:49 2025
INNERHTML: Enter key processed at: Thu Dec 11 02:45:29 2025
INNERHTML: Element activated (focus->active) via Enter at: Thu Dec 11 02:45:29 2025
INNERHTML: Enter key processed at: Thu Dec 11 02:45:29 2025
INNERHTML: Enter key processed at: Thu Dec 11 02:45:33 2025
INNERHTML: Element activated (focus->active) via Enter at: Thu Dec 11 02:45:33 2025
INNERHTML: Enter key processed at: Thu Dec 11 02:45:34 2025
INNERHTML: Enter key processed at: Thu Dec 11 02:47:55 2025
INNERHTML: Element activated (focus->active) via Enter at: Thu Dec 11 02:47:55 2025
INNERHTML: Enter key processed at: Thu Dec 11 02:47:55 2025
INNERHTML: Enter key processed at: Thu Dec 11 02:47:58 2025
INNERHTML: Element activated (focus->active) via Enter at: Thu Dec 11 02:47:58 2025
INNERHTML: Enter key processed at: Thu Dec 11 02:47:58 2025
INNERHTML: Enter key processed at: Thu Dec 11 02:48:01 2025
INNERHTML: Element activated (focus->active) via Enter at: Thu Dec 11 02:48:01 2025
INNERHTML: Enter key processed at: Thu Dec 11 02:48:01 2025
INNERHTML: Enter key processed at: Thu Dec 11 02:48:04 2025
INNERHTML: Element activated (focus->active) via Enter at: Thu Dec 11 02:48:04 2025
INNERHTML: Enter key processed at: Thu Dec 11 02:48:05 2025
INNERHTML: Enter key processed at: Thu Dec 11 02:48:09 2025
INNERHTML: Element activated (focus->active) via Enter at: Thu Dec 11 02:48:09 2025
INNERHTML: Enter key processed at: Thu Dec 11 02:48:09 2025
INNERHTML: Enter key processed at: Thu Dec 11 02:48:10 2025
INNERHTML: Enter key processed at: Thu Dec 11 02:48:10 2025
INNERHTML: Enter key processed at: Thu Dec 11 02:48:11 2025
INNERHTML: Enter key processed at: Thu Dec 11 02:48:13 2025
INNERHTML: Element activated (focus->active) via Enter at: Thu Dec 11 02:48:13 2025
INNERHTML: Enter key processed at: Thu Dec 11 02:48:14 2025
INNERHTML: Enter key processed at: Thu Dec 11 02:48:17 2025
INNERHTML: Element activated (focus->active) via Enter at: Thu Dec 11 02:48:17 2025
INNERHTML: Enter key processed at: Thu Dec 11 02:48:17 2025
INNERHTML: Enter key processed at: Thu Dec 11 02:48:18 2025
INNERHTML: Enter key processed at: Thu Dec 11 02:48:18 2025
INNERHTML: Enter key processed at: Thu Dec 11 02:48:19 2025
INNERHTML: Enter key processed at: Thu Dec 11 02:48:19 2025
INNERHTML: Element activated (focus->active) via Enter at: Thu Dec 11 02:48:19 2025
INNERHTML: Enter key processed at: Thu Dec 11 02:48:20 2025
INNERHTML: Enter key processed at: Thu Dec 11 02:48:20 2025
INNERHTML: Enter key processed at: Thu Dec 11 02:48:20 2025
INNERHTML: Enter key processed at: Thu Dec 11 02:48:21 2025
