MODULE SHUTDOWN: shutting down after signal 2 at Tue Dec  2 03:19:46 2025
MODULE STARTUP: innerhtml test module started at Tue Dec  2 03:19:57 2025
RECEIVED: TEST_INNER_HTML at Tue Dec  2 03:20:08 2025
PROCESSING: TEST_INNER_HTML command at Tue Dec  2 03:20:08 2025
SENDING: INNER_HTML:test_container:... at Tue Dec  2 03:20:08 2025
SENT: Commands sent to framework at Tue Dec  2 03:20:08 2025
MODULE SHUTDOWN: shutting down after signal 2 at Tue Dec  2 03:37:19 2025
MODULE STARTUP: innerhtml test module started at Tue Dec  2 03:39:48 2025
RECEIVED: TEST_INNER_HTML at Tue Dec  2 03:39:50 2025
PROCESSING: TEST_INNER_HTML command at Tue Dec  2 03:39:50 2025
SENDING: INNER_HTML:test_container:... at Tue Dec  2 03:39:50 2025
SENT: Commands sent to framework at Tue Dec  2 03:39:50 2025
MODULE SHUTDOWN: shutting down after signal 2 at Tue Dec  2 03:40:08 2025
MODULE STARTUP: innerhtml test module started at Tue Dec  2 03:40:11 2025
RECEIVED: TEST_INNER_HTML at Tue Dec  2 03:40:28 2025
PROCESSING: TEST_INNER_HTML command at Tue Dec  2 03:40:28 2025
SENDING: INNER_HTML:test_container:... at Tue Dec  2 03:40:28 2025
SENT: Commands sent to framework at Tue Dec  2 03:40:28 2025
MODULE SHUTDOWN: shutting down after signal 2 at Tue Dec  2 03:43:37 2025
MODULE STARTUP: innerhtml test module started at Tue Dec  2 03:51:39 2025
RECEIVED: TEST_INNER_HTML at Tue Dec  2 03:51:48 2025
PROCESSING: TEST_INNER_HTML command at Tue Dec  2 03:51:48 2025
SENDING: INNER_HTML:test_container:... at Tue Dec  2 03:51:48 2025
SENT: Commands sent to framework at Tue Dec  2 03:51:48 2025
MODULE STARTUP: innerhtml test module started at Tue Dec  2 04:14:33 2025
RECEIVED: TEST_INNER_HTML at Tue Dec  2 04:14:47 2025
PROCESSING: TEST_INNER_HTML command at Tue Dec  2 04:14:47 2025
SENDING: INNER_HTML:test_container:... at Tue Dec  2 04:14:47 2025
SENT: Commands sent to framework at Tue Dec  2 04:14:47 2025
MODULE SHUTDOWN: shutting down after signal 2 at Tue Dec  2 04:15:25 2025
MODULE STARTUP: innerhtml test module started at Tue Dec  2 04:19:20 2025
MODULE SHUTDOWN: shutting down after signal 2 at Tue Dec  2 04:20:35 2025
MODULE STARTUP: innerhtml test module started at Tue Dec  2 04:20:40 2025
RECEIVED: TEST_INNER_HTML at Tue Dec  2 04:22:12 2025
PROCESSING: TEST_INNER_HTML command at Tue Dec  2 04:22:12 2025
SENDING: INNER_HTML:test_container:... at Tue Dec  2 04:22:12 2025
SENT: Commands sent to framework at Tue Dec  2 04:22:12 2025
MODULE SHUTDOWN: shutting down after signal 2 at Tue Dec  2 04:25:10 2025
MODULE STARTUP: innerhtml test module started at Tue Dec  2 04:25:10 2025
RECEIVED: TEST_INNER_HTML at Tue Dec  2 04:25:13 2025
PROCESSING: TEST_INNER_HTML command at Tue Dec  2 04:25:13 2025
SENDING: INNER_HTML:test_container:... at Tue Dec  2 04:25:13 2025
SENT: Commands sent to framework at Tue Dec  2 04:25:13 2025
MODULE SHUTDOWN: shutting down after signal 2 at Tue Dec  2 04:27:35 2025
MODULE STARTUP: innerhtml test module started at Tue Dec  2 04:33:16 2025
RECEIVED: TEST_INNER_HTML at Tue Dec  2 04:33:24 2025
PROCESSING: TEST_INNER_HTML command at Tue Dec  2 04:33:24 2025
SENDING: INNER_HTML:test_container:... at Tue Dec  2 04:33:24 2025
SENT: Commands sent to framework at Tue Dec  2 04:33:24 2025
MODULE SHUTDOWN: shutting down after signal 2 at Tue Dec  2 04:33:34 2025
MODULE STARTUP: innerhtml test module started at Tue Dec  2 18:06:59 2025
RECEIVED: TEST_INNER_HTML at Tue Dec  2 18:07:01 2025
PROCESSING: TEST_INNER_HTML command at Tue Dec  2 18:07:01 2025
SENDING: INNER_HTML:test_container:... at Tue Dec  2 18:07:01 2025
SENT: Commands sent to framework at Tue Dec  2 18:07:01 2025
MODULE SHUTDOWN: shutting down after signal 2 at Tue Dec  2 18:07:39 2025
MODULE STARTUP: innerhtml test module started at Tue Dec  2 18:07:40 2025
RECEIVED: TEST_INNER_HTML at Tue Dec  2 18:07:43 2025
PROCESSING: TEST_INNER_HTML command at Tue Dec  2 18:07:43 2025
SENDING: INNER_HTML:test_container:... at Tue Dec  2 18:07:43 2025
SENT: Commands sent to framework at Tue Dec  2 18:07:43 2025
RECEIVED: TEST_INNER_HTML at Tue Dec  2 18:07:51 2025
PROCESSING: TEST_INNER_HTML command at Tue Dec  2 18:07:51 2025
SENDING: INNER_HTML:test_container:... at Tue Dec  2 18:07:51 2025
SENT: Commands sent to framework at Tue Dec  2 18:07:51 2025
MODULE SHUTDOWN: shutting down after signal 2 at Tue Dec  2 18:08:17 2025
MODULE STARTUP: innerhtml test module started at Tue Dec  2 18:08:21 2025
RECEIVED: TEST_INNER_HTML at Tue Dec  2 18:08:23 2025
PROCESSING: TEST_INNER_HTML command at Tue Dec  2 18:08:23 2025
SENDING: INNER_HTML:test_container:... at Tue Dec  2 18:08:23 2025
SENT: Commands sent to framework at Tue Dec  2 18:08:23 2025
MODULE SHUTDOWN: shutting down after signal 2 at Tue Dec  2 18:08:26 2025
