=== CHTM Renderer Started ===
Starting with file: chtm/inner.chtm
Launching module: modules/+x/test_inner_html.+x
Module launched successfully, PID: 23919
Setting focus to element index 2
In child process, executing module: modules/+x/test_inner_html.+x
Processing text element with label: InnerHTML Test Page
After variable substitution: InnerHTML Test Page
Processing text element with label: Initial content - waiting for dynamic update...
After variable substitution: Initial content - waiting for dynamic update...
Processing text element with label: Menu System Test


After variable substitution: Menu System Test


Processing text element with label: modules/+x/test_inner_html.+x
After variable substitution: modules/+x/test_inner_html.+x
Received from module: VAR:last_action=InnerHTML Test Module Ready
Received VAR response: VAR:last_action=InnerHTML Test Module Ready
Setting variable: last_action = InnerHTML Test Module Ready
Created new variable last_action with value InnerHTML Test Module Ready
Processing text element with label: InnerHTML Test Page
After variable substitution: InnerHTML Test Page
Processing text element with label: Initial content - waiting for dynamic update...
After variable substitution: Initial content - waiting for dynamic update...
Processing text element with label: Menu System Test


After variable substitution: Menu System Test


Processing text element with label: modules/+x/test_inner_html.+x
After variable substitution: modules/+x/test_inner_html.+x
Sending IPC command: TEST_INNER_HTML
Processing text element with label: InnerHTML Test Page
After variable substitution: InnerHTML Test Page
Processing text element with label: Initial content - waiting for dynamic update...
After variable substitution: Initial content - waiting for dynamic update...
Processing text element with label: Menu System Test


After variable substitution: Menu System Test


Processing text element with label: modules/+x/test_inner_html.+x
After variable substitution: modules/+x/test_inner_html.+x
Received from module: VAR:status_message=InnerHTML Test Module Active
Received VAR response: VAR:status_message=InnerHTML Test Module Active
Setting variable: status_message = InnerHTML Test Module Active
Created new variable status_message with value InnerHTML Test Module Active
Received from module: INNER_HTML:test_container:<h3>Dynamic Projects List:</h3><button onClick="PROJECT_SELECTED:Project1">Project 1</button><br/><button onClick="PROJECT_SELECTED:Project2">Project 2</button><br/><button onClick="PROJECT_SELECTED:Project3">Project 3</button><br/><text label="This content was dynamically added!"/><br/>
Received INNER_HTML response: INNER_HTML:test_container:<h3>Dynamic Projects List:</h3><button onClick="PROJECT_SELECTED:Project1">Project 1</button><br/><button onClick="PROJECT_SELECTED:Project2">Project 2</button><br/><button onClick="PROJECT_SELECTED:Project3">Project 3</button><br/><text label="This content was dynamically added!"/><br/>
INNER_HTML - Looking for element ID: test_container with content: <h3>Dynamic Projects List:</h3><button onClick="PROJECT_SELECTED:Project1">Project 1</button><br/><button onClick="PROJECT_SELECTED:Project2">Project 2</button><br/><button onClick="PROJECT_SELECTED:Project3">Project 3</button><br/><text label="This content was dynamically added!"/><br/>
INNER_HTML - Found target element test_container at index 1
INNER_HTML - Replacing content for element 1
Adding fragment as children to element 1
Successfully added 13 elements as children to parent 1
INNER_HTML - Successfully added 13 child elements
Content replacement completed for innerHTML
INNER_HTML: About to refresh UI state systems after DOM modification
Setting focus to element index 2
INNER_HTML: UI state systems refreshed after DOM modification
Processing text element with label: InnerHTML Test Page
After variable substitution: InnerHTML Test Page
Processing text element with label: Menu System Test


After variable substitution: Menu System Test


Processing text element with label: modules/+x/test_inner_html.+x
After variable substitution: modules/+x/test_inner_html.+x
Processing text element with label: h3
After variable substitution: h3
Processing text element with label: Dynamic Projects List:
After variable substitution: Dynamic Projects List:
Processing text element with label: Project 1
After variable substitution: Project 1
Processing text element with label: Project 2
After variable substitution: Project 2
Processing text element with label: Project 3
After variable substitution: Project 3
Processing text element with label: This content was dynamically added!
After variable substitution: This content was dynamically added!
