INNERHTML: Enter key processed at: Tue Dec  2 04:20:40 2025
INNERHTML: Element activated (focus->active) via Enter at: Tue Dec  2 04:20:40 2025
INNERHTML: Enter key processed at: Tue Dec  2 04:20:45 2025
INNERHTML: Button marked for execution on next Enter at: Tue Dec  2 04:20:45 2025
INNERHTML: Enter key processed at: Tue Dec  2 04:22:12 2025
INNERHTML: Request received by module at: Tue Dec  2 04:22:12 2025
INNERHTML: Response received from module and being processed at: Tue Dec  2 04:22:12 2025
INNERHTML: DOM elements added to virtual DOM at: Tue Dec  2 04:22:12 2025
INNERHTML: DOM structure updated and UI state systems refreshed at: Tue Dec  2 04:22:12 2025
INNERHTML: Enter key processed at: Tue Dec  2 04:25:11 2025
INNERHTML: Element activated (focus->active) via Enter at: Tue Dec  2 04:25:11 2025
INNERHTML: Enter key processed at: Tue Dec  2 04:25:12 2025
INNERHTML: Button marked for execution on next Enter at: Tue Dec  2 04:25:12 2025
INNERHTML: Enter key processed at: Tue Dec  2 04:25:13 2025
INNERHTML: Request received by module at: Tue Dec  2 04:25:13 2025
INNERHTML: Response received from module and being processed at: Tue Dec  2 04:25:13 2025
INNERHTML: DOM elements added to virtual DOM at: Tue Dec  2 04:25:13 2025
INNERHTML: DOM structure updated and UI state systems refreshed at: Tue Dec  2 04:25:13 2025
INNERHTML: Enter key processed at: Tue Dec  2 04:27:44 2025
INNERHTML: Element activated (focus->active) via Enter at: Tue Dec  2 04:27:44 2025
INNERHTML: Enter key processed at: Tue Dec  2 04:27:54 2025
INNERHTML: Menu child marked for execution on next Enter at: Tue Dec  2 04:27:54 2025
INNERHTML: Enter key processed at: Tue Dec  2 04:27:55 2025
INNERHTML: Enter key processed at: Tue Dec  2 04:27:56 2025
INNERHTML: Menu child marked for execution on next Enter at: Tue Dec  2 04:27:56 2025
INNERHTML: Enter key processed at: Tue Dec  2 04:27:58 2025
INNERHTML: Enter key processed at: Tue Dec  2 04:27:59 2025
INNERHTML: Menu child marked for execution on next Enter at: Tue Dec  2 04:27:59 2025
INNERHTML: Enter key processed at: Tue Dec  2 04:27:59 2025
INNERHTML: Enter key processed at: Tue Dec  2 04:28:03 2025
INNERHTML: Element activated (focus->active) via Enter at: Tue Dec  2 04:28:03 2025
INNERHTML: Enter key processed at: Tue Dec  2 04:28:06 2025
INNERHTML: Menu child marked for execution on next Enter at: Tue Dec  2 04:28:06 2025
INNERHTML: Enter key processed at: Tue Dec  2 04:28:07 2025
INNERHTML: Enter key processed at: Tue Dec  2 04:28:10 2025
INNERHTML: Element activated (focus->active) via Enter at: Tue Dec  2 04:28:10 2025
INNERHTML: Enter key processed at: Tue Dec  2 04:28:12 2025
INNERHTML: Menu child marked for execution on next Enter at: Tue Dec  2 04:28:12 2025
INNERHTML: Enter key processed at: Tue Dec  2 04:28:12 2025
INNERHTML: Enter key processed at: Tue Dec  2 04:29:03 2025
INNERHTML: Element activated (focus->active) via Enter at: Tue Dec  2 04:29:03 2025
INNERHTML: Enter key processed at: Tue Dec  2 04:29:04 2025
INNERHTML: Button marked for execution on next Enter at: Tue Dec  2 04:29:04 2025
INNERHTML: Enter key processed at: Tue Dec  2 04:32:31 2025
INNERHTML: Element activated (focus->active) via Enter at: Tue Dec  2 04:32:31 2025
INNERHTML: Enter key processed at: Tue Dec  2 04:32:38 2025
INNERHTML: Element activated (focus->active) via Enter at: Tue Dec  2 04:32:38 2025
INNERHTML: Enter key processed at: Tue Dec  2 04:32:39 2025
INNERHTML: Menu child marked for execution on next Enter at: Tue Dec  2 04:32:39 2025
INNERHTML: Enter key processed at: Tue Dec  2 04:32:43 2025
INNERHTML: Menu child marked for execution on next Enter at: Tue Dec  2 04:32:43 2025
INNERHTML: Enter key processed at: Tue Dec  2 04:33:20 2025
INNERHTML: Element activated (focus->active) via Enter at: Tue Dec  2 04:33:20 2025
INNERHTML: Enter key processed at: Tue Dec  2 04:33:24 2025
INNERHTML: Element activated (focus->active) via Enter at: Tue Dec  2 04:33:24 2025
INNERHTML: Enter key processed at: Tue Dec  2 04:33:24 2025
INNERHTML: Button marked for execution on next Enter at: Tue Dec  2 04:33:24 2025
INNERHTML: Enter key processed at: Tue Dec  2 04:33:24 2025
INNERHTML: Request received by module at: Tue Dec  2 04:33:24 2025
INNERHTML: Response received from module and being processed at: Tue Dec  2 04:33:24 2025
INNERHTML: DOM elements added to virtual DOM at: Tue Dec  2 04:33:24 2025
INNERHTML: DOM structure updated and UI state systems refreshed at: Tue Dec  2 04:33:24 2025
INNERHTML: Enter key processed at: Tue Dec  2 18:06:49 2025
INNERHTML: Element activated (focus->active) via Enter at: Tue Dec  2 18:06:49 2025
INNERHTML: Enter key processed at: Tue Dec  2 18:06:50 2025
INNERHTML: Menu child marked for execution on next Enter at: Tue Dec  2 18:06:50 2025
INNERHTML: Enter key processed at: Tue Dec  2 18:06:50 2025
INNERHTML: Enter key processed at: Tue Dec  2 18:07:00 2025
INNERHTML: Element activated (focus->active) via Enter at: Tue Dec  2 18:07:00 2025
INNERHTML: Enter key processed at: Tue Dec  2 18:07:01 2025
INNERHTML: Button marked for execution on next Enter at: Tue Dec  2 18:07:01 2025
INNERHTML: Enter key processed at: Tue Dec  2 18:07:01 2025
INNERHTML: Request received by module at: Tue Dec  2 18:07:01 2025
INNERHTML: Response received from module and being processed at: Tue Dec  2 18:07:01 2025
INNERHTML: DOM elements added to virtual DOM at: Tue Dec  2 18:07:01 2025
INNERHTML: DOM structure updated and UI state systems refreshed at: Tue Dec  2 18:07:01 2025
INNERHTML: Enter key processed at: Tue Dec  2 18:07:41 2025
INNERHTML: Element activated (focus->active) via Enter at: Tue Dec  2 18:07:41 2025
INNERHTML: Enter key processed at: Tue Dec  2 18:07:41 2025
INNERHTML: Button marked for execution on next Enter at: Tue Dec  2 18:07:41 2025
INNERHTML: Enter key processed at: Tue Dec  2 18:07:43 2025
INNERHTML: Request received by module at: Tue Dec  2 18:07:43 2025
INNERHTML: Response received from module and being processed at: Tue Dec  2 18:07:43 2025
INNERHTML: DOM elements added to virtual DOM at: Tue Dec  2 18:07:43 2025
INNERHTML: DOM structure updated and UI state systems refreshed at: Tue Dec  2 18:07:43 2025
INNERHTML: Enter key processed at: Tue Dec  2 18:07:45 2025
INNERHTML: Button marked for execution on next Enter at: Tue Dec  2 18:07:45 2025
INNERHTML: Enter key processed at: Tue Dec  2 18:07:50 2025
INNERHTML: Element activated (focus->active) via Enter at: Tue Dec  2 18:07:50 2025
INNERHTML: Enter key processed at: Tue Dec  2 18:07:51 2025
INNERHTML: Button marked for execution on next Enter at: Tue Dec  2 18:07:51 2025
INNERHTML: Enter key processed at: Tue Dec  2 18:07:51 2025
INNERHTML: Request received by module at: Tue Dec  2 18:07:51 2025
INNERHTML: Response received from module and being processed at: Tue Dec  2 18:07:51 2025
INNERHTML: DOM elements added to virtual DOM at: Tue Dec  2 18:07:51 2025
INNERHTML: DOM structure updated and UI state systems refreshed at: Tue Dec  2 18:07:51 2025
INNERHTML: Enter key processed at: Tue Dec  2 18:08:23 2025
INNERHTML: Element activated (focus->active) via Enter at: Tue Dec  2 18:08:23 2025
INNERHTML: Enter key processed at: Tue Dec  2 18:08:23 2025
INNERHTML: Request received by module at: Tue Dec  2 18:08:23 2025
INNERHTML: Response received from module and being processed at: Tue Dec  2 18:08:23 2025
INNERHTML: DOM elements added to virtual DOM at: Tue Dec  2 18:08:23 2025
INNERHTML: DOM structure updated and UI state systems refreshed at: Tue Dec  2 18:08:23 2025
