[Fri Mar 13 02:03:18 AM PDT 2026] PAL Watchdog started. Max runtime: 5s
[Fri Mar 13 02:03:31 AM PDT 2026] [watchdog] Killing runaway Prisc process (PID: 9116, Elapsed: 6s)
[Fri Mar 13 02:03:31 AM PDT 2026] [watchdog] Killing runaway Prisc process (PID: 9117, Elapsed: 6s)
[Fri Mar 13 02:12:21 AM PDT 2026] PAL Watchdog started. Max runtime: 5s
[Fri Mar 13 05:41:49 AM PDT 2026] PAL Watchdog started. Max runtime: 5s
[Fri Mar 13 05:42:08 AM PDT 2026] PAL Watchdog started. Max runtime: 5s
[Fri Mar 13 05:42:27 AM PDT 2026] PAL Watchdog started. Max runtime: 5s
[Fri Mar 13 05:42:45 AM PDT 2026] [watchdog] Killing runaway Prisc process (PID: 54044, Elapsed: 6s)
[Fri Mar 13 05:42:45 AM PDT 2026] [watchdog] Killing runaway Prisc process (PID: 54045, Elapsed: 6s)
[Fri Mar 13 05:56:18 AM PDT 2026] PAL Watchdog started. Max runtime: 5s
[Fri Mar 13 05:56:31 AM PDT 2026] [watchdog] Killing runaway Prisc process (PID: 58298, Elapsed: 6s)
[Sun Mar 15 02:18:32 AM PDT 2026] PAL Watchdog started. Max runtime: 5s
[Sun Mar 15 02:29:27 AM PDT 2026] PAL Watchdog started. Max runtime: 5s
[Sun Mar 15 02:34:56 AM PDT 2026] PAL Watchdog started. Max runtime: 5s
[Sun Mar 15 02:41:07 AM PDT 2026] PAL Watchdog started. Max runtime: 5s
[Sun Mar 15 02:48:05 AM PDT 2026] PAL Watchdog started. Max runtime: 5s
[Sun Mar 15 11:33:10 AM PDT 2026] PAL Watchdog started. Max runtime: 5s
[Sun Mar 15 12:01:39 PM PDT 2026] PAL Watchdog started. Max runtime: 5s
[Sun Mar 15 04:25:47 PM PDT 2026] PAL Watchdog started. Max runtime: 5s
[Sun Mar 15 04:35:11 PM PDT 2026] PAL Watchdog started. Max runtime: 5s
[Sun Mar 15 04:35:20 PM PDT 2026] PAL Watchdog started. Max runtime: 5s
[Sun Mar 15 04:43:09 PM PDT 2026] PAL Watchdog started. Max runtime: 5s
[Sun Mar 15 04:48:23 PM PDT 2026] PAL Watchdog started. Max runtime: 5s
[Sun Mar 15 04:49:59 PM PDT 2026] PAL Watchdog started. Max runtime: 5s
[Sun Mar 15 04:52:59 PM PDT 2026] PAL Watchdog started. Max runtime: 5s
[Sun Mar 15 04:57:52 PM PDT 2026] PAL Watchdog started. Max runtime: 5s
[Sun Mar 15 05:05:24 PM PDT 2026] PAL Watchdog started. Max runtime: 5s
[Sun Mar 15 05:14:34 PM PDT 2026] PAL Watchdog started. Max runtime: 5s
[Sun Mar 15 05:21:27 PM PDT 2026] PAL Watchdog started. Max runtime: 5s
[Sun Mar 15 05:29:18 PM PDT 2026] PAL Watchdog started. Max runtime: 5s
[Sun Mar 15 05:29:29 PM PDT 2026] PAL Watchdog started. Max runtime: 5s
[Sun Mar 15 05:39:51 PM PDT 2026] PAL Watchdog started. Max runtime: 5s
[Sun Mar 15 05:46:15 PM PDT 2026] PAL Watchdog started. Max runtime: 5s
[Sun Mar 15 05:48:57 PM PDT 2026] PAL Watchdog started. Max runtime: 5s
[Sun Mar 15 05:56:06 PM PDT 2026] PAL Watchdog started. Max runtime: 5s
[Sun Mar 15 06:06:55 PM PDT 2026] PAL Watchdog started. Max runtime: 5s
[Sun Mar 15 06:09:36 PM PDT 2026] PAL Watchdog started. Max runtime: 5s
[Sun Mar 15 06:18:40 PM PDT 2026] PAL Watchdog started. Max runtime: 5s
[Sun Mar 15 06:24:01 PM PDT 2026] PAL Watchdog started. Max runtime: 5s
[Sun Mar 15 06:26:24 PM PDT 2026] PAL Watchdog started. Max runtime: 5s
[Sun Mar 15 06:27:58 PM PDT 2026] PAL Watchdog started. Max runtime: 5s
[Sun Mar 15 06:32:57 PM PDT 2026] PAL Watchdog started. Max runtime: 5s
[Sun Mar 15 06:35:37 PM PDT 2026] PAL Watchdog started. Max runtime: 5s
[Sun Mar 15 06:39:19 PM PDT 2026] PAL Watchdog started. Max runtime: 5s
[Sun Mar 15 06:43:24 PM PDT 2026] PAL Watchdog started. Max runtime: 5s
[Sun Mar 15 06:49:01 PM PDT 2026] PAL Watchdog started. Max runtime: 5s
[Sun Mar 15 06:51:27 PM PDT 2026] PAL Watchdog started. Max runtime: 5s
[Sun Mar 15 06:53:34 PM PDT 2026] PAL Watchdog started. Max runtime: 5s
[Sun Mar 15 06:55:14 PM PDT 2026] PAL Watchdog started. Max runtime: 5s
[Sun Mar 15 06:57:39 PM PDT 2026] PAL Watchdog started. Max runtime: 5s
[Sun Mar 15 07:01:30 PM PDT 2026] PAL Watchdog started. Max runtime: 5s
[Sun Mar 15 07:05:33 PM PDT 2026] PAL Watchdog started. Max runtime: 5s
[Sun Mar 15 07:09:28 PM PDT 2026] PAL Watchdog started. Max runtime: 5s
[Sun Mar 15 07:17:35 PM PDT 2026] PAL Watchdog started. Max runtime: 5s
[Sun Mar 15 07:18:30 PM PDT 2026] PAL Watchdog started. Max runtime: 5s
[Sun Mar 15 07:32:48 PM PDT 2026] PAL Watchdog started. Max runtime: 5s
[Sun Mar 15 07:38:29 PM PDT 2026] PAL Watchdog started. Max runtime: 5s
[Sun Mar 15 07:45:47 PM PDT 2026] PAL Watchdog started. Max runtime: 5s
[Sun Mar 15 07:51:12 PM PDT 2026] PAL Watchdog started. Max runtime: 5s
[Sun Mar 15 08:00:07 PM PDT 2026] PAL Watchdog started. Max runtime: 5s
[Sun Mar 15 08:11:57 PM PDT 2026] PAL Watchdog started. Max runtime: 5s
[Sun Mar 15 08:21:35 PM PDT 2026] PAL Watchdog started. Max runtime: 5s
[Sun Mar 15 08:28:47 PM PDT 2026] PAL Watchdog started. Max runtime: 5s
[Sun Mar 15 08:34:32 PM PDT 2026] PAL Watchdog started. Max runtime: 5s
[Sun Mar 15 09:30:52 PM PDT 2026] PAL Watchdog started. Max runtime: 5s
[Sun Mar 15 09:35:59 PM PDT 2026] PAL Watchdog started. Max runtime: 5s
[Sun Mar 15 09:36:09 PM PDT 2026] PAL Watchdog started. Max runtime: 5s
[Sun Mar 15 09:44:42 PM PDT 2026] PAL Watchdog started. Max runtime: 5s
[Sun Mar 15 09:49:32 PM PDT 2026] PAL Watchdog started. Max runtime: 5s
[Sun Mar 15 09:56:58 PM PDT 2026] PAL Watchdog started. Max runtime: 5s
[Sun Mar 15 10:01:58 PM PDT 2026] PAL Watchdog started. Max runtime: 5s
[Sun Mar 15 10:08:18 PM PDT 2026] PAL Watchdog started. Max runtime: 5s
[Sun Mar 15 10:15:31 PM PDT 2026] PAL Watchdog started. Max runtime: 5s
[Sun Mar 15 10:33:48 PM PDT 2026] PAL Watchdog started. Max runtime: 5s
[Sun Mar 15 10:55:32 PM PDT 2026] PAL Watchdog started. Max runtime: 5s
[Sun Mar 15 10:55:53 PM PDT 2026] PAL Watchdog started. Max runtime: 5s
[Sun Mar 15 11:06:03 PM PDT 2026] PAL Watchdog started. Max runtime: 5s
[Sun Mar 15 11:25:12 PM PDT 2026] PAL Watchdog started. Max runtime: 5s
[Sun Mar 15 11:59:15 PM PDT 2026] PAL Watchdog started. Max runtime: 5s
[Mon Mar 16 12:18:35 AM PDT 2026] PAL Watchdog started. Max runtime: 5s
[Mon Mar 16 12:29:29 AM PDT 2026] PAL Watchdog started. Max runtime: 5s
[Mon Mar 16 12:35:48 AM PDT 2026] PAL Watchdog started. Max runtime: 5s
[Mon Mar 16 12:39:11 AM PDT 2026] PAL Watchdog started. Max runtime: 5s
[Mon Mar 16 12:15:00 PM PDT 2026] PAL Watchdog started. Max runtime: 5s
[Mon Mar 16 12:34:57 PM PDT 2026] PAL Watchdog started. Max runtime: 5s
[Mon Mar 16 12:54:25 PM PDT 2026] PAL Watchdog started. Max runtime: 5s
[Mon Mar 16 12:54:56 PM PDT 2026] PAL Watchdog started. Max runtime: 5s
[Mon Mar 16 12:55:42 PM PDT 2026] PAL Watchdog started. Max runtime: 5s
[Mon Mar 16 12:56:59 PM PDT 2026] PAL Watchdog started. Max runtime: 5s
[Mon Mar 16 01:01:00 PM PDT 2026] PAL Watchdog started. Max runtime: 5s
[Mon Mar 16 01:01:53 PM PDT 2026] PAL Watchdog started. Max runtime: 5s
[Mon Mar 16 01:07:25 PM PDT 2026] PAL Watchdog started. Max runtime: 5s
[Mon Mar 16 01:12:56 PM PDT 2026] PAL Watchdog started. Max runtime: 5s
[Mon Mar 16 01:15:49 PM PDT 2026] PAL Watchdog started. Max runtime: 5s
[Mon Mar 16 01:15:56 PM PDT 2026] PAL Watchdog started. Max runtime: 5s
[Mon Mar 16 01:20:54 PM PDT 2026] PAL Watchdog started. Max runtime: 5s
[Mon Mar 16 01:33:01 PM PDT 2026] PAL Watchdog started. Max runtime: 5s
[Mon Mar 16 09:01:46 PM PDT 2026] PAL Watchdog started. Max runtime: 5s
[Mon Mar 16 09:03:01 PM PDT 2026] PAL Watchdog started. Max runtime: 5s
[Mon Mar 16 09:07:23 PM PDT 2026] PAL Watchdog started. Max runtime: 5s
[Mon Mar 16 09:22:24 PM PDT 2026] PAL Watchdog started. Max runtime: 5s
[Mon Mar 16 09:23:31 PM PDT 2026] PAL Watchdog started. Max runtime: 5s
[Mon Mar 16 09:29:30 PM PDT 2026] PAL Watchdog started. Max runtime: 5s
[Mon Mar 16 09:34:02 PM PDT 2026] PAL Watchdog started. Max runtime: 5s
[Mon Mar 16 09:36:35 PM PDT 2026] PAL Watchdog started. Max runtime: 5s
[Mon Mar 16 09:53:02 PM PDT 2026] PAL Watchdog started. Max runtime: 5s
[Mon Mar 16 09:56:36 PM PDT 2026] PAL Watchdog started. Max runtime: 5s
[Mon Mar 16 09:57:21 PM PDT 2026] PAL Watchdog started. Max runtime: 5s
[Mon Mar 16 10:04:20 PM PDT 2026] PAL Watchdog started. Max runtime: 5s
[Mon Mar 16 10:07:54 PM PDT 2026] PAL Watchdog started. Max runtime: 5s
[Mon Mar 16 10:11:22 PM PDT 2026] PAL Watchdog started. Max runtime: 5s
[Mon Mar 16 10:11:48 PM PDT 2026] PAL Watchdog started. Max runtime: 5s
[Mon Mar 16 10:14:41 PM PDT 2026] PAL Watchdog started. Max runtime: 5s
[Mon Mar 16 10:18:47 PM PDT 2026] PAL Watchdog started. Max runtime: 5s
[Mon Mar 16 10:35:22 PM PDT 2026] PAL Watchdog started. Max runtime: 5s
[Mon Mar 16 10:36:13 PM PDT 2026] PAL Watchdog started. Max runtime: 5s
[Tue Mar 17 12:05:15 AM PDT 2026] PAL Watchdog started. Max runtime: 5s
[Tue Mar 17 12:08:04 AM PDT 2026] PAL Watchdog started. Max runtime: 5s
[Tue Mar 17 12:08:40 AM PDT 2026] PAL Watchdog started. Max runtime: 5s
[Tue Mar 17 12:09:13 AM PDT 2026] PAL Watchdog started. Max runtime: 5s
[Tue Mar 17 12:09:31 AM PDT 2026] PAL Watchdog started. Max runtime: 5s
[Tue Mar 17 12:09:47 AM PDT 2026] PAL Watchdog started. Max runtime: 5s
[Tue Mar 17 04:31:18 AM EDT 2026] PAL Watchdog started. Max runtime: 5s
[Tue Mar 17 05:11:41 AM EDT 2026] PAL Watchdog started. Max runtime: 5s
[Tue Mar 17 05:12:17 AM EDT 2026] PAL Watchdog started. Max runtime: 5s
[Tue Mar 17 05:14:48 AM EDT 2026] PAL Watchdog started. Max runtime: 5s
[Tue Mar 17 05:18:14 AM EDT 2026] PAL Watchdog started. Max runtime: 5s
[Tue Mar 17 05:19:38 AM EDT 2026] PAL Watchdog started. Max runtime: 5s
[Tue Mar 17 05:24:46 AM EDT 2026] PAL Watchdog started. Max runtime: 5s
[Tue Mar 17 05:27:21 AM EDT 2026] PAL Watchdog started. Max runtime: 5s
[Tue Mar 17 05:33:30 AM EDT 2026] PAL Watchdog started. Max runtime: 5s
[Tue Mar 17 05:33:51 AM EDT 2026] PAL Watchdog started. Max runtime: 5s
[Tue Mar 17 05:35:50 AM EDT 2026] PAL Watchdog started. Max runtime: 5s
[Tue Mar 17 05:37:01 AM EDT 2026] PAL Watchdog started. Max runtime: 5s
[Tue Mar 17 05:37:46 AM EDT 2026] PAL Watchdog started. Max runtime: 5s
[Tue Mar 17 05:40:04 AM EDT 2026] PAL Watchdog started. Max runtime: 5s
[Tue Mar 17 05:42:47 AM EDT 2026] PAL Watchdog started. Max runtime: 5s
[Tue Mar 17 05:44:25 AM EDT 2026] PAL Watchdog started. Max runtime: 5s
[Tue Mar 17 06:05:20 AM EDT 2026] PAL Watchdog started. Max runtime: 5s
[Tue Mar 17 06:07:11 AM EDT 2026] PAL Watchdog started. Max runtime: 5s
[Tue Mar 17 06:13:14 AM EDT 2026] PAL Watchdog started. Max runtime: 5s
[Tue Mar 17 06:13:47 AM EDT 2026] PAL Watchdog started. Max runtime: 5s
[Tue Mar 17 06:14:51 AM EDT 2026] PAL Watchdog started. Max runtime: 5s
[Tue Mar 17 06:19:07 AM EDT 2026] PAL Watchdog started. Max runtime: 5s
[Tue Mar 17 06:24:45 AM EDT 2026] PAL Watchdog started. Max runtime: 5s
[Tue Mar 17 06:25:15 AM EDT 2026] PAL Watchdog started. Max runtime: 5s
[Wed Mar 18 12:34:27 AM PDT 2026] PAL Watchdog started. Max runtime: 5s
[Wed Mar 18 12:41:11 AM PDT 2026] PAL Watchdog started. Max runtime: 5s
[Wed Mar 18 12:44:02 AM PDT 2026] PAL Watchdog started. Max runtime: 5s
[Wed Mar 18 01:21:22 AM PDT 2026] PAL Watchdog started. Max runtime: 5s
[Wed Mar 18 01:32:40 AM PDT 2026] PAL Watchdog started. Max runtime: 5s
[Wed Mar 18 01:33:10 AM PDT 2026] PAL Watchdog started. Max runtime: 5s
[Wed Mar 18 01:37:19 AM PDT 2026] PAL Watchdog started. Max runtime: 5s
[Wed Mar 18 07:45:37 AM PDT 2026] PAL Watchdog started. Max runtime: 5s
[Wed Mar 18 07:49:00 AM PDT 2026] PAL Watchdog started. Max runtime: 5s
[Wed Mar 18 07:49:36 AM PDT 2026] PAL Watchdog started. Max runtime: 5s
[Wed Mar 18 07:50:43 AM PDT 2026] PAL Watchdog started. Max runtime: 5s
[Wed Mar 18 07:56:43 AM PDT 2026] PAL Watchdog started. Max runtime: 5s
[Wed Mar 18 08:00:48 AM PDT 2026] PAL Watchdog started. Max runtime: 5s
[Wed Mar 18 08:02:28 AM PDT 2026] PAL Watchdog started. Max runtime: 5s
[Wed Mar 18 08:08:33 AM PDT 2026] PAL Watchdog started. Max runtime: 5s
[Wed Mar 18 09:21:12 AM PDT 2026] PAL Watchdog started. Max runtime: 5s
[Wed Mar 18 09:39:21 AM PDT 2026] PAL Watchdog started. Max runtime: 5s
[Wed Mar 18 09:49:33 AM PDT 2026] PAL Watchdog started. Max runtime: 5s
[Sat Mar 21 01:42:52 AM PDT 2026] PAL Watchdog started. Max runtime: 5s
[Sat Mar 21 02:01:45 AM PDT 2026] PAL Watchdog started. Max runtime: 5s
[Sat Mar 21 02:07:55 AM PDT 2026] PAL Watchdog started. Max runtime: 5s
[Sat Mar 21 02:12:06 AM PDT 2026] PAL Watchdog started. Max runtime: 5s
[Sat Mar 21 02:16:50 AM PDT 2026] PAL Watchdog started. Max runtime: 5s
[Sat Mar 21 02:20:34 AM PDT 2026] PAL Watchdog started. Max runtime: 5s
[Sat Mar 21 02:22:56 AM PDT 2026] PAL Watchdog started. Max runtime: 5s
[Sat Mar 21 02:23:43 AM PDT 2026] PAL Watchdog started. Max runtime: 5s
[Sat Mar 21 02:34:48 AM PDT 2026] PAL Watchdog started. Max runtime: 5s
[Sat Mar 21 02:35:21 AM PDT 2026] PAL Watchdog started. Max runtime: 5s
[Sat Mar 21 02:59:04 AM PDT 2026] PAL Watchdog started. Max runtime: 5s
[Sat Mar 21 03:09:19 AM PDT 2026] PAL Watchdog started. Max runtime: 5s
[Sat Mar 21 03:12:01 AM PDT 2026] PAL Watchdog started. Max runtime: 5s
[Sat Mar 21 03:22:27 AM PDT 2026] PAL Watchdog started. Max runtime: 5s
[Sat Mar 21 04:55:39 AM PDT 2026] PAL Watchdog started. Max runtime: 5s
[Sat Mar 21 08:07:29 AM PDT 2026] PAL Watchdog started. Max runtime: 5s
[Sat Mar 21 08:46:23 AM PDT 2026] PAL Watchdog started. Max runtime: 5s
[Sat Mar 21 08:47:45 AM PDT 2026] PAL Watchdog started. Max runtime: 5s
[Sat Mar 21 02:12:40 PM PDT 2026] PAL Watchdog started. Max runtime: 5s
[Sat Mar 21 02:18:33 PM PDT 2026] PAL Watchdog started. Max runtime: 5s
[Sat Mar 21 03:41:51 PM PDT 2026] PAL Watchdog started. Max runtime: 5s
[Sat Mar 21 08:37:42 PM PDT 2026] PAL Watchdog started. Max runtime: 5s
[Sat Mar 21 08:43:28 PM PDT 2026] PAL Watchdog started. Max runtime: 5s
[Sat Mar 21 08:44:29 PM PDT 2026] PAL Watchdog started. Max runtime: 5s
[Sat Mar 21 09:02:34 PM PDT 2026] PAL Watchdog started. Max runtime: 5s
[Sat Mar 21 09:13:58 PM PDT 2026] PAL Watchdog started. Max runtime: 5s
[Sat Mar 21 09:14:32 PM PDT 2026] PAL Watchdog started. Max runtime: 5s
[Sat Mar 21 09:14:52 PM PDT 2026] PAL Watchdog started. Max runtime: 5s
[Sat Mar 21 09:24:59 PM PDT 2026] PAL Watchdog started. Max runtime: 5s
[Sat Mar 21 09:25:29 PM PDT 2026] PAL Watchdog started. Max runtime: 5s
[Sat Mar 21 09:36:37 PM PDT 2026] PAL Watchdog started. Max runtime: 5s
[Sat Mar 21 09:44:36 PM PDT 2026] PAL Watchdog started. Max runtime: 5s
[Sat Mar 21 09:50:08 PM PDT 2026] PAL Watchdog started. Max runtime: 5s
[Sat Mar 21 10:01:14 PM PDT 2026] PAL Watchdog started. Max runtime: 5s
[Sat Mar 21 10:18:25 PM PDT 2026] PAL Watchdog started. Max runtime: 5s
[Sat Mar 21 10:33:00 PM PDT 2026] PAL Watchdog started. Max runtime: 5s
[Sat Mar 21 10:41:08 PM PDT 2026] PAL Watchdog started. Max runtime: 5s
[Sat Mar 21 10:48:49 PM PDT 2026] PAL Watchdog started. Max runtime: 5s
[Sat Mar 21 10:51:26 PM PDT 2026] PAL Watchdog started. Max runtime: 5s
[Sat Mar 21 10:52:48 PM PDT 2026] PAL Watchdog started. Max runtime: 5s
[Sat Mar 21 10:56:00 PM PDT 2026] PAL Watchdog started. Max runtime: 5s
[Sat Mar 21 11:04:51 PM PDT 2026] PAL Watchdog started. Max runtime: 5s
[Sat Mar 21 11:17:12 PM PDT 2026] PAL Watchdog started. Max runtime: 5s
[Sat Mar 21 11:24:04 PM PDT 2026] PAL Watchdog started. Max runtime: 5s
[Sun Mar 22 12:01:31 AM PDT 2026] PAL Watchdog started. Max runtime: 5s
[Sun Mar 22 12:21:22 AM PDT 2026] PAL Watchdog started. Max runtime: 5s
[Sun Mar 22 12:27:55 AM PDT 2026] PAL Watchdog started. Max runtime: 5s
[Sun Mar 22 12:44:40 AM PDT 2026] PAL Watchdog started. Max runtime: 5s
[Sun Mar 22 01:02:17 AM PDT 2026] PAL Watchdog started. Max runtime: 5s
[Sun Mar 22 01:22:54 AM PDT 2026] PAL Watchdog started. Max runtime: 5s
[Sun Mar 22 01:37:15 AM PDT 2026] PAL Watchdog started. Max runtime: 5s
[Sun Mar 22 01:43:42 AM PDT 2026] PAL Watchdog started. Max runtime: 5s
[Sun Mar 22 01:47:44 AM PDT 2026] PAL Watchdog started. Max runtime: 5s
[Sun Mar 22 02:09:06 AM PDT 2026] PAL Watchdog started. Max runtime: 5s
[Sun Mar 22 02:14:20 AM PDT 2026] PAL Watchdog started. Max runtime: 5s
[Sun Mar 22 02:21:24 AM PDT 2026] PAL Watchdog started. Max runtime: 5s
[Sun Mar 22 02:48:28 AM PDT 2026] PAL Watchdog started. Max runtime: 5s
[Sun Mar 22 03:02:31 AM PDT 2026] PAL Watchdog started. Max runtime: 5s
[Sun Mar 22 03:07:25 AM PDT 2026] PAL Watchdog started. Max runtime: 5s
[Sun Mar 22 01:48:20 PM PDT 2026] PAL Watchdog started. Max runtime: 5s
[Sun Mar 22 02:25:06 PM PDT 2026] PAL Watchdog started. Max runtime: 5s
[Sun Mar 22 03:14:52 PM PDT 2026] PAL Watchdog started. Max runtime: 5s
[Sun Mar 22 03:37:57 PM PDT 2026] PAL Watchdog started. Max runtime: 5s
[Sun Mar 22 04:12:32 PM PDT 2026] PAL Watchdog started. Max runtime: 5s
[Sun Mar 22 04:40:20 PM PDT 2026] PAL Watchdog started. Max runtime: 5s
[Sun Mar 22 04:43:42 PM PDT 2026] PAL Watchdog started. Max runtime: 5s
[Sun Mar 22 05:04:51 PM PDT 2026] PAL Watchdog started. Max runtime: 5s
[Sun Mar 22 05:05:49 PM PDT 2026] PAL Watchdog started. Max runtime: 5s
[Sun Mar 22 05:14:17 PM PDT 2026] PAL Watchdog started. Max runtime: 5s
[Sun Mar 22 05:53:49 PM PDT 2026] PAL Watchdog started. Max runtime: 5s
[Sun Mar 22 05:58:57 PM PDT 2026] PAL Watchdog started. Max runtime: 5s
[Sun Mar 22 05:59:34 PM PDT 2026] PAL Watchdog started. Max runtime: 5s
[Sun Mar 22 06:22:54 PM PDT 2026] PAL Watchdog started. Max runtime: 5s
[Sun Mar 22 06:23:49 PM PDT 2026] PAL Watchdog started. Max runtime: 5s
[Sun Mar 22 06:26:09 PM PDT 2026] PAL Watchdog started. Max runtime: 5s
[Sun Mar 22 06:26:27 PM PDT 2026] PAL Watchdog started. Max runtime: 5s
[Sun Mar 22 06:28:55 PM PDT 2026] PAL Watchdog started. Max runtime: 5s
[Sun Mar 22 06:34:07 PM PDT 2026] PAL Watchdog started. Max runtime: 5s
[Sun Mar 22 06:40:54 PM PDT 2026] PAL Watchdog started. Max runtime: 5s
[Sun Mar 22 06:47:50 PM PDT 2026] PAL Watchdog started. Max runtime: 5s
[Sun Mar 22 06:48:22 PM PDT 2026] PAL Watchdog started. Max runtime: 5s
[Sun Mar 22 06:50:50 PM PDT 2026] PAL Watchdog started. Max runtime: 5s
[Sun Mar 22 07:04:34 PM PDT 2026] PAL Watchdog started. Max runtime: 5s
[Sun Mar 22 07:12:30 PM PDT 2026] PAL Watchdog started. Max runtime: 5s
[Sun Mar 22 07:14:05 PM PDT 2026] PAL Watchdog started. Max runtime: 5s
[Sun Mar 22 07:25:25 PM PDT 2026] PAL Watchdog started. Max runtime: 5s
[Sun Mar 22 07:25:51 PM PDT 2026] PAL Watchdog started. Max runtime: 5s
[Sun Mar 22 07:30:59 PM PDT 2026] PAL Watchdog started. Max runtime: 5s
[Sun Mar 22 07:36:57 PM PDT 2026] PAL Watchdog started. Max runtime: 5s
[Sun Mar 22 07:37:53 PM PDT 2026] PAL Watchdog started. Max runtime: 5s
[Sun Mar 22 07:42:20 PM PDT 2026] PAL Watchdog started. Max runtime: 5s
[Sun Mar 22 07:44:01 PM PDT 2026] PAL Watchdog started. Max runtime: 5s
[Sun Mar 22 07:49:35 PM PDT 2026] PAL Watchdog started. Max runtime: 5s
[Sun Mar 22 07:56:41 PM PDT 2026] PAL Watchdog started. Max runtime: 5s
[Sun Mar 22 07:59:44 PM PDT 2026] PAL Watchdog started. Max runtime: 5s
[Sun Mar 22 08:03:31 PM PDT 2026] PAL Watchdog started. Max runtime: 5s
[Sun Mar 22 08:08:02 PM PDT 2026] PAL Watchdog started. Max runtime: 5s
[Sun Mar 22 08:14:29 PM PDT 2026] PAL Watchdog started. Max runtime: 5s
[Sun Mar 22 08:16:26 PM PDT 2026] PAL Watchdog started. Max runtime: 5s
[Sun Mar 22 08:19:07 PM PDT 2026] PAL Watchdog started. Max runtime: 5s
[Sun Mar 22 08:22:58 PM PDT 2026] PAL Watchdog started. Max runtime: 5s
[Sun Mar 22 08:27:02 PM PDT 2026] PAL Watchdog started. Max runtime: 5s
[Sun Mar 22 08:47:02 PM PDT 2026] PAL Watchdog started. Max runtime: 5s
[Sun Mar 22 08:49:43 PM PDT 2026] PAL Watchdog started. Max runtime: 5s
[Sun Mar 22 08:55:19 PM PDT 2026] PAL Watchdog started. Max runtime: 5s
[Sun Mar 22 08:59:26 PM PDT 2026] PAL Watchdog started. Max runtime: 5s
[Sun Mar 22 09:01:36 PM PDT 2026] PAL Watchdog started. Max runtime: 5s
[Sun Mar 22 09:05:24 PM PDT 2026] PAL Watchdog started. Max runtime: 5s
[Sun Mar 22 09:18:55 PM PDT 2026] PAL Watchdog started. Max runtime: 5s
[Sun Mar 22 09:27:35 PM PDT 2026] PAL Watchdog started. Max runtime: 5s
[Sun Mar 22 09:28:09 PM PDT 2026] PAL Watchdog started. Max runtime: 5s
[Sun Mar 22 09:51:54 PM PDT 2026] PAL Watchdog started. Max runtime: 5s
[Sun Mar 22 09:52:26 PM PDT 2026] PAL Watchdog started. Max runtime: 5s
[Sun Mar 22 10:03:13 PM PDT 2026] PAL Watchdog started. Max runtime: 5s
[Sun Mar 22 10:10:27 PM PDT 2026] PAL Watchdog started. Max runtime: 5s
[Mon Mar 23 01:35:06 AM PDT 2026] PAL Watchdog started. Max runtime: 5s
[Mon Mar 23 01:35:21 AM PDT 2026] PAL Watchdog started. Max runtime: 5s
[Mon Mar 23 02:05:16 AM PDT 2026] PAL Watchdog started. Max runtime: 5s
[Mon Mar 23 02:23:38 AM PDT 2026] PAL Watchdog started. Max runtime: 5s
[Mon Mar 23 02:31:13 AM PDT 2026] PAL Watchdog started. Max runtime: 5s
[Mon Mar 23 02:35:08 AM PDT 2026] PAL Watchdog started. Max runtime: 5s
[Mon Mar 23 03:20:24 AM PDT 2026] PAL Watchdog started. Max runtime: 5s
[Mon Mar 23 07:29:20 AM EDT 2026] PAL Watchdog started. Max runtime: 5s
[Mon Mar 23 07:35:23 AM EDT 2026] PAL Watchdog started. Max runtime: 5s
[Mon Mar 23 07:36:22 AM EDT 2026] PAL Watchdog started. Max runtime: 5s
[Mon Mar 23 07:50:01 AM EDT 2026] PAL Watchdog started. Max runtime: 5s
[Mon Mar 23 08:07:39 AM EDT 2026] PAL Watchdog started. Max runtime: 5s
[Mon Mar 23 08:22:06 AM EDT 2026] PAL Watchdog started. Max runtime: 5s
[Mon Mar 23 08:22:54 AM EDT 2026] PAL Watchdog started. Max runtime: 5s
[Mon Mar 23 08:46:29 AM EDT 2026] PAL Watchdog started. Max runtime: 5s
[Tue Mar 24 02:51:08 AM EDT 2026] PAL Watchdog started. Max runtime: 5s
[Tue Mar 24 02:56:23 AM EDT 2026] PAL Watchdog started. Max runtime: 5s
[Tue Mar 24 05:08:22 AM EDT 2026] PAL Watchdog started. Max runtime: 5s
[Tue Mar 24 05:08:42 AM EDT 2026] PAL Watchdog started. Max runtime: 5s
[Tue Mar 24 05:19:42 AM EDT 2026] PAL Watchdog started. Max runtime: 5s
[Tue Mar 24 05:20:04 AM EDT 2026] PAL Watchdog started. Max runtime: 5s
[Tue Mar 24 05:27:43 AM EDT 2026] PAL Watchdog started. Max runtime: 5s
[Tue Mar 24 05:28:12 AM EDT 2026] PAL Watchdog started. Max runtime: 5s
[Tue Mar 24 05:34:43 AM EDT 2026] PAL Watchdog started. Max runtime: 5s
[Tue Mar 24 05:38:22 AM EDT 2026] PAL Watchdog started. Max runtime: 5s
[Tue Mar 24 05:39:00 AM EDT 2026] PAL Watchdog started. Max runtime: 5s
[Tue Mar 24 05:51:52 AM EDT 2026] PAL Watchdog started. Max runtime: 5s
[Tue Mar 24 06:05:23 AM EDT 2026] PAL Watchdog started. Max runtime: 5s
[Tue Mar 24 06:14:42 AM EDT 2026] PAL Watchdog started. Max runtime: 5s
[Tue Mar 24 06:15:35 AM EDT 2026] PAL Watchdog started. Max runtime: 5s
[Tue Mar 24 06:20:40 AM EDT 2026] PAL Watchdog started. Max runtime: 5s
[Tue Mar 24 06:29:18 AM EDT 2026] PAL Watchdog started. Max runtime: 5s
[Tue Mar 24 06:33:54 AM EDT 2026] PAL Watchdog started. Max runtime: 5s
[Tue Mar 24 06:49:32 AM EDT 2026] PAL Watchdog started. Max runtime: 5s
[Tue Mar 24 06:51:38 AM EDT 2026] PAL Watchdog started. Max runtime: 5s
[Tue Mar 24 06:52:07 AM EDT 2026] PAL Watchdog started. Max runtime: 5s
[Tue Mar 24 06:53:12 AM EDT 2026] PAL Watchdog started. Max runtime: 5s
[Tue Mar 24 07:22:16 AM EDT 2026] PAL Watchdog started. Max runtime: 5s
[Tue Mar 24 07:32:20 AM EDT 2026] PAL Watchdog started. Max runtime: 5s
[Tue Mar 24 08:05:05 AM EDT 2026] PAL Watchdog started. Max runtime: 5s
[Tue Mar 24 09:05:52 AM EDT 2026] PAL Watchdog started. Max runtime: 5s
[Tue Mar 24 09:16:51 AM EDT 2026] PAL Watchdog started. Max runtime: 5s
[Tue Mar 24 09:24:31 AM EDT 2026] PAL Watchdog started. Max runtime: 5s
[Tue Mar 24 09:28:07 AM EDT 2026] PAL Watchdog started. Max runtime: 5s
[Tue Mar 24 09:31:51 AM EDT 2026] PAL Watchdog started. Max runtime: 5s
[Tue Mar 24 09:35:40 AM EDT 2026] PAL Watchdog started. Max runtime: 5s
[Tue Mar 24 09:38:40 AM EDT 2026] PAL Watchdog started. Max runtime: 5s
[Tue Mar 24 10:06:31 AM EDT 2026] PAL Watchdog started. Max runtime: 5s
[Tue Mar 24 10:11:15 AM EDT 2026] PAL Watchdog started. Max runtime: 5s
[Tue Mar 24 10:26:12 AM EDT 2026] PAL Watchdog started. Max runtime: 5s
[Tue Mar 24 10:28:44 AM EDT 2026] PAL Watchdog started. Max runtime: 5s
[Tue Mar 24 10:35:59 AM EDT 2026] PAL Watchdog started. Max runtime: 5s
[Tue Mar 24 10:38:22 AM EDT 2026] PAL Watchdog started. Max runtime: 5s
[Tue Mar 24 10:41:31 AM EDT 2026] PAL Watchdog started. Max runtime: 5s
[Tue Mar 24 10:48:37 AM EDT 2026] PAL Watchdog started. Max runtime: 5s
[Tue Mar 24 10:52:28 AM EDT 2026] PAL Watchdog started. Max runtime: 5s
[Tue Mar 24 10:55:18 AM EDT 2026] PAL Watchdog started. Max runtime: 5s
[Tue Mar 24 10:56:18 AM EDT 2026] PAL Watchdog started. Max runtime: 5s
[Tue Mar 24 08:02:02 AM PDT 2026] PAL Watchdog started. Max runtime: 5s
[Tue Mar 24 09:05:30 AM PDT 2026] PAL Watchdog started. Max runtime: 5s
[Tue Mar 24 09:11:22 AM PDT 2026] PAL Watchdog started. Max runtime: 5s
[Tue Mar 24 09:13:13 AM PDT 2026] PAL Watchdog started. Max runtime: 5s
[Tue Mar 24 09:20:14 AM PDT 2026] PAL Watchdog started. Max runtime: 5s
[Tue Mar 24 09:57:16 AM PDT 2026] PAL Watchdog started. Max runtime: 5s
[Tue Mar 24 09:58:31 AM PDT 2026] PAL Watchdog started. Max runtime: 5s
[Tue Mar 24 10:03:14 AM PDT 2026] PAL Watchdog started. Max runtime: 5s
[Tue Mar 24 10:17:12 AM PDT 2026] PAL Watchdog started. Max runtime: 5s
[Tue Mar 24 10:17:29 AM PDT 2026] PAL Watchdog started. Max runtime: 5s
[Tue Mar 24 10:17:46 AM PDT 2026] PAL Watchdog started. Max runtime: 5s
[Tue Mar 24 11:42:48 AM PDT 2026] PAL Watchdog started. Max runtime: 5s
[Tue Mar 24 07:20:11 PM PDT 2026] PAL Watchdog started. Max runtime: 5s
