[Fri Mar 13 02:03:18 AM PDT 2026] PAL Watchdog started. Max runtime: 5s
[Fri Mar 13 02:03:31 AM PDT 2026] [watchdog] Killing runaway Prisc process (PID: 9116, Elapsed: 6s)
[Fri Mar 13 02:03:31 AM PDT 2026] [watchdog] Killing runaway Prisc process (PID: 9117, Elapsed: 6s)
[Fri Mar 13 02:12:21 AM PDT 2026] PAL Watchdog started. Max runtime: 5s
[Fri Mar 13 05:41:49 AM PDT 2026] PAL Watchdog started. Max runtime: 5s
[Fri Mar 13 05:42:08 AM PDT 2026] PAL Watchdog started. Max runtime: 5s
[Fri Mar 13 05:42:27 AM PDT 2026] PAL Watchdog started. Max runtime: 5s
[Fri Mar 13 05:42:45 AM PDT 2026] [watchdog] Killing runaway Prisc process (PID: 54044, Elapsed: 6s)
[Fri Mar 13 05:42:45 AM PDT 2026] [watchdog] Killing runaway Prisc process (PID: 54045, Elapsed: 6s)
[Fri Mar 13 05:56:18 AM PDT 2026] PAL Watchdog started. Max runtime: 5s
[Fri Mar 13 05:56:31 AM PDT 2026] [watchdog] Killing runaway Prisc process (PID: 58298, Elapsed: 6s)
[Sun Mar 15 02:18:32 AM PDT 2026] PAL Watchdog started. Max runtime: 5s
[Sun Mar 15 02:29:27 AM PDT 2026] PAL Watchdog started. Max runtime: 5s
[Sun Mar 15 02:34:56 AM PDT 2026] PAL Watchdog started. Max runtime: 5s
[Sun Mar 15 02:41:07 AM PDT 2026] PAL Watchdog started. Max runtime: 5s
[Sun Mar 15 02:48:05 AM PDT 2026] PAL Watchdog started. Max runtime: 5s
[Sun Mar 15 11:33:10 AM PDT 2026] PAL Watchdog started. Max runtime: 5s
[Sun Mar 15 12:01:39 PM PDT 2026] PAL Watchdog started. Max runtime: 5s
[Sun Mar 15 04:25:47 PM PDT 2026] PAL Watchdog started. Max runtime: 5s
[Sun Mar 15 04:35:11 PM PDT 2026] PAL Watchdog started. Max runtime: 5s
[Sun Mar 15 04:35:20 PM PDT 2026] PAL Watchdog started. Max runtime: 5s
[Sun Mar 15 04:43:09 PM PDT 2026] PAL Watchdog started. Max runtime: 5s
[Sun Mar 15 04:48:23 PM PDT 2026] PAL Watchdog started. Max runtime: 5s
[Sun Mar 15 04:49:59 PM PDT 2026] PAL Watchdog started. Max runtime: 5s
[Sun Mar 15 04:52:59 PM PDT 2026] PAL Watchdog started. Max runtime: 5s
[Sun Mar 15 04:57:52 PM PDT 2026] PAL Watchdog started. Max runtime: 5s
[Sun Mar 15 05:05:24 PM PDT 2026] PAL Watchdog started. Max runtime: 5s
[Sun Mar 15 05:14:34 PM PDT 2026] PAL Watchdog started. Max runtime: 5s
[Sun Mar 15 05:21:27 PM PDT 2026] PAL Watchdog started. Max runtime: 5s
[Sun Mar 15 05:29:18 PM PDT 2026] PAL Watchdog started. Max runtime: 5s
[Sun Mar 15 05:29:29 PM PDT 2026] PAL Watchdog started. Max runtime: 5s
[Sun Mar 15 05:39:51 PM PDT 2026] PAL Watchdog started. Max runtime: 5s
[Sun Mar 15 05:46:15 PM PDT 2026] PAL Watchdog started. Max runtime: 5s
[Sun Mar 15 05:48:57 PM PDT 2026] PAL Watchdog started. Max runtime: 5s
[Sun Mar 15 05:56:06 PM PDT 2026] PAL Watchdog started. Max runtime: 5s
[Sun Mar 15 06:06:55 PM PDT 2026] PAL Watchdog started. Max runtime: 5s
[Sun Mar 15 06:09:36 PM PDT 2026] PAL Watchdog started. Max runtime: 5s
[Sun Mar 15 06:18:40 PM PDT 2026] PAL Watchdog started. Max runtime: 5s
[Sun Mar 15 06:24:01 PM PDT 2026] PAL Watchdog started. Max runtime: 5s
[Sun Mar 15 06:26:24 PM PDT 2026] PAL Watchdog started. Max runtime: 5s
[Sun Mar 15 06:27:58 PM PDT 2026] PAL Watchdog started. Max runtime: 5s
[Sun Mar 15 06:32:57 PM PDT 2026] PAL Watchdog started. Max runtime: 5s
[Sun Mar 15 06:35:37 PM PDT 2026] PAL Watchdog started. Max runtime: 5s
[Sun Mar 15 06:39:19 PM PDT 2026] PAL Watchdog started. Max runtime: 5s
[Sun Mar 15 06:43:24 PM PDT 2026] PAL Watchdog started. Max runtime: 5s
[Sun Mar 15 06:49:01 PM PDT 2026] PAL Watchdog started. Max runtime: 5s
[Sun Mar 15 06:51:27 PM PDT 2026] PAL Watchdog started. Max runtime: 5s
[Sun Mar 15 06:53:34 PM PDT 2026] PAL Watchdog started. Max runtime: 5s
[Sun Mar 15 06:55:14 PM PDT 2026] PAL Watchdog started. Max runtime: 5s
[Sun Mar 15 06:57:39 PM PDT 2026] PAL Watchdog started. Max runtime: 5s
[Sun Mar 15 07:01:30 PM PDT 2026] PAL Watchdog started. Max runtime: 5s
[Sun Mar 15 07:05:33 PM PDT 2026] PAL Watchdog started. Max runtime: 5s
[Sun Mar 15 07:09:28 PM PDT 2026] PAL Watchdog started. Max runtime: 5s
[Sun Mar 15 07:17:35 PM PDT 2026] PAL Watchdog started. Max runtime: 5s
[Sun Mar 15 07:18:30 PM PDT 2026] PAL Watchdog started. Max runtime: 5s
[Sun Mar 15 07:32:48 PM PDT 2026] PAL Watchdog started. Max runtime: 5s
[Sun Mar 15 07:38:29 PM PDT 2026] PAL Watchdog started. Max runtime: 5s
[Sun Mar 15 07:45:47 PM PDT 2026] PAL Watchdog started. Max runtime: 5s
[Sun Mar 15 07:51:12 PM PDT 2026] PAL Watchdog started. Max runtime: 5s
[Sun Mar 15 08:00:07 PM PDT 2026] PAL Watchdog started. Max runtime: 5s
[Sun Mar 15 08:11:57 PM PDT 2026] PAL Watchdog started. Max runtime: 5s
[Sun Mar 15 08:21:35 PM PDT 2026] PAL Watchdog started. Max runtime: 5s
[Sun Mar 15 08:28:47 PM PDT 2026] PAL Watchdog started. Max runtime: 5s
[Sun Mar 15 08:34:32 PM PDT 2026] PAL Watchdog started. Max runtime: 5s
[Sun Mar 15 09:30:52 PM PDT 2026] PAL Watchdog started. Max runtime: 5s
[Sun Mar 15 09:35:59 PM PDT 2026] PAL Watchdog started. Max runtime: 5s
[Sun Mar 15 09:36:09 PM PDT 2026] PAL Watchdog started. Max runtime: 5s
[Sun Mar 15 09:44:42 PM PDT 2026] PAL Watchdog started. Max runtime: 5s
[Sun Mar 15 09:49:32 PM PDT 2026] PAL Watchdog started. Max runtime: 5s
[Sun Mar 15 09:56:58 PM PDT 2026] PAL Watchdog started. Max runtime: 5s
[Sun Mar 15 10:01:58 PM PDT 2026] PAL Watchdog started. Max runtime: 5s
[Sun Mar 15 10:08:18 PM PDT 2026] PAL Watchdog started. Max runtime: 5s
[Sun Mar 15 10:15:31 PM PDT 2026] PAL Watchdog started. Max runtime: 5s
[Sun Mar 15 10:33:48 PM PDT 2026] PAL Watchdog started. Max runtime: 5s
[Sun Mar 15 10:55:32 PM PDT 2026] PAL Watchdog started. Max runtime: 5s
[Sun Mar 15 10:55:53 PM PDT 2026] PAL Watchdog started. Max runtime: 5s
[Sun Mar 15 11:06:03 PM PDT 2026] PAL Watchdog started. Max runtime: 5s
[Sun Mar 15 11:25:12 PM PDT 2026] PAL Watchdog started. Max runtime: 5s
[Sun Mar 15 11:59:15 PM PDT 2026] PAL Watchdog started. Max runtime: 5s
[Mon Mar 16 12:18:35 AM PDT 2026] PAL Watchdog started. Max runtime: 5s
[Mon Mar 16 12:29:29 AM PDT 2026] PAL Watchdog started. Max runtime: 5s
[Mon Mar 16 12:35:48 AM PDT 2026] PAL Watchdog started. Max runtime: 5s
[Mon Mar 16 12:39:11 AM PDT 2026] PAL Watchdog started. Max runtime: 5s
