
======================================================================
[multi] SP.all-writeez28-b2/11.FOOTRACE.FU]HUGE/ffu++chinese-learning/1.ffu-ez_learnd&d+chem (16 files)
======================================================================
  SKIP (exists): 中fud&d-sesh1-memory-palace-race.mp3 (32.8 MB)
  Converting: fud&d-sesh10-belt-gym.txt
    [1/75] Mother Tmojizu: [out of character] This is the big one. Night gym. Time crys...
    [2/75] 中文老师: , eng, night dojo, ... tx, 夜道场, yè dào chǎng, ... xt, , eng,...
    [3/75] Horli Qwin: [out of character] This is the coolest setting you've ever m...
    [4/75] Mother Tmojizu: Roll WIS First Impression. You're taking in the ninja cultur...
    [5/75] Horli Qwin: [rolls] 19. Plus 3 is 22. [out of character] I'm soaking it ...
    [6/75] Mother Tmojizu: 22. You feel the rhythm of the place. The time crystals puls...
    [7/75] 中文老师: [as onlookers] , eng, ha ha ha, ... tx, 哈哈哈, hā hā hā, ... x...
    [8/75] IQabella: [out of character] They're throwing food at us. [in characte...
    [9/75] Mother Tmojizu: Roll CHA Persuasion. Can you win over the onlookers?
    [10/75] IQabella: [rolls] 16. Plus 2 is 18. [out of character] I'm picking up ...
    [11/75] Mother Tmojizu: 18. The onlookers pause. One of them says: ", eng, interesti...
    [12/75] 中文老师: [as Gym Master , eng, master, ... tx, 师父, shī fu, ... xt, , ...
    [13/75] CHARA: [out of character] He said four trials: mirror, trapdoor, co...
    [14/75] Mother Tmojizu: Roll INT Translation. You're parsing rapid-fire Chinese from...
    [15/75] CHARA: [rolls] 20. Plus 4 is 24. NATURAL 20. [out of character] I g...
    [16/75] Mother Tmojizu: NATURAL 20. Perfect translation. , eng, master, ... tx, 师父, ...
    [17/75] 中文老师: , eng, mirror, ... tx, 镜子, jìng zi, ... xt, , eng, reflectio...
    [18/75] Mother Tmojizu: You enter a room where every surface is a mirror. Floor, cei...
    [19/75] 中文老师: , eng, clone, ... tx, 分身, fēn shēn, ... xt, , eng, time clon...
    [20/75] Mother Tmojizu: Each of you must fight your own reflection. Roll DEX Time Fu...
    [21/75] Horli Qwin: [rolls] 18. Plus 3 is 21. [out of character] My mirror-self ...
    [22/75] Mother Tmojizu: 21. Your reflection can't keep up. But it adapts. It uses , ...
    [23/75] Horli Qwin: [rolls] 15. Plus 3 is 18. I , eng, slow down, ... tx, 减速, ji...
    [24/75] Mother Tmojizu: 18. Your reflection slows. You land a hit. It shatters into ...
    [25/75] CHARA: [rolls] 20. Plus 4 is 24. NATURAL 20. [out of character] My ...
    [26/75] Mother Tmojizu: NATURAL 20. Perfect Time Fu chemistry. The mirror ages a tho...
    [27/75] IQabella: [rolls] 17. Plus 2 is 19. Aqua! , eng, water, ... tx, 水, shu...
    [28/75] Mother Tmojizu: 19. The frozen mirror shatters. Zone One passed for IQabella...
    [29/75] Sol-Supreme: [rolls] 16. Plus 1 is 17. Circuit! , eng, electromagnetic, ....
    [30/75] Mother Tmojizu: 17. Zone One complete. All four passed. The mirrors shatter....
    [31/75] 中文老师: , eng, trapdoor, ... tx, 活板门, huó bǎn mén, ... xt, , eng, fl...
    [32/75] Mother Tmojizu: The floor is a grid of 100 panels. 80 are solid. 20 are trap...
    [33/75] 中文老师: , eng, one hundred, ... tx, 一百, yī bǎi, ... xt, , eng, eight...
    [34/75] Mother Tmojizu: Roll INT Pressure Calculation. You need to calculate weight ...
    [35/75] CHARA: [rolls] 19. Plus 4 is 23. [out of character] F = ma. My mass...
    [36/75] Mother Tmojizu: 23. Perfect calculation. CHARA crosses safely. Horli, your t...
    [37/75] Horli Qwin: [rolls] 14. Plus 3 is 17. [out of character] I'm not doing m...
    [38/75] Mother Tmojizu: 17. Your speed compensates for your lack of math. You make i...
    [39/75] IQabella: [rolls] 16. Plus 2 is 18. I , eng, predict, ... tx, 预判, yù p...
    [40/75] Mother Tmojizu: 18. Your emotional intuition works. You cross safely. Sol-Su...
    [41/75] Sol-Supreme: [rolls] 18. Plus 1 is 19. I build a temporal bridge across t...
    [42/75] Mother Tmojizu: 19. Elegant engineering. Zone Two complete. All four crossed...
    [43/75] 中文老师: , eng, conveyor belt, ... tx, 传送带, chuán sòng dài, ... xt, ,...
    [44/75] Mother Tmojizu: Three conveyor belts move in different directions at differe...
    [45/75] 中文老师: , eng, friction coefficient, ... tx, 摩擦系数, mó cā xì shù, ......
    [46/75] Mother Tmojizu: Roll DEX Conveyor Belt Combat. You're fighting a ninja stude...
    [47/75] Horli Qwin: [rolls] 17. Plus 3 is 20. [out of character] I'm surfing the...
    [48/75] Mother Tmojizu: 20. You surf the belt like a temporal skateboard. Your oppon...
    [49/75] CHARA: [rolls] 18. Plus 4 is 22. I , eng, predict, ... tx, 预判, yù p...
    [50/75] Mother Tmojizu: 22. Tactical perfection. The opponent slides off the belt. Z...
    [51/75] IQabella: [rolls] 15. Plus 2 is 17. Aqua! , eng, water, ... tx, 水, shu...
    [52/75] Mother Tmojizu: 17. Creative use of ice friction. The opponent is stuck. You...
    [53/75] Sol-Supreme: [rolls] 17. Plus 1 is 18. Circuit! , eng, electromagnetic, ....
    [54/75] Mother Tmojizu: 18. Engineering solves physics. Zone Three complete. All fou...
    [55/75] 中文老师: , eng, chaos, ... tx, 混乱, hùn luàn, ... xt, , eng, steamed b...
    [56/75] Mother Tmojizu: Everything at once. Mirrors on the walls. Trapdoors in the f...
    [57/75] Horli Qwin: [rolls] 19. Plus 3 is 22. [out of character] I'm dodging dum...
    [58/75] Mother Tmojizu: 22. The team moves as one. Horli dodges the , eng, steamed b...
    [59/75] 中文老师: [as Gym Master , eng, master, ... tx, 师父, shī fu, ... xt, , ...
    [60/75] Mother Tmojizu: The Gym Master attacks. Six arms. Six elements. He speaks ON...
    [61/75] 中文老师: [as Gym Master , eng, master, ... tx, 师父, shī fu, ... xt, , ...
    [62/75] CHARA: [rolls] 20. Plus 4 is 24. NATURAL 20. [out of character] I u...
    [63/75] Mother Tmojizu: NATURAL 20. CHARA translates every attack in real time. The ...
    [64/75] Horli Qwin: [rolls] 19. Plus 3 is 22. Sparky! Volt! Breeze! , eng, fire-...
    [65/75] IQabella: [rolls] 18. Plus 2 is 20. Aqua! Frost! , eng, water-ice, ......
    [66/75] Sol-Supreme: [rolls] 17. Plus 1 is 18. Circuit! , eng, electromagnetic, ....
    [67/75] CHARA: [rolls] 20. Plus 4 is 24. NATURAL 20. Boulder! Lumina! Void!...
    [68/75] Mother Tmojizu: NATURAL 20. The chemical combo is devastating. , eng, master...
    [69/75] 中文老师: [as Gym Master , eng, master, ... tx, 师父, shī fu, ... xt, br...
    [70/75] Mother Tmojizu: Roll CHA Graduation. The Gym Master is offering you the Blue...
    [71/75] Horli Qwin: [rolls] 20. Plus 3 is 23. NATURAL 20. [out of character] I b...
    [72/75] Mother Tmojizu: NATURAL 20. , eng, master, ... tx, 师父, shī fu, ... xt, place...
    [73/75] 中文老师: , eng, congratulations, ... tx, 恭喜, gōng xǐ, ... xt, , eng, ...
    [74/75] Mother Tmojizu: [out of character] That's the session. Blue belt earned. Fou...
    [75/75] 中文老师: , eng, goodbye, ... tx, 再见, zài jiàn, ... xt, , eng, keep go...
  DONE: 中fud&d-sesh10-belt-gym.mp3 (36.4 MB) — 75 ok, 0 failed
  Converting: fud&d-sesh11-pharma-lab.txt
    [1/39] Mother Tmojizu: [out of character] Session 11. Pharma lab. Mad scientist twi...
    [2/39] 中文老师: , eng, pharmaceutical factory, ... tx, 制药厂, zhì yào chǎng, ....
    [3/39] Horli Qwin: [out of character] A rolling mouse just delivered me a lab i...
    [4/39] Mother Tmojizu: Roll WIS First Impression. You arrive at the 12-story glass ...
    [5/39] IQabella: [rolls] 17. Plus 2 is 19. [out of character] It's clean. Too...
    [6/39] Mother Tmojizu: 19. You detect the sweet smell underneath the disinfectant. ...
    [7/39] 中文老师: [as Dr. Venom , eng, Dr. Venom, ... tx, 毒博士, dú bó shì, ... ...
    [8/39] CHARA: [out of character] He said he's Dr. Venom, poison expert. Sh...
    [9/39] Mother Tmojizu: Roll INT Translation.
    [10/39] CHARA: [rolls] 19. Plus 4 is 23. [out of character] Got it all. [in...
    [11/39] Mother Tmojizu: 23. Perfect. Dr. Panacea speaks. Slowly. Each word measured....
    [12/39] 中文老师: [as Dr. Panacea , eng, Dr. Panacea, ... tx, 万灵博士, wàn líng b...
    [13/39] Mother Tmojizu: She said: twelve floors. Each floor one lesson. From basic t...
    [14/39] 中文老师: , eng, painkiller, ... tx, 止痛药, zhǐ tòng yào, ... xt, , eng,...
    [15/39] Mother Tmojizu: Floor 2: rows of workstations. Beakers, burners, molecular s...
    [16/39] 中文老师: , eng, acetaminophen, ... tx, 对乙酰氨基酚, duì yǐ xiān ān jī fēn,...
    [17/39] Mother Tmojizu: Roll INT Chemistry. Make a painkiller. C8H9NO2 — acetaminoph...
    [18/39] CHARA: [rolls] 18. Plus 4 is 22. [out of character] Acetaminophen s...
    [19/39] Mother Tmojizu: 22. Perfect synthesis. You hand the pill to a rolling labpet...
    [20/39] Sol-Supreme: [rolls] 17. Plus 1 is 18. Caffeine synthesis. , eng, caffein...
    [21/39] Mother Tmojizu: 18. Floor 2 passed. Floor 3: the Healing Lab. 中文老师.
    [22/39] 中文老师: , eng, burn cream, ... tx, 烧伤膏, shāo shāng gāo, ... xt, , en...
    [23/39] Mother Tmojizu: Floor 3: medical bays. Burn victims (simulated). Paralyzed l...
    [24/39] 中文老师: , eng, silver, ... tx, 银, yín, ... xt, , eng, sulfonamide, ....
    [25/39] Mother Tmojizu: Roll INT Medicine. Make burn cream.
    [26/39] IQabella: [rolls] 19. Plus 2 is 21. [out of character] Silver sulfadia...
    [27/39] Mother Tmojizu: 21. Next: paralysis cure. Neostigmine. Roll INT Medicine.
    [28/39] CHARA: [rolls] 20. Plus 4 is 24. NATURAL 20. [out of character] Neo...
    [29/39] Mother Tmojizu: NATURAL 20. Floor 3 passed. Floor 4: the Enhancement Lab. 中文...
    [30/39] 中文老师: , eng, perception booster, ... tx, 感知增强剂, gǎn zhī zēng qiáng...
    [31/39] Mother Tmojizu: Floor 4: darker lighting. Holographic brain scans. The compo...
    [32/39] 中文老师: , eng, psilocybin, ... tx, 裸盖菇素, luǒ gài gū sù, ... xt, C12H...
    [33/39] Mother Tmojizu: Roll INT Biochemistry. Make a perception booster.
    [34/39] Sol-Supreme: [rolls] 16. Plus 1 is 17. , eng, psilocybin, ... tx, 裸盖菇素, l...
    [35/39] Mother Tmojizu: 17. Next: life extension. Telomerase activator. Roll INT Bio...
    [36/39] IQabella: [rolls] 18. Plus 2 is 20. , eng, telomerase, ... tx, 端粒酶, du...
    [37/39] Mother Tmojizu: 20. Floor 4 passed. Floor 5: the Toxin Lab. 中文老师.
    [38/39] 中文老师: , eng, poison, ... tx, 毒药, dú yào, ... xt, , eng, potassium ...
    [39/39] Mother Tmojizu: Floor 5: sealed containment. Negative pressure. Gas masks on...
  DONE: 中fud&d-sesh11-pharma-lab.mp3 (20.5 MB) — 39 ok, 0 failed
  Converting: fud&d-sesh12-review-pharma.txt
    [1/138] Mother Tmojizu: [out of character] This is the deep review. Everything we've...
    [2/138] 中文老师: , eng, review, ... tx, 复习, fù xí, ... xt, , eng, test, ... t...
    [3/138] Mother Tmojizu: Room one. Basic elements. I ask. You answer. No hints.
    [4/138] Mother Tmojizu: What is , eng, fire, ... tx, 火, huǒ, ... xt, in Chinese? , e...
    [5/138] Horli Qwin: , eng, fire, ... tx, 火, huǒ, ... xt, , eng, fire, ... tx, 火,...
    [6/138] Mother Tmojizu: What is , eng, water, ... tx, 水, shuǐ, ... xt, , eng, answer...
    [7/138] IQabella: , eng, water, ... tx, 水, shuǐ, ... xt, , eng, water, ... tx,...
    [8/138] Mother Tmojizu: What is , eng, earth, ... tx, 地, dì, ... xt, , eng, answer, ...
    [9/138] CHARA: , eng, earth, ... tx, 地, dì, ... xt, , eng, earth, ... tx, 地...
    [10/138] Mother Tmojizu: What is , eng, electricity, ... tx, 电, diàn, ... xt, , eng, ...
    [11/138] Sol-Supreme: , eng, electricity, ... tx, 电, diàn, ... xt, , eng, electric...
    [12/138] Mother Tmojizu: What is , eng, wind, ... tx, 风, fēng, ... xt, , eng, answer,...
    [13/138] Horli Qwin: , eng, wind, ... tx, 风, fēng, ... xt, , eng, wind, ... tx, 风...
    [14/138] Mother Tmojizu: What is , eng, ice, ... tx, 冰, bīng, ... xt, , eng, answer, ...
    [15/138] IQabella: , eng, ice, ... tx, 冰, bīng, ... xt, , eng, ice, ... tx, 冰, ...
    [16/138] Mother Tmojizu: What is , eng, light, ... tx, 光, guāng, ... xt, , eng, answe...
    [17/138] CHARA: , eng, light, ... tx, 光, guāng, ... xt, , eng, light, ... tx...
    [18/138] Mother Tmojizu: What is , eng, dark, ... tx, 暗, àn, ... xt, , eng, answer, ....
    [19/138] Sol-Supreme: , eng, dark, ... tx, 暗, àn, ... xt, , eng, dark, ... tx, 暗, ...
    [20/138] Mother Tmojizu: Room one complete. 中文老师, next room.
    [21/138] 中文老师: , eng, second, ... tx, 第二, dì èr, ... xt, , eng, room, ... t...
    [22/138] Mother Tmojizu: Room two. Chemistry words. No hints.
    [23/138] Mother Tmojizu: What is , eng, atom, ... tx, 原子, yuán zǐ, ... xt, , eng, ans...
    [24/138] CHARA: , eng, atom, ... tx, 原子, yuán zǐ, ... xt, , eng, atom, ... t...
    [25/138] Mother Tmojizu: What is , eng, molecule, ... tx, 分子, fēn zǐ, ... xt, , eng, ...
    [26/138] Sol-Supreme: , eng, molecule, ... tx, 分子, fēn zǐ, ... xt, , eng, molecule...
    [27/138] Mother Tmojizu: What is , eng, reaction, ... tx, 反应, fǎn yìng, ... xt, , eng...
    [28/138] IQabella: , eng, reaction, ... tx, 反应, fǎn yìng, ... xt, , eng, reacti...
    [29/138] Mother Tmojizu: What is , eng, compound, ... tx, 化合物, huà hé wù, ... xt, , e...
    [30/138] Horli Qwin: , eng, compound, ... tx, 化合物, huà hé wù, ... xt, , eng, comp...
    [31/138] Mother Tmojizu: What is , eng, hydrogen, ... tx, 氢, qīng, ... xt, , eng, ans...
    [32/138] CHARA: , eng, hydrogen, ... tx, 氢, qīng, ... xt, , eng, hydrogen, ....
    [33/138] Mother Tmojizu: What is , eng, oxygen, ... tx, 氧, yǎng, ... xt, , eng, answe...
    [34/138] IQabella: , eng, oxygen, ... tx, 氧, yǎng, ... xt, , eng, oxygen, ... t...
    [35/138] Mother Tmojizu: What is , eng, carbon, ... tx, 碳, tàn, ... xt, , eng, answer...
    [36/138] Sol-Supreme: , eng, carbon, ... tx, 碳, tàn, ... xt, , eng, carbon, ... tx...
    [37/138] Mother Tmojizu: What is , eng, iron, ... tx, 铁, tiě, ... xt, , eng, answer, ...
    [38/138] Horli Qwin: , eng, iron, ... tx, 铁, tiě, ... xt, , eng, iron, ... tx, 铁,...
    [39/138] Mother Tmojizu: Room two complete. 中文老师, next room.
    [40/138] 中文老师: , eng, third, ... tx, 第三, dì sān, ... xt, , eng, room, ... t...
    [41/138] Mother Tmojizu: Room three. Chemical compounds with formulas. No hints.
    [42/138] Mother Tmojizu: What is , eng, water formula, ... tx, 水公式, shuǐ gōng shì, .....
    [43/138] IQabella: , eng, water, ... tx, 水, shuǐ, ... xt, H2O, , eng, water, .....
    [44/138] Mother Tmojizu: What is , eng, carbon dioxide, ... tx, 二氧化碳, èr yǎng huà tàn...
    [45/138] CHARA: , eng, carbon dioxide, ... tx, 二氧化碳, èr yǎng huà tàn, ... xt...
    [46/138] Mother Tmojizu: What is , eng, methane, ... tx, 甲烷, jiǎ wán, ... xt, CH4? , ...
    [47/138] Sol-Supreme: , eng, methane, ... tx, 甲烷, jiǎ wán, ... xt, CH4, , eng, met...
    [48/138] Mother Tmojizu: What is , eng, iron oxide, ... tx, 氧化铁, yǎng huà tiě, ... xt...
    [49/138] Horli Qwin: , eng, iron oxide, ... tx, 氧化铁, yǎng huà tiě, ... xt, Fe2O3,...
    [50/138] Mother Tmojizu: What is , eng, silicon carbide, ... tx, 碳化硅, tàn huà guī, .....
    [51/138] Sol-Supreme: , eng, silicon carbide, ... tx, 碳化硅, tàn huà guī, ... xt, Si...
    [52/138] Mother Tmojizu: What is , eng, magnetite, ... tx, 四氧化三铁, sì yǎng huà sān tiě...
    [53/138] CHARA: , eng, magnetite, ... tx, 四氧化三铁, sì yǎng huà sān tiě, ... xt...
    [54/138] Mother Tmojizu: Room three complete. 中文老师, next room.
    [55/138] 中文老师: , eng, fourth, ... tx, 第四, dì sì, ... xt, , eng, room, ... t...
    [56/138] Mother Tmojizu: Room four. Action words. Verbs. No hints.
    [57/138] Mother Tmojizu: What is , eng, fight, ... tx, 打, dǎ, ... xt, , eng, answer, ...
    [58/138] Horli Qwin: , eng, fight, ... tx, 打, dǎ, ... xt, , eng, fight, ... tx, 打...
    [59/138] Mother Tmojizu: What is , eng, heal, ... tx, 治疗, zhì liáo, ... xt, , eng, an...
    [60/138] IQabella: , eng, heal, ... tx, 治疗, zhì liáo, ... xt, , eng, heal, ... ...
    [61/138] Mother Tmojizu: What is , eng, capture, ... tx, 捕捉, bǔ zhuō, ... xt, , eng, ...
    [62/138] CHARA: , eng, capture, ... tx, 捕捉, bǔ zhuō, ... xt, , eng, capture,...
    [63/138] Mother Tmojizu: What is , eng, escape, ... tx, 逃, táo, ... xt, , eng, answer...
    [64/138] Sol-Supreme: , eng, escape, ... tx, 逃, táo, ... xt, , eng, escape, ... tx...
    [65/138] Mother Tmojizu: What is , eng, combine, ... tx, 合, hé, ... xt, , eng, answer...
    [66/138] Horli Qwin: , eng, combine, ... tx, 合, hé, ... xt, , eng, combine, ... t...
    [67/138] Mother Tmojizu: What is , eng, forge, ... tx, 造, zào, ... xt, , eng, answer,...
    [68/138] CHARA: , eng, forge, ... tx, 造, zào, ... xt, , eng, forge, ... tx, ...
    [69/138] Mother Tmojizu: Room four complete. 中文老师, next room.
    [70/138] 中文老师: , eng, fifth, ... tx, 第五, dì wǔ, ... xt, , eng, room, ... tx...
    [71/138] Mother Tmojizu: Room five. The test. I ask. No hints. You answer.
    [72/138] Mother Tmojizu: What is , eng, mountain, ... tx, 山, shān, ... xt, in Chinese...
    [73/138] IQabella: , eng, mountain, ... tx, 山, shān, ... xt,
    [74/138] Mother Tmojizu: What is , eng, tea, ... tx, 茶, chá, ... xt, in Chinese? , en...
    [75/138] IQabella: , eng, tea, ... tx, 茶, chá, ... xt,
    [76/138] Mother Tmojizu: What is , eng, friend, ... tx, 朋友, péng you, ... xt, in Chin...
    [77/138] Horli Qwin: , eng, friend, ... tx, 朋友, péng you, ... xt,
    [78/138] Mother Tmojizu: What is , eng, victory, ... tx, 胜利, shèng lì, ... xt, in Chi...
    [79/138] CHARA: , eng, victory, ... tx, 胜利, shèng lì, ... xt,
    [80/138] Mother Tmojizu: What is , eng, library, ... tx, 图书馆, tú shū guǎn, ... xt, in...
    [81/138] Sol-Supreme: , eng, library, ... tx, 图书馆, tú shū guǎn, ... xt,
    [82/138] Mother Tmojizu: What is , eng, tavern, ... tx, 酒馆, jiǔ guǎn, ... xt, in Chin...
    [83/138] Horli Qwin: , eng, tavern, ... tx, 酒馆, jiǔ guǎn, ... xt,
    [84/138] Mother Tmojizu: What is , eng, ship, ... tx, 船, chuán, ... xt, in Chinese? ,...
    [85/138] IQabella: , eng, ship, ... tx, 船, chuán, ... xt,
    [86/138] Mother Tmojizu: What is , eng, egg, ... tx, 蛋, dàn, ... xt, in Chinese? , en...
    [87/138] CHARA: , eng, egg, ... tx, 蛋, dàn, ... xt,
    [88/138] Mother Tmojizu: What is , eng, guard, ... tx, 守卫, shǒu wèi, ... xt, in Chine...
    [89/138] Sol-Supreme: , eng, guard, ... tx, 守卫, shǒu wèi, ... xt,
    [90/138] Mother Tmojizu: What is , eng, treasure, ... tx, 宝, bǎo, ... xt, in Chinese?...
    [91/138] Horli Qwin: , eng, treasure, ... tx, 宝, bǎo, ... xt,
    [92/138] Mother Tmojizu: Room five complete. 中文老师, next room.
    [93/138] 中文老师: , eng, sixth, ... tx, 第六, dì liù, ... xt, , eng, room, ... t...
    [94/138] Mother Tmojizu: [out of character] This is the deep room. Bio reactions, sid...
    [95/138] 中文老师: , eng, advanced, ... tx, 高级, gāo jí, ... xt, , eng, organic,...
    [96/138] Mother Tmojizu: ADVANCED Question one: What is , eng, glucose, ... tx, 葡萄糖, ...
    [97/138] IQabella: , eng, glucose, ... tx, 葡萄糖, pú táo táng, ... xt, C6H12O6, ,...
    [98/138] Mother Tmojizu: ADVANCED Question two: What is , eng, protein, ... tx, 蛋白质, ...
    [99/138] CHARA: , eng, protein, ... tx, 蛋白质, dàn bái zhì, ... xt, , eng, pro...
    [100/138] Mother Tmojizu: ADVANCED Question three: What is , eng, metabolism, ... tx, ...
    [101/138] Sol-Supreme: , eng, metabolism, ... tx, 代谢, dài xiè, ... xt, , eng, metab...
    [102/138] Mother Tmojizu: ADVANCED Question four: What is , eng, absorption, ... tx, 吸...
    [103/138] IQabella: , eng, absorption, ... tx, 吸收, xī shōu, ... xt, , eng, absor...
    [104/138] Mother Tmojizu: ADVANCED Question five: What is , eng, side effects, ... tx,...
    [105/138] Horli Qwin: , eng, side effects, ... tx, 副作用, fù zuò yòng, ... xt, , eng...
    [106/138] Mother Tmojizu: ADVANCED Question six: What is , eng, allergy, ... tx, 过敏, g...
    [107/138] IQabella: , eng, allergy, ... tx, 过敏, guò mǐn, ... xt, , eng, allergy,...
    [108/138] Mother Tmojizu: ADVANCED Question seven: What is , eng, nausea, ... tx, 恶心, ...
    [109/138] Horli Qwin: , eng, nausea, ... tx, 恶心, ě xīn, ... xt, , eng, nausea, ......
    [110/138] Mother Tmojizu: ADVANCED Question eight: What is , eng, dizziness, ... tx, 头...
    [111/138] Sol-Supreme: , eng, dizziness, ... tx, 头晕, tóu yūn, ... xt, , eng, dizzin...
    [112/138] Mother Tmojizu: ADVANCED Question nine: What is , eng, aspirin, ... tx, 阿司匹林...
    [113/138] CHARA: , eng, aspirin, ... tx, 阿司匹林, ā sī pǐ lín, ... xt, C9H8O4, F...
    [114/138] Mother Tmojizu: ADVANCED Question ten: What is , eng, penicillin, ... tx, 青霉...
    [115/138] IQabella: , eng, penicillin, ... tx, 青霉素, qīng méi sù, ... xt, Alexand...
    [116/138] Mother Tmojizu: ADVANCED Question eleven: What is , eng, morphine, ... tx, 吗...
    [117/138] Horli Qwin: , eng, morphine, ... tx, 吗啡, mǎ fēi, ... xt, Friedrich Sertü...
    [118/138] Mother Tmojizu: ADVANCED Question twelve: What is , eng, insulin, ... tx, 胰岛...
    [119/138] Sol-Supreme: , eng, insulin, ... tx, 胰岛素, yí dǎo sù, ... xt, Banting and ...
    [120/138] Mother Tmojizu: ADVANCED Question thirteen: What is , eng, caffeine, ... tx,...
    [121/138] CHARA: , eng, caffeine, ... tx, 咖啡因, kā fēi yīn, ... xt, C8H10N4O2,...
    [122/138] Mother Tmojizu: ADVANCED Question fourteen: What is , eng, Pfizer, ... tx, 辉...
    [123/138] IQabella: , eng, Pfizer, ... tx, 辉瑞, huī ruì, ... xt, COVID vaccine,
    [124/138] Mother Tmojizu: ADVANCED Question fifteen: What is , eng, Johnson & Johnson,...
    [125/138] Horli Qwin: , eng, Johnson & Johnson, ... tx, 强生, qiáng shēng, ... xt, 1...
    [126/138] Mother Tmojizu: ADVANCED Question sixteen: What is , eng, excretion, ... tx,...
    [127/138] Sol-Supreme: , eng, excretion, ... tx, 排泄, pái xiè, ... xt, , eng, excret...
    [128/138] Mother Tmojizu: ADVANCED Question seventeen — THE FINAL BOSS: What is , eng,...
    [129/138] ALL TOGETHER: , eng, creation, ... tx, 创世, chuàng shì, ... xt, , eng, crea...
    [130/138] Mother Tmojizu: The boss falls. The molecular creature dissolves into atoms....
    [131/138] 中文老师: , eng, graduation, ... tx, 毕业, bì yè, ... xt, , eng, complet...
    [132/138] Mother Tmojizu: [out of character] That's the review. That's the test. That'...
    [133/138] Horli Qwin: [out of character] I learned so much Chinese. I can't believ...
    [134/138] CHARA: [out of character] My spreadsheet is now a textbook. [in cha...
    [135/138] IQabella: [out of character] I'm making graduation tea. [in character]...
    [136/138] Sol-Supreme: [out of character] The data is complete. The learning is ver...
    [137/138] Mother Tmojizu: , eng, goodbye, ... tx, 再见, zài jiàn, ... xt, , eng, keep go...
    [138/138] 中文老师: , eng, goodbye, ... tx, 再见, zài jiàn, ... xt, , eng, keep go...
  DONE: 中fud&d-sesh12-review-pharma.mp3 (48.5 MB) — 138 ok, 0 failed
  Converting: fud&d-sesh13-labpet-empire.txt
    [1/112] Mother Tmojizu: [out of character] Session 13. Labpet empire. CRISPR. Thermo...
    [2/112] 中文老师: , eng, Laboratory Pet Empire, ... tx, 实验室宠物帝国, shí yàn shì c...
    [3/112] Horli Qwin: [out of character] This is the best business plan I've ever ...
    [4/112] Mother Tmojizu: Roll CHA Business Acumen.
    [5/112] Horli Qwin: [rolls] 18. Plus 3 is 21. [out of character] I'm already buy...
    [6/112] Mother Tmojizu: 21. You buy the warehouse. You buy 100 labpets. They're smal...
    [7/112] 中文老师: , eng, lab mice, ... tx, 实验鼠, shí yàn shǔ, ... xt, , eng, or...
    [8/112] IQabella: [out of character] The labpets are unionizing. [in character...
    [9/112] Mother Tmojizu: Roll WIS Animal Empathy.
    [10/112] IQabella: [rolls] 19. Plus 2 is 21. [out of character] I'm giving them...
    [11/112] Mother Tmojizu: 21. The labpets learn faster than expected. Within a week, t...
    [12/112] 中文老师: , eng, gene editing, ... tx, 基因编辑, jī yīn biān jí, ... xt, C...
    [13/112] Mother Tmojizu: Phase one: gene editing. You're using CRISPR to create mutan...
    [14/112] 中文老师: , eng, design, ... tx, 设计, shè jì, ... xt, , eng, cut, ... t...
    [15/112] Mother Tmojizu: Roll INT CRISPR Design. First mutation: glow-in-the-dark. GF...
    [16/112] Sol-Supreme: [rolls] 17. Plus 1 is 18. [out of character] GFP — green flu...
    [17/112] Mother Tmojizu: 18. The labpet glows green. Then another. Then all of them. ...
    [18/112] CHARA: [rolls] 20. Plus 4 is 24. NATURAL 20. [out of character] Myo...
    [19/112] Mother Tmojizu: NATURAL 20. The labpet runs so fast it runs through a wall. ...
    [20/112] IQabella: [rolls] 18. Plus 2 is 20. , eng, gene knockin, ... tx, 基因敲入,...
    [21/112] Mother Tmojizu: 20. The telepathic labpet looks at each of you. You hear its...
    [22/112] 中文老师: , eng, telepathy, ... tx, 心灵感应, xīn líng gǎn yìng, ... xt, ,...
    [23/112] Horli Qwin: [out of character] A telepathic mouse is judging my life cho...
    [24/112] Mother Tmojizu: Next: fire-breathing labpet. Methane-producing gut bacteria....
    [25/112] Sol-Supreme: [rolls] 15. Plus 1 is 16. , eng, insert, ... tx, 插入, chā rù,...
    [26/112] Mother Tmojizu: 16. The fire-breathing labpet burns down the break room. Pro...
    [27/112] CHARA: [rolls] 19. Plus 4 is 23. , eng, gene knockin, ... tx, 基因敲入,...
    [28/112] Mother Tmojizu: 23. The size-shifting labpet is now the lab's security guard...
    [29/112] IQabella: [rolls] 17. Plus 2 is 19. , eng, gene editing, ... tx, 基因编辑,...
    [30/112] Mother Tmojizu: 19. The invisible labpet is now the lab's thief. It steals e...
    [31/112] Sol-Supreme: [rolls] 18. Plus 1 is 19. , eng, gene knockin, ... tx, 基因敲入,...
    [32/112] Mother Tmojizu: 19. The time-sensing labpet squeaks 3 seconds before you ask...
    [33/112] 中文老师: , eng, glow, ... tx, 发光, fā guāng, ... xt, , eng, super spee...
    [34/112] Mother Tmojizu: Phase two: the labpets start making compounds. But thermodyn...
    [35/112] 中文老师: , eng, thermodynamics, ... tx, 热力学, rè lì xué, ... xt, , eng...
    [36/112] Mother Tmojizu: The labpets try to build a perpetual motion machine. It fail...
    [37/112] 中文老师: ΔU = Q - W, , eng, change in internal energy, ... tx, 内能变化, ...
    [38/112] Mother Tmojizu: Roll INT Thermodynamics. Explain to the labpets why perpetua...
    [39/112] CHARA: [rolls] 20. Plus 4 is 24. NATURAL 20. [out of character] ΔU ...
    [40/112] Mother Tmojizu: NATURAL 20. The labpets understand. They stop building the p...
    [41/112] 中文老师: ΔS ≥ 0, , eng, entropy, ... tx, 熵, shāng, ... xt, , eng, alw...
    [42/112] Mother Tmojizu: Roll INT Entropy Management. Clean the lab before the inspec...
    [43/112] IQabella: [rolls] 16. Plus 2 is 18. , eng, entropy, ... tx, 熵, shāng, ...
    [44/112] Mother Tmojizu: 18. The lab is cleaner. But Gibbs Free Energy is the real pr...
    [45/112] 中文老师: ΔG = ΔH - TΔS, , eng, Gibbs free energy, ... tx, 吉布斯自由能, jí ...
    [46/112] Mother Tmojizu: Roll INT Chemistry. Fix the labpets' reactions.
    [47/112] Sol-Supreme: [rolls] 17. Plus 1 is 18. ΔG = ΔH - TΔS. If ΔG > 0, , eng, n...
    [48/112] Mother Tmojizu: 18. Phase two complete. Thermodynamics is under control. The...
    [49/112] 中文老师: , eng, quantum mechanics, ... tx, 量子力学, liàng zǐ lì xué, ......
    [50/112] Mother Tmojizu: Phase three: quantum mechanics. The labpets discover quantum...
    [51/112] 中文老师: , eng, quantum entanglement, ... tx, 量子纠缠, liàng zǐ jiū chán...
    [52/112] Mother Tmojizu: Roll INT Quantum Physics. Explain entanglement to the labpet...
    [53/112] Sol-Supreme: [rolls] 19. Plus 1 is 20. , eng, quantum entanglement, ... t...
    [54/112] Mother Tmojizu: 20. The labpets understand. They start using entanglement to...
    [55/112] 中文老师: , eng, Schrödinger's labpet, ... tx, 薛定谔的实验室宠物, xuē dìng è d...
    [56/112] Mother Tmojizu: Roll INT Quantum Mechanics. Open the box.
    [57/112] CHARA: [rolls] 18. Plus 4 is 22. , eng, open, ... tx, 打开, dǎ kāi, ....
    [58/112] Mother Tmojizu: 22. But then: quantum tunneling. The labpets start walking t...
    [59/112] 中文老师: , eng, quantum tunneling, ... tx, 量子隧穿, liàng zǐ suì chuān, ...
    [60/112] Mother Tmojizu: Roll INT Uncertainty Management. Catch the tunneling labpets...
    [61/112] IQabella: [rolls] 17. Plus 2 is 19. I use , eng, time-sensing, ... tx,...
    [62/112] Mother Tmojizu: 19. Phase three complete. Quantum chaos is contained. The la...
    [63/112] 中文老师: , eng, product, ... tx, 产品, chǎn pǐn, ... xt, , eng, glow-in...
    [64/112] Mother Tmojizu: Phase four: the product line. You produce four compounds: 1....
    [65/112] Mother Tmojizu: Roll INT Product Development.
    [66/112] CHARA: [rolls] 19. Plus 4 is 23. All four compounds synthesized! , ...
    [67/112] Mother Tmojizu: 23. The products are ready. But then: the labpets unionize. ...
    [68/112] Horli Qwin: [rolls] 20. Plus 3 is 23. NATURAL 20. [out of character] I o...
    [69/112] Mother Tmojizu: NATURAL 20. The labpets accept. They go back to work. The em...
    [70/112] 中文老师: , eng, The Infinitiator, ... tx, 无限者, wú xiàn zhě, ... xt, ,...
    [71/112] Mother Tmojizu: Phase five: you decide to create the ultimate fuzzpet. The I...
    [72/112] 中文老师: , eng, gene editing, ... tx, 基因编辑, jī yīn biān jí, ... xt, ,...
    [73/112] Mother Tmojizu: Roll INT Ultimate CRISPR. Combine all eight mutations + six ...
    [74/112] Sol-Supreme: [rolls] 18. Plus 1 is 19. , eng, design, ... tx, 设计, shè jì,...
    [75/112] Mother Tmojizu: 19. The Infinitiator is born. It's massive. Glowing in eight...
    [76/112] 中文老师: [as The Infinitiator] , eng, I, ... tx, 我, wǒ, ... xt, , eng...
    [77/112] Mother Tmojizu: Roll WIS Cosmic Horror Recognition.
    [78/112] IQabella: [rolls] 16. Plus 2 is 18. [out of character] It's eating the...
    [79/112] Mother Tmojizu: 18. But it's too late. The Infinitiator absorbs the souls of...
    [80/112] 中文老师: [as The Infinitiator, mutating] , eng, I, ... tx, 我, wǒ, ......
    [81/112] Mother Tmojizu: It calls itself nihilili. , eng, nihilili, ... tx, 虚无, xū wú...
    [82/112] Mother Tmojizu: nihilili attacks. It's massive now. All eight mutations ampl...
    [83/112] 中文老师: , eng, wormhole, ... tx, 虫洞, chóng dòng, ... xt, , eng, Eins...
    [84/112] Mother Tmojizu: nihilili uses its first attack: , eng, soul devour, ... tx, ...
    [85/112] Horli Qwin: [rolls] 17. Plus 3 is 20. Sparky! Volt! Breeze! , eng, fire-...
    [86/112] Mother Tmojizu: 20. You dodge the soul devour. But nihilili creates a wormho...
    [87/112] 中文老师: Gμν + Λgμν = 8πG/c⁴ Tμν, , eng, Einstein field equations, .....
    [88/112] Mother Tmojizu: Roll INT Wormhole Physics. Understand how nihilili is creati...
    [89/112] Sol-Supreme: [rolls] 20. Plus 1 is 21. , eng, Einstein field equations, ....
    [90/112] Mother Tmojizu: 21. You understand the physics. nihilili is using exotic mat...
    [91/112] CHARA: [rolls] 20. Plus 4 is 24. NATURAL 20. Boulder! Lumina! Void!...
    [92/112] Mother Tmojizu: NATURAL 20. The entropy reversal destabilizes the wormhole. ...
    [93/112] 中文老师: , eng, quantum decoherence, ... tx, 量子退相干, liàng zǐ tuì xiān...
    [94/112] Mother Tmojizu: Roll CON Existence Save.
    [95/112] IQabella: [rolls] 19. Plus 2 is 21. Aqua! Frost! , eng, water-ice, ......
    [96/112] Mother Tmojizu: 21. Your wave functions restore. You're solid again. But nih...
    [97/112] Sol-Supreme: [rolls] 19. Plus 1 is 20. , eng, exotic matter, ... tx, 奇异物质...
    [98/112] Mother Tmojizu: 20. Brilliant. You channel heat and work into the wormhole. ...
    [99/112] 中文老师: , eng, thoughts, ... tx, 思想, sī xiǎng, ... xt, , eng, fear, ...
    [100/112] Mother Tmojizu: Roll WIS Mental Defense.
    [101/112] Horli Qwin: [rolls] 20. Plus 3 is 23. NATURAL 20. [out of character] My ...
    [102/112] Mother Tmojizu: NATURAL 20. nihilili tries to read Horli's mind. It encounte...
    [103/112] 中文老师: , eng, disappear, ... tx, 消失, xiāo shī, ... xt, , eng, wormh...
    [104/112] Mother Tmojizu: The lab is destroyed. The labpets are gone — their souls abs...
    [105/112] 中文老师: , eng, finished, ... tx, 结束, jié shù, ... xt, , eng, but, .....
    [106/112] Mother Tmojizu: [out of character] That's the session. The Infinitiator beca...
    [107/112] Horli Qwin: [out of character] I need a moment. Professor Squeaks is gon...
    [108/112] CHARA: [out of character] My spreadsheet has a new tab: "nihilili —...
    [109/112] IQabella: [out of character] I'm crying. But I'm also making tea. [in ...
    [110/112] Sol-Supreme: [out of character] The data is... incomplete. But the physic...
    [111/112] Mother Tmojizu: , eng, goodbye, ... tx, 再见, zài jiàn, ... xt, , eng, Laborat...
    [112/112] 中文老师: , eng, to be continued, ... tx, 待续, dài xù, ... xt, , eng, n...
  DONE: 中fud&d-sesh13-labpet-empire.mp3 (56.8 MB) — 112 ok, 0 failed
  SKIP (exists): 中fud&d-sesh2-polo.mp3 (14.9 MB)
  SKIP (exists): 中fud&d-sesh3-horse-race.mp3 (15.9 MB)
  Converting: fud&d-sesh4-martial-arts.txt
    [1/66] Mother Tmojizu: Event three: 2v2 Martial Arts Tournament. You pick your team...
    [2/66] Horli Qwin: [rolls] 20. Plus 3 is 23. I want Chara on my team. She's the...
    [3/66] CHARA: [rolls] 19. Plus 3 is 22. I've already evaluated the optimal...
    [4/66] IQabella: [rolls] 14. Plus 0 is 14. Sol and I will be the defensive pa...
    [5/66] Sol-Supreme: [rolls] 12. Plus 0 is 12. Acceptable. My temporal shielding ...
    [6/66] Mother Tmojizu: Teams set: Horli and Chara versus IQabella and Sol-Supreme. ...
    [7/66] 中文老师: , eng, fight, ... tx, 打, dǎ, ... xt, , eng, martial arts, .....
    [8/66] Mother Tmojizu: Round one. Horli and Chara attack first. 中文老师, attack words.
    [9/66] 中文老师: , eng, attack, ... tx, 攻击, gōng jī, ... xt, , eng, charge, ....
    [10/66] Horli Qwin: I'm going , eng, charge, ... tx, 冲, chōng, ... xt, , eng, at...
    [11/66] Mother Tmojizu: Roll DEX Attack.
    [12/66] Horli Qwin: [rolls] 18. Plus 3 is 21. I , eng, fight, ... tx, 打, dǎ, ......
    [13/66] Mother Tmojizu: 21. Horli comes down swinging. IQabella and Sol, defend. Rol...
    [14/66] IQabella: , eng, block, ... tx, 挡, dǎng, ... xt, [rolls] 16. Plus 0 is...
    [15/66] Sol-Supreme: , eng, dodge, ... tx, 躲, duǒ, ... xt, [rolls] 13. Plus 1 is ...
    [16/66] Mother Tmojizu: 16 and 14. IQabella's shield absorbs most of the impact. Sol...
    [17/66] 中文老师: , eng, heal, ... tx, 治疗, zhì liáo, ... xt, , eng, protect, ....
    [18/66] IQabella: , eng, pain, ... tx, 痛, tòng, ... xt, But I'm okay. , eng, h...
    [19/66] Mother Tmojizu: Roll WIS Healing.
    [20/66] IQabella: [rolls] 17. Plus 2 is 19. The , eng, pain, ... tx, 痛, tòng, ...
    [21/66] Mother Tmojizu: 19. IQabella is fully healed and shielded. Chara, your turn....
    [22/66] 中文老师: , eng, strategy, ... tx, 策略, cè lüè, ... xt, , eng, fast, .....
    [23/66] CHARA: , eng, strategy, ... tx, 策略, cè lüè, ... xt, I'm going to , ...
    [24/66] Mother Tmojizu: Roll INT Deception.
    [25/66] CHARA: [rolls] 20. Plus 4 is 24. NATURAL 20. I slow my temporal sig...
    [26/66] Mother Tmojizu: NATURAL 20. Chara's deception is perfect. IQabella drops her...
    [27/66] CHARA: [rolls] 19. Plus 4 is 23. , eng, fight, ... tx, 打, dǎ, ... x...
    [28/66] Mother Tmojizu: 23. Chara lands a devastating combo. , eng, fist, ... tx, 拳,...
    [29/66] 中文老师: , eng, win, ... tx, 赢, yíng, ... xt, , eng, lose, ... tx, 输,...
    [30/66] Mother Tmojizu: Round one: Horli and Chara , eng, win, ... tx, 赢, yíng, ... ...
    [31/66] 中文老师: , eng, tired, ... tx, 累, lèi, ... xt, , eng, rest, ... tx, 休...
    [32/66] IQabella: I'm , eng, tired, ... tx, 累, lèi, ... xt, But I need to , en...
    [33/66] Sol-Supreme: My temporal shielding took significant damage. I'm , eng, we...
    [34/66] Mother Tmojizu: Roll CON Endurance for both.
    [35/66] IQabella: [rolls] 15. Plus 2 is 17. I , eng, rest, ... tx, 休息, xiū xi,...
    [36/66] Sol-Supreme: [rolls] 14. Plus 1 is 15. Recalibration complete. I'm , eng,...
    [37/66] Mother Tmojizu: 17 and 15. Both recover. Round two begins. IQabella and Sol ...
    [38/66] 中文老师: , eng, together, ... tx, 一起, yī qǐ, ... xt, , eng, coordinat...
    [39/66] IQabella: , eng, together, ... tx, 一起, yī qǐ, ... xt, Sol. , eng, coor...
    [40/66] Sol-Supreme: , eng, combined attack, ... tx, 合击, hé jī, ... xt, My tempor...
    [41/66] Mother Tmojizu: Roll INT Combined Attack.
    [42/66] IQabella: [rolls] 18. Plus 2 is 20. , eng, together, ... tx, 一起, yī qǐ...
    [43/66] Sol-Supreme: [rolls] 17. Plus 1 is 18. , eng, coordinate, ... tx, 配合, pèi...
    [44/66] Mother Tmojizu: 20 and 18. The , eng, combined attack, ... tx, 合击, hé jī, .....
    [45/66] Horli Qwin: , eng, dodge, ... tx, 躲, duǒ, ... xt, [rolls] 16. Plus 3 is ...
    [46/66] CHARA: , eng, block, ... tx, 挡, dǎng, ... xt, [rolls] 15. Plus 4 is...
    [47/66] Mother Tmojizu: 19 and 19. Both defend perfectly. The , eng, combined attack...
    [48/66] 中文老师: , eng, watch, ... tx, 看, kàn, ... xt, , eng, laugh, ... tx, ...
    [49/66] Horli Qwin: The horned gangsters are , eng, watch, ... tx, 看, kàn, ... x...
    [50/66] Mother Tmojizu: Round two is a draw. Both teams defended perfectly. Final ro...
    [51/66] 中文老师: , eng, final, ... tx, 最后, zuì hòu, ... xt, , eng, decide, .....
    [52/66] Mother Tmojizu: Everyone rolls DEX Attack simultaneously. Highest combined t...
    [53/66] Horli Qwin: [rolls] 19. Plus 3 is 22. , eng, full power, ... tx, 全力, quá...
    [54/66] CHARA: [rolls] 20. Plus 4 is 24. NATURAL 20. , eng, full power, ......
    [55/66] IQabella: [rolls] 16. Plus 2 is 18. , eng, full power, ... tx, 全力, quá...
    [56/66] Sol-Supreme: [rolls] 19. Plus 1 is 20. , eng, full power, ... tx, 全力, quá...
    [57/66] Mother Tmojizu: Horli and Chara: 22 + 24 = 46. IQabella and Sol: 18 + 20 = 3...
    [58/66] 中文老师: , eng, champion, ... tx, 冠军, guàn jūn, ... xt, , eng, victor...
    [59/66] Mother Tmojizu: Horli and Chara are the , eng, champion, ... tx, 冠军, guàn jū...
    [60/66] Horli Qwin: WE WON! , eng, champion, ... tx, 冠军, guàn jūn, ... xt, , eng...
    [61/66] CHARA: , eng, win, ... tx, 赢, yíng, ... xt, The data confirmed it. ...
    [62/66] IQabella: Good fight. , eng, together, ... tx, 一起, yī qǐ, ... xt, was ...
    [63/66] Sol-Supreme: The , eng, combined attack, ... tx, 合击, hé jī, ... xt, was e...
    [64/66] Mother Tmojizu: Event three complete. Next event: The Grand Banquet. Never-e...
    [65/66] 中文老师: , eng, eat, ... tx, 吃, chī, ... xt, , eng, drink, ... tx, 喝,...
    [66/66] Mother Tmojizu: , eng, eat, ... tx, 吃, chī, ... xt, , eng, drink, ... tx, 喝,...
  DONE: 中fud&d-sesh4-martial-arts.mp3 (18.4 MB) — 66 ok, 0 failed
  Converting: fud&d-sesh5-banquet.txt
    [1/44] Mother Tmojizu: Event four: The Grand Banquet. A never-ending buffet hall. T...
    [2/44] Horli Qwin: [rolls] 23. Plus 3 is 26. I'm going straight to the dessert ...
    [3/44] CHARA: [rolls] 16. Plus 3 is 19. I'm cataloging every food item. Nu...
    [4/44] IQabella: [rolls] 15. Plus 0 is 15. I'm looking for tea. Good tea. Pro...
    [5/44] Sol-Supreme: [rolls] 11. Plus 0 is 11. I'm analyzing the temporal mechani...
    [6/44] Mother Tmojizu: Turn order: Horli (26), Chara (19), IQabella (15), Sol-Supre...
    [7/44] 中文老师: , eng, food, ... tx, 食物, shí wù, ... xt, , eng, eat, ... tx,...
    [8/44] Mother Tmojizu: Horli, you hit the dessert table first. It's a mountain of c...
    [9/44] 中文老师: , eng, cake, ... tx, 蛋糕, dàn gāo, ... xt, , eng, dumpling, ....
    [10/44] Horli Qwin: , eng, cake, ... tx, 蛋糕, dàn gāo, ... xt, , eng, dumpling, ....
    [11/44] Mother Tmojizu: Roll CON Eating Contest.
    [12/44] Horli Qwin: [rolls] 20. Plus 3 is 23. NATURAL 20. I , eng, eat, ... tx, ...
    [13/44] Mother Tmojizu: NATURAL 20. Horli is a eating machine. The demon gangsters a...
    [14/44] 中文老师: , eng, full, ... tx, 饱, bǎo, ... xt, , eng, hungry, ... tx, ...
    [15/44] Mother Tmojizu: Chara, you're at the main buffet. Rows of , eng, meat, ... t...
    [16/44] 中文老师: , eng, chicken, ... tx, 鸡, jī, ... xt, , eng, beef, ... tx, ...
    [17/44] CHARA: , eng, chicken, ... tx, 鸡, jī, ... xt, , eng, beef, ... tx, ...
    [18/44] Mother Tmojizu: Roll INT Food Analysis.
    [19/44] CHARA: [rolls] 18. Plus 4 is 22. I've cataloged 47 different , eng,...
    [20/44] Mother Tmojizu: 22. Chara has created a complete nutritional database of the...
    [21/44] 中文老师: , eng, tea, ... tx, 茶, chá, ... xt, , eng, green tea, ... tx...
    [22/44] IQabella: , eng, tea, ... tx, 茶, chá, ... xt, , eng, green tea, ... tx...
    [23/44] Mother Tmojizu: Roll WIS Tea Appreciation.
    [24/44] IQabella: [rolls] 20. Plus 2 is 22. NATURAL 20. I find the perfect , e...
    [25/44] Mother Tmojizu: NATURAL 20. IQabella finds tea paradise. The never-ending bu...
    [26/44] 中文老师: , eng, strange, ... tx, 奇怪, qí guài, ... xt, , eng, magic, ....
    [27/44] Sol-Supreme: The , eng, food, ... tx, 食物, shí wù, ... xt, regenerates thr...
    [28/44] Mother Tmojizu: Roll INT Temporal Physics.
    [29/44] Sol-Supreme: [rolls] 17. Plus 1 is 18. The temporal loop has a 0.3-second...
    [30/44] Mother Tmojizu: 18. Sol has decoded the buffet's temporal mechanics. The dem...
    [31/44] 中文老师: , eng, friend, ... tx, 朋友, péng you, ... xt, , eng, together...
    [32/44] Horli Qwin: The horned guy is coming over. He's holding , eng, dumpling,...
    [33/44] Mother Tmojizu: Roll CHA Diplomacy.
    [34/44] Horli Qwin: [rolls] 19. Plus 3 is 22. , eng, cheers, ... tx, 干杯, gān bēi...
    [35/44] Mother Tmojizu: 22. The demon gangster is now your friend. He invites you to...
    [36/44] 中文老师: , eng, banquet, ... tx, 宴会, yàn huì, ... xt, , eng, finished...
    [37/44] Mother Tmojizu: The banquet , eng, finished, ... tx, 结束, jié shù, ... xt, Ev...
    [38/44] 中文老师: , eng, food, ... tx, 食物, shí wù, ... xt, , eng, eat, ... tx,...
    [39/44] Horli Qwin: , eng, delicious, ... tx, 好吃, hǎo chī, ... xt, , eng, full, ...
    [40/44] CHARA: 47 , eng, food, ... tx, 食物, shí wù, ... xt, items cataloged....
    [41/44] IQabella: Found perfect , eng, green tea, ... tx, 绿茶, lǜ chá, ... xt, ...
    [42/44] Sol-Supreme: Temporal loop mechanics decoded. 0.3-second cycle. , eng, in...
    [43/44] Mother Tmojizu: Four events complete. Polo. Horse Race. Martial Arts. Banque...
    [44/44] 中文老师: , eng, goodbye, ... tx, 再见, zài jiàn, ... xt, , eng, keep go...
  DONE: 中fud&d-sesh5-banquet.mp3 (15.7 MB) — 44 ok, 0 failed
  Converting: fud&d-sesh6-fuzzpet-chronicles.txt
    [1/108] Mother Tmojizu: Grand adventure time. You're entering the Fuzzpet Wilderness...
    [2/108] Horli Qwin: [rolls] 24. Plus 3 is 27. I want a Fire-type Fuzzpet. Someth...
    [3/108] CHARA: [rolls] 20. Plus 3 is 23. I've mapped the element compound c...
    [4/108] IQabella: [rolls] 16. Plus 0 is 16. I want a Healing-type. Something t...
    [5/108] Sol-Supreme: [rolls] 13. Plus 0 is 13. I'm building a Fuzzpet from Carbon...
    [6/108] Mother Tmojizu: 中文老师, teach us the element vocabulary.
    [7/108] 中文老师: , eng, element, ... tx, 元素, yuán sù, ... xt, , eng, fire, .....
    [8/108] Mother Tmojizu: And the chemistry words.
    [9/108] 中文老师: , eng, chemistry, ... tx, 化学, huà xué, ... xt, , eng, atom, ...
    [10/108] Horli Qwin: , eng, element, ... tx, 元素, yuán sù, ... xt, , eng, fire, .....
    [11/108] Mother Tmojizu: You enter the Fuzzpet Wilderness. The first creature you see...
    [12/108] 中文老师: , eng, capture, ... tx, 捕捉, bǔ zhuō, ... xt, , eng, ball, .....
    [13/108] Horli Qwin: I'm going to , eng, capture, ... tx, 捕捉, bǔ zhuō, ... xt, it...
    [14/108] Mother Tmojizu: Roll DEX Capture.
    [15/108] Horli Qwin: [rolls] 8. Plus 3 is 11. The Fuzzpet , eng, run away, ... tx...
    [16/108] Mother Tmojizu: 11. The Fireball Fuzzpet is too powerful. You need to , eng,...
    [17/108] 中文老师: , eng, hydrogen, ... tx, 氢, qīng, ... xt, , eng, oxygen, ......
    [18/108] CHARA: , eng, hydrogen, ... tx, 氢, qīng, ... xt, plus , eng, oxygen...
    [19/108] Mother Tmojizu: Roll INT Chemistry.
    [20/108] CHARA: [rolls] 19. Plus 4 is 23. The water , eng, compound, ... tx,...
    [21/108] Mother Tmojizu: 23. Perfect chemistry. The Fireball Fuzzpet is weakened. Hor...
    [22/108] Horli Qwin: [rolls] 18. Plus 3 is 21. I , eng, capture, ... tx, 捕捉, bǔ z...
    [23/108] Mother Tmojizu: 21. Sparky is captured! He learns his first Chronoment: Fire...
    [24/108] 中文老师: , eng, skill, ... tx, 技能, jì néng, ... xt, , eng, magic, ......
    [25/108] Horli Qwin: Sparky's , eng, skill, ... tx, 技能, jì néng, ... xt, is , eng...
    [26/108] Mother Tmojizu: You move deeper into the wilderness. IQabella spots a gentle...
    [27/108] 中文老师: , eng, river, ... tx, 河, hé, ... xt, , eng, stream, ... tx, ...
    [28/108] IQabella: A , eng, water, ... tx, 水, shuǐ, ... xt, Fuzzpet near a , en...
    [29/108] Mother Tmojizu: Roll WIS Perception.
    [30/108] IQabella: [rolls] 17. Plus 2 is 19. I see a Healing Temple in the dist...
    [31/108] Mother Tmojizu: 19. You find the Healing Temple. Inside, a monk Fuzzpet gree...
    [32/108] 中文老师: , eng, heal, ... tx, 治疗, zhì liáo, ... xt, , eng, restore, ....
    [33/108] IQabella: , eng, heal, ... tx, 治疗, zhì liáo, ... xt, , eng, restore, ....
    [34/108] Mother Tmojizu: Roll WIS Healing.
    [35/108] IQabella: [rolls] 20. Plus 2 is 22. NATURAL 20. The monk , eng, heal, ...
    [36/108] Mother Tmojizu: NATURAL 20. The Water Fuzzpet is fully healed. She bonds wit...
    [37/108] 中文老师: , eng, water wave, ... tx, 水波, shuǐ bō, ... xt, , eng, ice, ...
    [38/108] IQabella: Aqua's , eng, skill, ... tx, 技能, jì néng, ... xt, is , eng, ...
    [39/108] Mother Tmojizu: Sol-Supreme, you're building your own Fuzzpet from raw eleme...
    [40/108] 中文老师: , eng, carbon, ... tx, 碳, tàn, ... xt, , eng, silicon, ... t...
    [41/108] Sol-Supreme: , eng, carbon, ... tx, 碳, tàn, ... xt, is element 6. , eng, ...
    [42/108] Mother Tmojizu: Roll INT Engineering.
    [43/108] Sol-Supreme: [rolls] 18. Plus 1 is 19. The SiC Fuzzpet forms. It's , eng,...
    [44/108] Mother Tmojizu: 19. Circuit is born. His Chronoment: ElectroJolt , eng, elec...
    [45/108] 中文老师: , eng, electric shock, ... tx, 电击, diàn jī, ... xt, , eng, l...
    [46/108] Sol-Supreme: Circuit's , eng, skill, ... tx, 技能, jì néng, ... xt, is , en...
    [47/108] Mother Tmojizu: CHARA, you're hunting for a rare Fuzzpet. You find tracks le...
    [48/108] 中文老师: , eng, stone, ... tx, 石头, shí tou, ... xt, , eng, mountain, ...
    [49/108] CHARA: , eng, earth, ... tx, 土, tǔ, ... xt, Fuzzpet. In a , eng, ca...
    [50/108] Mother Tmojizu: Roll INT Chemistry.
    [51/108] CHARA: [rolls] 20. Plus 4 is 24. NATURAL 20. The liquid , eng, nitr...
    [52/108] Mother Tmojizu: NATURAL 20. Perfect chemistry. The Earth Fuzzpet is frozen. ...
    [53/108] CHARA: [rolls] 19. Plus 3 is 22. I , eng, capture, ... tx, 捕捉, bǔ z...
    [54/108] 中文老师: , eng, earthquake, ... tx, 地震, dì zhèn, ... xt, , eng, rock,...
    [55/108] CHARA: Boulder's , eng, skill, ... tx, 技能, jì néng, ... xt, is , en...
    [56/108] Mother Tmojizu: The demon gangster team appears. Their leader — three-horned...
    [57/108] 中文老师: , eng, help, ... tx, 帮助, bāng zhù, ... xt, , eng, villagers,...
    [58/108] Horli Qwin: The gangster is hurting , eng, villagers, ... tx, 村民, cūn mí...
    [59/108] Mother Tmojizu: Roll CHA Leadership.
    [60/108] Horli Qwin: [rolls] 20. Plus 3 is 23. NATURAL 20. I rally the team. We f...
    [61/108] Mother Tmojizu: NATURAL 20. The team is united. Battle time. The demon gangs...
    [62/108] 中文老师: , eng, thunder snake, ... tx, 雷蛇, léi shé, ... xt, , eng, li...
    [63/108] Mother Tmojizu: Everyone sends out their Fuzzpets. Horli sends Sparky , eng,...
    [64/108] 中文老师: , eng, first, ... tx, 先, xiān, ... xt, , eng, after, ... tx,...
    [65/108] CHARA: Boulder is , eng, earth, ... tx, 土, tǔ, ... xt, Earth conduc...
    [66/108] Mother Tmojizu: Roll INT Battle Strategy.
    [67/108] CHARA: [rolls] 19. Plus 4 is 23. Sparky , eng, fire, ... tx, 火, huǒ...
    [68/108] Mother Tmojizu: 23. Smart play. Horli, Sparky attacks. Roll DEX Battle.
    [69/108] Horli Qwin: Sparky! , eng, fireball, ... tx, 火球, huǒ qiú, ... xt, [rolls...
    [70/108] Mother Tmojizu: 21. Sparky's , eng, fireball, ... tx, 火球, huǒ qiú, ... xt, h...
    [71/108] Mother Tmojizu: [rolls d20] 15. The Lightning Fuzzpet takes damage but fight...
    [72/108] IQabella: Aqua! , eng, protect, ... tx, 保护, bǎo hù, ... xt, , eng, wat...
    [73/108] Mother Tmojizu: 18. Aqua's , eng, water wave, ... tx, 水波, shuǐ bō, ... xt, s...
    [74/108] 中文老师: , eng, pain, ... tx, 痛, tòng, ... xt, , eng, potion, ... tx,...
    [75/108] IQabella: Aqua is , eng, pain, ... tx, 痛, tòng, ... xt, I , eng, use, ...
    [76/108] Mother Tmojizu: Roll WIS Item Use.
    [77/108] IQabella: [rolls] 17. Plus 2 is 19. The , eng, potion, ... tx, 药, yào,...
    [78/108] Mother Tmojizu: 19. Aqua is healed. Sol-Supreme, Circuit's turn. Roll DEX Ba...
    [79/108] Sol-Supreme: Circuit! , eng, electric shock, ... tx, 电击, diàn jī, ... xt,...
    [80/108] Mother Tmojizu: 18. Circuit's , eng, electric shock, ... tx, 电击, diàn jī, .....
    [81/108] CHARA: Boulder! , eng, earthquake, ... tx, 地震, dì zhèn, ... xt, The...
    [82/108] Mother Tmojizu: NATURAL 20. Boulder's , eng, earthquake, ... tx, 地震, dì zhèn...
    [83/108] 中文老师: , eng, win, ... tx, 赢, yíng, ... xt, , eng, lose, ... tx, 输,...
    [84/108] Mother Tmojizu: The Lightning Fuzzpet is , eng, freedom, ... tx, 自由, zì yóu,...
    [85/108] 中文老师: , eng, thunderstorm, ... tx, 雷暴, léi bào, ... xt, , eng, sto...
    [86/108] Horli Qwin: Volt! , eng, thunderstorm, ... tx, 雷暴, léi bào, ... xt, , en...
    [87/108] Mother Tmojizu: The demon gangster surrenders. The , eng, villagers, ... tx,...
    [88/108] 中文老师: , eng, reward, ... tx, 奖励, jiǎng lì, ... xt, , eng, gift, .....
    [89/108] Mother Tmojizu: The , eng, villagers, ... tx, 村民, cūn mín, ... xt, give you ...
    [90/108] Horli Qwin: , eng, hero, ... tx, 英雄, yīng xióng, ... xt, I like the soun...
    [91/108] Mother Tmojizu: You continue your journey. You find a rare Fuzzpet nesting g...
    [92/108] 中文老师: , eng, egg, ... tx, 蛋, dàn, ... xt, , eng, hatch, ... tx, 孵化...
    [93/108] IQabella: , eng, egg, ... tx, 蛋, dàn, ... xt, So many , eng, egg, ... ...
    [94/108] Mother Tmojizu: Roll WIS Nurturing.
    [95/108] IQabella: [rolls] 19. Plus 2 is 21. I warm the eggs with temporal ener...
    [96/108] Mother Tmojizu: 21. Five new Fuzzpets are born. A Green , eng, green, ... tx...
    [97/108] 中文老师: , eng, green, ... tx, 绿, lǜ, ... xt, , eng, blue, ... tx, 蓝,...
    [98/108] Mother Tmojizu: Each player chooses one. Horli takes the Green , eng, green,...
    [99/108] 中文老师: , eng, wind blade, ... tx, 风刃, fēng rèn, ... xt, , eng, ice ...
    [100/108] Mother Tmojizu: The Black , eng, black, ... tx, 黑, hēi, ... xt, gravity-type...
    [101/108] 中文老师: , eng, adventure, ... tx, 冒险, mào xiǎn, ... xt, , eng, finis...
    [102/108] Mother Tmojizu: The Fuzzpet Chronicles , eng, finished, ... tx, 结束, jié shù,...
    [103/108] Horli Qwin: I have Sparky , eng, fire, ... tx, 火, huǒ, ... xt, and Volt ...
    [104/108] CHARA: I have Boulder , eng, earth, ... tx, 土, tǔ, ... xt, and Lumi...
    [105/108] IQabella: I have Aqua , eng, water, ... tx, 水, shuǐ, ... xt, and Frost...
    [106/108] Sol-Supreme: I have Circuit , eng, electricity, ... tx, 电, diàn, ... xt, ...
    [107/108] Mother Tmojizu: , eng, adventure, ... tx, 冒险, mào xiǎn, ... xt, , eng, finis...
    [108/108] 中文老师: , eng, goodbye, ... tx, 再见, zài jiàn, ... xt, , eng, keep go...
  DONE: 中fud&d-sesh6-fuzzpet-chronicles.mp3 (36.3 MB) — 107 ok, 1 failed
  Converting: fud&d-sesh7-temple-heist.txt
    [1/97] Mother Tmojizu: Grand heist time. You're standing outside the Temple of Eter...
    [2/97] Horli Qwin: [rolls] 22. Plus 3 is 25. I'm going in through the roof. Par...
    [3/97] CHARA: [rolls] 19. Plus 3 is 22. I've mapped the guard patrol route...
    [4/97] IQabella: [rolls] 15. Plus 0 is 15. I'm bringing healing potions. And ...
    [5/97] Sol-Supreme: [rolls] 12. Plus 0 is 12. I've analyzed the temple's tempora...
    [6/97] Mother Tmojizu: 中文老师, teach us the stealth vocabulary.
    [7/97] 中文老师: , eng, night, ... tx, 夜, yè, ... xt, , eng, dark, ... tx, 暗,...
    [8/97] Horli Qwin: , eng, night, ... tx, 夜, yè, ... xt, , eng, dark, ... tx, 暗,...
    [9/97] Mother Tmojizu: Roll DEX Stealth.
    [10/97] Horli Qwin: [rolls] 20. Plus 3 is 23. NATURAL 20. I scale the temple wal...
    [11/97] Mother Tmojizu: NATURAL 20. Horli is on the roof. CHARA, you're next. 中文老师, ...
    [12/97] 中文老师: , eng, guard, ... tx, 卫, wèi, ... xt, , eng, patrol, ... tx,...
    [13/97] CHARA: , eng, guard, ... tx, 卫, wèi, ... xt, , eng, patrol, ... tx,...
    [14/97] Mother Tmojizu: Roll INT Stealth Tactics.
    [15/97] CHARA: [rolls] 18. Plus 4 is 22. I time my movement between , eng, ...
    [16/97] Mother Tmojizu: 22. CHARA is inside. IQabella, your turn. 中文老师.
    [17/97] 中文老师: , eng, door, ... tx, 门, mén, ... xt, , eng, lock, ... tx, 锁,...
    [18/97] IQabella: , eng, door, ... tx, 门, mén, ... xt, , eng, lock, ... tx, 锁,...
    [19/97] Mother Tmojizu: Roll WIS Perception.
    [20/97] IQabella: [rolls] 17. Plus 2 is 19. I find three , eng, medicine, ... ...
    [21/97] Mother Tmojizu: 19. IQabella is stocked. Sol-Supreme, you're last. 中文老师, tec...
    [22/97] 中文老师: , eng, shield, ... tx, 盾, dùn, ... xt, , eng, break, ... tx,...
    [23/97] Sol-Supreme: , eng, shield, ... tx, 盾, dùn, ... xt, The temple's temporal...
    [24/97] Mother Tmojizu: Roll INT Engineering.
    [25/97] Sol-Supreme: [rolls] 16. Plus 1 is 17. The , eng, shield, ... tx, 盾, dùn,...
    [26/97] Mother Tmojizu: 17. The whole team is inside the temple. You're in the main ...
    [27/97] 中文老师: , eng, corridor, ... tx, 走廊, zǒu láng, ... xt, , eng, stairs...
    [28/97] CHARA: , eng, corridor, ... tx, 走廊, zǒu láng, ... xt, Clear. , eng,...
    [29/97] Mother Tmojizu: Roll INT Chemistry.
    [30/97] CHARA: [rolls] 20. Plus 4 is 24. NATURAL 20. Fe2O3 — iron oxide. Th...
    [31/97] Mother Tmojizu: NATURAL 20. Perfect chemistry. The team descends. Floor one:...
    [32/97] 中文老师: , eng, vault, ... tx, 库, kù, ... xt, , eng, treasure, ... tx...
    [33/97] Horli Qwin: , eng, vault, ... tx, 库, kù, ... xt, , eng, treasure, ... tx...
    [34/97] Mother Tmojizu: Roll DEX Lockpicking.
    [35/97] Horli Qwin: [rolls] 14. Plus 3 is 17. I pick the temporal lock. , eng, v...
    [36/97] Mother Tmojizu: 17. The egg is yours. But the alarm trips. Bells ring. Guard...
    [37/97] 中文老师: , eng, alarm, ... tx, 警报, jǐng bào, ... xt, , eng, wake, ......
    [38/97] IQabella: , eng, alarm, ... tx, 警报, jǐng bào, ... xt, Guards , eng, wa...
    [39/97] Mother Tmojizu: Roll initiative! Six guards burst into the vault. They're ar...
    [40/97] 中文老师: , eng, hit, ... tx, 打, dǎ, ... xt, , eng, attack, ... tx, 攻,...
    [41/97] Horli Qwin: Sparky! , eng, fire, ... tx, 火, huǒ, ... xt, , eng, attack, ...
    [42/97] Mother Tmojizu: Roll DEX Battle.
    [43/97] Horli Qwin: [rolls] 19. Plus 3 is 22. Sparky launches , eng, fireball, ....
    [44/97] Mother Tmojizu: 22. Three guards are burned. But the other three counter-att...
    [45/97] Horli Qwin: [rolls] 12. Plus 3 is 15. I , eng, defend, ... tx, 防, fáng, ...
    [46/97] Mother Tmojizu: 15. Partial defense. You take , eng, wound, ... tx, 伤, shāng...
    [47/97] 中文老师: , eng, heal, ... tx, 治, zhì, ... xt, , eng, therapy, ... tx,...
    [48/97] IQabella: Aqua! , eng, heal, ... tx, 治, zhì, ... xt, , eng, therapy, ....
    [49/97] Mother Tmojizu: Roll WIS Healing.
    [50/97] IQabella: [rolls] 18. Plus 2 is 20. , eng, heal, ... tx, 治, zhì, ... x...
    [51/97] Mother Tmojizu: 20. Horli is fully healed. CHARA, your turn. Boulder is up. ...
    [52/97] 中文老师: , eng, earth, ... tx, 地, dì, ... xt, , eng, quake, ... tx, 震...
    [53/97] CHARA: Boulder! , eng, earth, ... tx, 地, dì, ... xt, , eng, quake, ...
    [54/97] Mother Tmojizu: Roll INT Battle Strategy.
    [55/97] CHARA: [rolls] 20. Plus 4 is 24. NATURAL 20. Boulder slams the grou...
    [56/97] Mother Tmojizu: NATURAL 20. All six guards are defeated. , eng, victory, ......
    [57/97] 中文老师: , eng, fast, ... tx, 快, kuài, ... xt, , eng, run, ... tx, 跑,...
    [58/97] Sol-Supreme: Circuit! , eng, electricity, ... tx, 电, diàn, ... xt, , eng,...
    [59/97] Mother Tmojizu: Roll INT Engineering.
    [60/97] Sol-Supreme: [rolls] 17. Plus 1 is 18. Circuit generates , eng, lightning...
    [61/97] Mother Tmojizu: 18. The team escapes to the roof. But the Temple Guardian aw...
    [62/97] 中文老师: , eng, king, ... tx, 王, wáng, ... xt, , eng, boss, ... tx, 王...
    [63/97] Horli Qwin: , eng, boss, ... tx, 王, wáng, ... xt, , eng, strong, ... tx,...
    [64/97] Mother Tmojizu: Roll CHA Bravery.
    [65/97] Horli Qwin: [rolls] 20. Plus 3 is 23. NATURAL 20. I'm not , eng, fear, ....
    [66/97] Mother Tmojizu: NATURAL 20. But wait — you can combine Chronoments! Forge a ...
    [67/97] 中文老师: , eng, combine, ... tx, 合, hé, ... xt, , eng, forge, ... tx,...
    [68/97] CHARA: , eng, combine, ... tx, 合, hé, ... xt, , eng, forge, ... tx,...
    [69/97] Mother Tmojizu: Roll INT Chemistry Forge.
    [70/97] CHARA: [rolls] 20. Plus 4 is 24. NATURAL 20. , eng, combine, ... tx...
    [71/97] Mother Tmojizu: NATURAL 20. The , eng, fire-electric, ... tx, 火电, huǒ diàn, ...
    [72/97] 中文老师: , eng, win, ... tx, 赢, yíng, ... xt, , eng, victory, ... tx,...
    [73/97] Mother Tmojizu: You defeated the Temple Guardian! Time to , eng, level up, ....
    [74/97] 中文老师: , eng, strength, ... tx, 力, lì, ... xt, , eng, speed, ... tx...
    [75/97] Horli Qwin: , eng, level up, ... tx, 升级, shēng jí, ... xt, Sparky: , eng...
    [76/97] CHARA: Boulder: , eng, defense, ... tx, 防, fáng, ... xt, plus 3! , ...
    [77/97] IQabella: Aqua: , eng, life, ... tx, 命, mìng, ... xt, plus 3! , eng, l...
    [78/97] Sol-Supreme: Circuit: , eng, magic, ... tx, 魔, mó, ... xt, plus 3! , eng,...
    [79/97] Mother Tmojizu: Everyone leveled up! New Chronoments forged! But the temple ...
    [80/97] 中文老师: , eng, shop, ... tx, 店, diàn, ... xt, , eng, buy, ... tx, 买,...
    [81/97] IQabella: , eng, shop, ... tx, 店, diàn, ... xt, I , eng, buy, ... tx, ...
    [82/97] Mother Tmojizu: The merchant Fuzzpet — a wise old owl-type — hoots: "For her...
    [83/97] IQabella: [rolls] 19. Plus 2 is 21. , eng, cheap, ... tx, 便宜, pián yi,...
    [84/97] Mother Tmojizu: 21. Great deal. Horli, you , eng, buy, ... tx, 买, mǎi, ... x...
    [85/97] Horli Qwin: I , eng, buy, ... tx, 买, mǎi, ... xt, a , eng, fire, ... tx,...
    [86/97] Mother Tmojizu: "For you? , eng, cheap, ... tx, 便宜, pián yi, ... xt, Three g...
    [87/97] Horli Qwin: [rolls] 17. Plus 3 is 20. I , eng, buy, ... tx, 买, mǎi, ... ...
    [88/97] Mother Tmojizu: 20. Sol-Supreme?
    [89/97] Sol-Supreme: I , eng, buy, ... tx, 买, mǎi, ... xt, a temporal capacitor. ...
    [90/97] Mother Tmojizu: Roll INT Appraisal.
    [91/97] Sol-Supreme: [rolls] 16. Plus 1 is 17. The capacitor is genuine. , eng, b...
    [92/97] Mother Tmojizu: CHARA?
    [93/97] CHARA: I , eng, buy, ... tx, 买, mǎi, ... xt, a chemical analysis ki...
    [94/97] Mother Tmojizu: Roll INT Value Assessment.
    [95/97] CHARA: [rolls] 18. Plus 4 is 22. The kit is worth ten gold. I got i...
    [96/97] Mother Tmojizu: Everyone has their new items. The temple is collapsing behin...
    [97/97] 中文老师: , eng, escape, ... tx, 逃, táo, ... xt, , eng, leave, ... tx,...
  DONE: 中fud&d-sesh7-temple-heist.mp3 (28.4 MB) — 97 ok, 0 failed
  Converting: fud&d-sesh8p1-stadium-heist.txt
    [1/70] Mother Tmojizu: [out of character] Alright ducklings. This is the big one. F...
    [2/70] Horli Qwin: [rolls] 23. Plus 3 is 26. [out of character] I've been waiti...
    [3/70] CHARA: [rolls] 21. Plus 3 is 24. [out of character] I printed out t...
    [4/70] IQabella: [rolls] 17. Plus 0 is 17. [out of character] I brought tea. ...
    [5/70] Sol-Supreme: [rolls] 14. Plus 0 is 14. [out of character] My temporal jam...
    [6/70] Mother Tmojizu: [out of character] Love the energy. Let's go. [in character]...
    [7/70] 中文老师: , eng, arena, ... tx, 竞技场, jìng jì chǎng, ... xt, , eng, sta...
    [8/70] Horli Qwin: , eng, arena, ... tx, 竞技场, jìng jì chǎng, ... xt, , eng, sta...
    [9/70] Mother Tmojizu: Roll DEX Athletics. You're climbing a thirty-foot black ston...
    [10/70] Horli Qwin: [rolls] 19. Plus 3 is 22. I , eng, climb, ... tx, 爬, pá, ......
    [11/70] Mother Tmojizu: 22. You're on the roof. The stadium spreads below you like a...
    [12/70] 中文老师: , eng, patrol, ... tx, 巡逻, xún luó, ... xt, , eng, hide, ......
    [13/70] CHARA: [out of character] Okay so the guard rotation has a pattern....
    [14/70] Mother Tmojizu: Roll INT Timing.
    [15/70] CHARA: [rolls] 20. Plus 4 is 24. NATURAL 20. [out of character] Cal...
    [16/70] Mother Tmojizu: NATURAL 20. CHARA is in. IQabella, you're at the service ent...
    [17/70] 中文老师: , eng, lock, ... tx, 锁, suǒ, ... xt, , eng, key, ... tx, 钥匙,...
    [18/70] IQabella: [out of character] Do I have a lockpick or am I using the ha...
    [19/70] Mother Tmojizu: Roll WIS Perception.
    [20/70] IQabella: [rolls] 18. Plus 2 is 20. [out of character] Nat 20 energy b...
    [21/70] Mother Tmojizu: 20. You found the Void Cloak. That's going to be useful. Sol...
    [22/70] 中文老师: , eng, shield, ... tx, 盾, dùn, ... xt, , eng, break, ... tx,...
    [23/70] Sol-Supreme: [out of character] The Schumann resonance jammer is ready. [...
    [24/70] Mother Tmojizu: Roll INT Engineering.
    [25/70] Sol-Supreme: [rolls] 17. Plus 1 is 18. The , eng, shield, ... tx, 盾, dùn,...
    [26/70] Mother Tmojizu: 18. The whole team is assembled at the vault. It's enormous ...
    [27/70] 中文老师: , eng, uranium, ... tx, 铀, yóu, ... xt, , eng, unobtainium, ...
    [28/70] Horli Qwin: [out of character] Is that... is that the uranium egg glowin...
    [29/70] Mother Tmojizu: Roll DEX Lockpicking. This is a Grade-9 temporal vault. Boss...
    [30/70] Horli Qwin: [rolls] 16. Plus 3 is 19. I pick the temporal tumblers. One ...
    [31/70] Mother Tmojizu: 19. The vault opens. Inside: two eggs. The Uranium egg — glo...
    [32/70] 中文老师: , eng, color, ... tx, 颜色, yán sè, ... xt, , eng, change, ......
    [33/70] CHARA: [out of character] The Unobtainium egg is literally cycling ...
    [34/70] Mother Tmojizu: Roll INT Analysis.
    [35/70] CHARA: [rolls] 19. Plus 4 is 23. The Unobtainium egg's temporal sig...
    [36/70] Mother Tmojizu: 23. Smart. You need to grab both at the exact same moment. H...
    [37/70] Horli Qwin: [rolls] 14. Plus 3 is 17. I grab the , eng, uranium, ... tx,...
    [38/70] CHARA: [rolls] 20. Plus 4 is 24. NATURAL 20. I grab the , eng, unob...
    [39/70] Mother Tmojizu: NATURAL 20. Both eggs secured. No alarm. But then — [out of ...
    [40/70] 中文老师: , eng, fall, ... tx, 掉, diào, ... xt, , eng, hole, ... tx, 洞...
    [41/70] Horli Qwin: [out of character] ARE YOU KIDDING ME. [in character] , eng,...
    [42/70] CHARA: [out of character] I had a spreadsheet for this. Why wasn't ...
    [43/70] Mother Tmojizu: You land on the deck of the Time Eel — a pirate vessel. The ...
    [44/70] 中文老师: , eng, fly, ... tx, 飞, fēi, ... xt, , eng, sky, ... tx, 天空, ...
    [45/70] IQabella: [out of character] Oh no. Oh no no no. [in character] , eng,...
    [46/70] Sol-Supreme: [out of character] I'm tracking their temporal signature. I ...
    [47/70] Mother Tmojizu: Roll INT Tracking.
    [48/70] Sol-Supreme: [rolls] 16. Plus 1 is 17. I lock onto the , eng, uranium, .....
    [49/70] Mother Tmojizu: 17. You have their destination. But the Time Eel is fast. It...
    [50/70] 中文老师: [as the pirate crew] , eng, catch them, ... tx, 抓住, zhuā zhù...
    [51/70] Horli Qwin: [out of character] I don't speak Chinese. Do I speak Chinese...
    [52/70] CHARA: [out of character] I took three semesters in college. I reme...
    [53/70] 中文老师: [as the pirate crew, laughing] , eng, ha ha, ... tx, 哈哈, hā ...
    [54/70] Mother Tmojizu: [out of character] This is going to be a whole thing. [in ch...
    [55/70] 中文老师: , eng, stars, ... tx, 星星, xīng xing, ... xt, , eng, line, .....
    [56/70] CHARA: [out of character] Okay. We need a plan. [in character] , en...
    [57/70] Horli Qwin: [out of character] My plan is: kick the door down. [in chara...
    [58/70] Mother Tmojizu: Roll STR Door Kicking.
    [59/70] Horli Qwin: [rolls] 8. Plus 3 is 11. You kick the door. It doesn't move....
    [60/70] CHARA: [out of character] Subtle, Horli. Real subtle. [in character...
    [61/70] Mother Tmojizu: Meanwhile, IQabella and Sol are preparing to , eng, chase, ....
    [62/70] 中文老师: , eng, merchant, ... tx, 商人, shāng rén, ... xt, , eng, buy, ...
    [63/70] IQabella: [out of character] Do we have enough gold for this? [in char...
    [64/70] Mother Tmojizu: The merchant — a three-eyed creature named Rusty , eng, rust...
    [65/70] IQabella: [rolls] 17. Plus 2 is 19. [out of character] I'm making tea ...
    [66/70] Mother Tmojizu: 19. Rusty takes the tea. Sips. His three eyes widen. "This i...
    [67/70] Sol-Supreme: [out of character] Efficient. Tea solves everything. [in cha...
    [68/70] Mother Tmojizu: End of Part 1. Board state: - CHARA and Horli: Captured on t...
    [69/70] 中文老师: , eng, goodbye, ... tx, 再见, zài jiàn, ... xt, , eng, next ti...
    [70/70] Mother Tmojizu: [out of character] Part 2: The Chase. We navigate to Rust Ha...
  DONE: 中fud&d-sesh8p1-stadium-heist.mp3 (26.6 MB) — 70 ok, 0 failed
  Converting: fud&d-sesh8p2-chase.txt
    [1/48] Mother Tmojizu: [out of character] Part two. IQabella and Sol are on a cargo...
    [2/48] 中文老师: , eng, arrive, ... tx, 到, dào, ... xt, , eng, city, ... tx, ...
    [3/48] IQabella: [out of character] It's like a city made of bones. That's......
    [4/48] Sol-Supreme: [out of character] The structural integrity of a leviathan r...
    [5/48] Mother Tmojizu: Roll WIS First Impression.
    [6/48] IQabella: [rolls] 16. Plus 2 is 18. I feel the , eng, city, ... tx, 城市...
    [7/48] Mother Tmojizu: 18. You can feel the city breathing. The cargo ship docks at...
    [8/48] 中文老师: , eng, information, ... tx, 信息, xìn xī, ... xt, , eng, money...
    [9/48] Rusty: [in Chinese, 中文老师 voices him] , eng, what do you want, ... t...
    [10/48] IQabella: [out of character] He's speaking Chinese. Do I understand? [...
    [11/48] Mother Tmojizu: Roll CHA Communication. You're speaking broken Chinese to a ...
    [12/48] IQabella: [rolls] 15. Plus 2 is 17. , eng, please, ... tx, 请, qǐng, .....
    [13/48] Mother Tmojizu: 17. Rusty's three eyes narrow. He sniffs the tea you're offe...
    [14/48] Sol-Supreme: [out of character] He said Boss Nami is at the Stomach Taver...
    [15/48] Mother Tmojizu: Roll INT Navigation. You need to get from the Ribcage Gates ...
    [16/48] Sol-Supreme: [rolls] 14. Plus 1 is 15. I follow the , eng, spine, ... tx,...
    [17/48] Mother Tmojizu: 15. You navigate the Spine Street. The sounds of the city su...
    [18/48] 中文老师: , eng, market, ... tx, 市场, shì chǎng, ... xt, , eng, fruit, ...
    [19/48] IQabella: [out of character] I want to stop and look at the fruit. It ...
    [20/48] Mother Tmojizu: Roll WIS Market Awareness.
    [21/48] IQabella: [rolls] 19. Plus 2 is 21. [out of character] I'm picking up ...
    [22/48] Mother Tmojizu: 21. Critical intel. Boss Nami is angry. She has the eggs. An...
    [23/48] 中文老师: , eng, tavern, ... tx, 酒馆, jiǔ guǎn, ... xt, , eng, alcohol,...
    [24/48] Mother Tmojizu: Inside: chaos. Pirates , eng, singing, ... tx, 唱歌, chàng gē,...
    [25/48] 中文老师: , eng, female boss, ... tx, 老板娘, lǎo bǎn niáng, ... xt, , en...
    [26/48] Sol-Supreme: [out of character] I'm approaching the bar carefully. The ac...
    [27/48] Mother Tmojizu: Mama Sour turns. All six of her eyes study you. She speaks i...
    [28/48] 中文老师: [as Mama Sour] , eng, who are you, ... tx, 你们是谁, nǐ men shì ...
    [29/48] IQabella: [out of character] She said Boss Nami is at the Brain Librar...
    [30/48] Mother Tmojizu: Roll CHA Intimidation. You're trying to look brave in front ...
    [31/48] IQabella: [rolls] 13. Plus 2 is 15. I stand tall. , eng, we, ... tx, 我...
    [32/48] Mother Tmojizu: 15. Mama Sour laughs — a wet, squelching sound. ", eng, not ...
    [33/48] Sol-Supreme: [out of character] Acid-slime map. Charming. [in character] ...
    [34/48] Mother Tmojizu: You leave the tavern and follow the , eng, spine, ... tx, 脊柱...
    [35/48] 中文老师: , eng, library, ... tx, 图书馆, tú shū guǎn, ... xt, , eng, boo...
    [36/48] Mother Tmojizu: Inside: endless shelves of , eng, old, ... tx, 旧, jiù, ... x...
    [37/48] 中文老师: , eng, old person, ... tx, 老人, lǎo rén, ... xt, , eng, riddl...
    [38/48] Old Man Feng: [in Chinese, 中文老师 voices him] , eng, I come to ask you a que...
    [39/48] IQabella: [out of character] Stakes are high. Answer wrong, we're trap...
    [40/48] Old Man Feng: , eng, what has everything, but when it has nothing it's hea...
    [41/48] Sol-Supreme: [out of character] That's a riddle. What has everything but ...
    [42/48] Mother Tmojizu: Roll INT Riddle Solving.
    [43/48] Sol-Supreme: [rolls] 18. Plus 1 is 19. [out of character] A brain. A brai...
    [44/48] Old Man Feng: [long pause. His transparent skull shows his thoughts swimmi...
    [45/48] IQabella: [out of character] We got the map! [in character] , eng, tha...
    [46/48] Mother Tmojizu: End of Part 2. Board state: - IQabella and Sol: Have the sec...
    [47/48] 中文老师: , eng, goodbye, ... tx, 再见, zài jiàn, ... xt, , eng, next ti...
    [48/48] Mother Tmojizu: [out of character] Part 3: The Pirate Alliance. Boss Nami, a...
  DONE: 中fud&d-sesh8p2-chase.mp3 (28.2 MB) — 48 ok, 0 failed
  Converting: fud&d-sesh8p3-pirate-alliance.txt
    [1/44] Mother Tmojizu: [out of character] Part three. This is where it gets wild. B...
    [2/44] 中文老师: , eng, prison, ... tx, 牢, láo, ... xt, , eng, prison cell, ....
    [3/44] Horli Qwin: [out of character] I've been practicing Chinese in the cell....
    [4/44] Mother Tmojizu: Roll INT Language Learning. You've had 12 hours of immersion...
    [5/44] Horli Qwin: [rolls] 14. Plus 3 is 17. [out of character] I'm picking up ...
    [6/44] CHARA: [out of character] So Boss Nami is angry because the eggs we...
    [7/44] Mother Tmojizu: Roll INT Deduction.
    [8/44] CHARA: [rolls] 19. Plus 4 is 23. [out of character] The eggs were s...
    [9/44] Mother Tmojizu: 23. Brilliant deduction. The cell door opens. A pirate guard...
    [10/44] 中文老师: [as guard] , eng, the boss wants to see you, ... tx, 老板要见你们,...
    [11/44] Horli Qwin: [out of character] I understood "boss" and "follow me." The ...
    [12/44] Mother Tmojizu: Roll CHA Impression. You're trying to look cooperative but n...
    [13/44] Horli Qwin: [rolls] 16. Plus 3 is 19. I walk confidently. , eng, promise...
    [14/44] Mother Tmojizu: 19. The guard leads you to the captain's quarters. Inside: B...
    [15/44] 中文老师: [as Boss Nami] , eng, ah, ... tx, 啊, a, ... xt, , eng, you, ...
    [16/44] CHARA: [out of character] She saw us three seconds ago. Literally. ...
    [17/44] Boss Nami: [in Chinese] , eng, three seconds, ... tx, 三秒, sān miǎo, ......
    [18/44] Horli Qwin: [out of character] Okay she wants the eggs and she knows we ...
    [19/44] Mother Tmojizu: Roll CHA Negotiation. You're proposing an alliance with a pi...
    [20/44] Horli Qwin: [rolls] 18. Plus 3 is 21. , eng, cooperate, ... tx, 合作, hé z...
    [21/44] Mother Tmojizu: 21. Boss Nami's six-fingered hands steeple. Her silver hair ...
    [22/44] 中文老师: [as Boss Nami] , eng, interesting, ... tx, 有趣, yǒu qù, ... x...
    [23/44] CHARA: [out of character] She wants us to kill a spine monster and ...
    [24/44] Mother Tmojizu: Roll INT Monster Knowledge. What do you know about spine mon...
    [25/44] CHARA: [rolls] 17. Plus 4 is 21. [out of character] Spine monsters ...
    [26/44] Mother Tmojizu: 21. You know exactly how to kill it. Boss Nami gives you a v...
    [27/44] 中文老师: , eng, monster, ... tx, 怪兽, guài shòu, ... xt, , eng, bone, ...
    [28/44] Horli Qwin: [out of character] Do I have my Fuzzpets? [in character] Spa...
    [29/44] Mother Tmojizu: Roll DEX Monster Combat. You're using acid + Fuzzpets + team...
    [30/44] Horli Qwin: [rolls] 19. Plus 3 is 22. Sparky shoots , eng, fire, ... tx,...
    [31/44] Mother Tmojizu: 22. The acid spreads. The monster's bone armor melts. Its , ...
    [32/44] CHARA: [rolls] 20. Plus 4 is 24. NATURAL 20. [out of character] Cal...
    [33/44] Mother Tmojizu: NATURAL 20. The monster falls. You cut out its , eng, heart,...
    [34/44] 中文老师: [as Boss Nami] , eng, good, ... tx, 好, hǎo, ... xt, , eng, v...
    [35/44] IQabella: [out of character] Wait, we're on the other side of the city...
    [36/44] Mother Tmojizu: Roll WIS Communication. You're trying to coordinate with CHA...
    [37/44] IQabella: [rolls] 16. Plus 2 is 18. , eng, hello, ... tx, 喂, wèi, ... ...
    [38/44] CHARA: [over radio, broken Chinese] , eng, hear, ... tx, 听, tīng, ....
    [39/44] IQabella: , eng, we, ... tx, 我们, wǒ men, ... xt, , eng, from, ... tx, ...
    [40/44] Horli Qwin: [over radio] , eng, good, ... tx, 好, hǎo, ... xt, , eng, pla...
    [41/44] Sol-Supreme: [over radio] , eng, tonight, ... tx, 今晚, jīn wǎn, ... xt, , ...
    [42/44] Mother Tmojizu: End of Part 3. Board state: - All four reunited via radio. A...
    [43/44] 中文老师: , eng, goodbye, ... tx, 再见, zài jiàn, ... xt, , eng, next ti...
    [44/44] Mother Tmojizu: [out of character] Part 4: The Grand Finale. Boss Kurogane f...
  DONE: 中fud&d-sesh8p3-pirate-alliance.mp3 (24.4 MB) — 44 ok, 0 failed
  Converting: fud&d-sesh8p4-grand-finale.txt
    [1/67] Mother Tmojizu: [out of character] This is it. The grand finale. Everything ...
    [2/67] 中文老师: , eng, battle, ... tx, 战, zhàn, ... xt, , eng, fight, ... tx...
    [3/67] Sol-Supreme: [out of character] My temporal jammer is at maximum output. ...
    [4/67] Mother Tmojizu: Roll INT System Hack.
    [5/67] Sol-Supreme: [rolls] 18. Plus 1 is 19. The temporal , eng, shield, ... tx...
    [6/67] Mother Tmojizu: 19. The vault opens. Inside: the Uranium egg , eng, uranium,...
    [7/67] 中文老师: [as Boss Kurogane] , eng, you, ... tx, 你们, nǐ men, ... xt, ,...
    [8/67] Horli Qwin: [out of character] Four arms. That's four times the punching...
    [9/67] Mother Tmojizu: Roll CHA Intimidation. You're staring down a four-armed demo...
    [10/67] Horli Qwin: [rolls] 20. Plus 3 is 23. NATURAL 20. [out of character] I'm...
    [11/67] Mother Tmojizu: NATURAL 20. Boss Kurogane pauses. His tattoos stop shifting....
    [12/67] 中文老师: [as Boss Kurogane] , eng, hmph, ... tx, 哼, hēng, ... xt, , e...
    [13/67] Mother Tmojizu: INITIATIVE. Boss Kurogane attacks with all four arms. Roll D...
    [14/67] CHARA: [rolls] 17. Plus 4 is 21. Boulder! , eng, earth, ... tx, 地, ...
    [15/67] IQabella: [rolls] 16. Plus 2 is 18. Aqua! , eng, water, ... tx, 水, shu...
    [16/67] Horli Qwin: [rolls] 14. Plus 3 is 17. Sparky! , eng, fire, ... tx, 火, hu...
    [17/67] Sol-Supreme: [rolls] 15. Plus 1 is 16. Circuit! , eng, electromagnetic, ....
    [18/67] Mother Tmojizu: 21, 18, 17, 16. Everyone defends. But Boss Kurogane's four-a...
    [19/67] 中文老师: , eng, wound, ... tx, 伤, shāng, ... xt, , eng, pain, ... tx,...
    [20/67] IQabella: [out of character] Healing time. [in character] , eng, heal,...
    [21/67] Mother Tmojizu: Roll WIS Mass Healing.
    [22/67] IQabella: [rolls] 19. Plus 2 is 21. , eng, heal, ... tx, 治, zhì, ... x...
    [23/67] Mother Tmojizu: 21. Everyone is healed. CHARA, your turn. You notice somethi...
    [24/67] 中文老师: , eng, tattoo, ... tx, 纹身, wén shēn, ... xt, , eng, weak poi...
    [25/67] CHARA: [out of character] The tattoos are temporal circuits. I can ...
    [26/67] Mother Tmojizu: Roll INT Combined Strategy.
    [27/67] CHARA: [rolls] 20. Plus 4 is 24. NATURAL 20. [out of character] Thi...
    [28/67] Mother Tmojizu: NATURAL 20. Circuit releases an EMP. Boulder shakes the grou...
    [29/67] 中文老师: [as Boss Kurogane] , eng, what, ... tx, 什么, shén me, ... xt,...
    [30/67] Horli Qwin: [out of character] He's down! Grab the eggs! [in character] ...
    [31/67] Mother Tmojizu: Roll DEX Grab and Go.
    [32/67] Horli Qwin: [rolls] 17. Plus 3 is 20. I grab the , eng, uranium, ... tx,...
    [33/67] CHARA: [rolls] 19. Plus 4 is 23. I grab the , eng, unobtainium, ......
    [34/67] Mother Tmojizu: Both eggs secured. But the stadium is collapsing. Boss Kurog...
    [35/67] 中文老师: , eng, collapse, ... tx, 倒塌, dǎo tā, ... xt, , eng, run, ......
    [36/67] Sol-Supreme: [out of character] The structural integrity is failing. We h...
    [37/67] Mother Tmojizu: Roll DEX Escape.
    [38/67] IQabella: [rolls] 18. Plus 2 is 20. Aqua! , eng, water, ... tx, 水, shu...
    [39/67] Mother Tmojizu: 20. Aqua creates a water bridge. Frost freezes it into ice s...
    [40/67] 中文老师: [as Boss Nami] , eng, fast, ... tx, 快, kuài, ... xt, , eng, ...
    [41/67] Mother Tmojizu: You board the Time Eel. Boss Nami's ship pulls away as the s...
    [42/67] 中文老师: , eng, win, ... tx, 赢, yíng, ... xt, , eng, victory, ... tx,...
    [43/67] Horli Qwin: [out of character] WE DID IT. [in character] , eng, win, ......
    [44/67] Mother Tmojizu: But wait. The two eggs — , eng, uranium, ... tx, 铀, yóu, ......
    [45/67] 中文老师: , eng, merge, ... tx, 融合, róng hé, ... xt, , eng, new, ... t...
    [46/67] CHARA: [out of character] The uranium and unobtainium are fusing. T...
    [47/67] Mother Tmojizu: Roll INT Chemistry Forge. This is the ultimate forge. The Ch...
    [48/67] CHARA: [rolls] 20. Plus 4 is 24. NATURAL 20. [out of character] U-2...
    [49/67] Mother Tmojizu: NATURAL 20. The eggs merge. A new Fuzzpet emerges — made of ...
    [50/67] 中文老师: , eng, companion, ... tx, 伙伴, huǒ bàn, ... xt, , eng, togeth...
    [51/67] IQabella: [out of character] It bonded with all of us. Together. That'...
    [52/67] Sol-Supreme: [out of character] The temporal energy output is... off the ...
    [53/67] Boss Nami: [in Chinese, 中文老师 voices her] , eng, amazing, ... tx, 了不起, l...
    [54/67] Horli Qwin: [out of character] She said we created a miracle. She's neve...
    [55/67] Mother Tmojizu: Roll CHA Gratitude.
    [56/67] Horli Qwin: [rolls] 20. Plus 3 is 23. NATURAL 20. [out of character] I'm...
    [57/67] Mother Tmojizu: NATURAL 20. Boss Nami's silver hair stops floating. Her six-...
    [58/67] 中文老师: [as Boss Nami, quietly] , eng, thank you, ... tx, 谢谢, xiè xi...
    [59/67] Mother Tmojizu: The Time Eel flies into the temporal sunset. Behind you, the...
    [60/67] 中文老师: , eng, adventure, ... tx, 冒险, mào xiǎn, ... xt, , eng, finis...
    [61/67] Mother Tmojizu: [out of character] That's the arc. That's the finale. [in ch...
    [62/67] Horli Qwin: [out of character] Best. Session. Ever. [in character] , eng...
    [63/67] CHARA: [out of character] My spreadsheet is complete. Every cell fi...
    [64/67] IQabella: [out of character] I'm crying. Happy tears. [in character] ,...
    [65/67] Sol-Supreme: [out of character] The data is... beautiful. [in character] ...
    [66/67] Mother Tmojizu: [out of character] Roll credits. [in character] , eng, goodb...
    [67/67] 中文老师: , eng, goodbye, ... tx, 再见, zài jiàn, ... xt, , eng, keep go...
  DONE: 中fud&d-sesh8p4-grand-finale.mp3 (33.2 MB) — 67 ok, 0 failed
  Converting: fud&d-sesh9-review-advanced.txt
    [1/138] Mother Tmojizu: [out of character] This is the review session. We're going t...
    [2/138] 中文老师: , eng, review, ... tx, 复习, fù xí, ... xt, , eng, test, ... t...
    [3/138] Mother Tmojizu: Room one. Basic words. I'll say the English. You say the Chi...
    [4/138] Mother Tmojizu: First word: , eng, fire, ... tx, 火, huǒ, ... xt, , eng, hint...
    [5/138] Horli Qwin: , eng, fire, ... tx, 火, huǒ, ... xt, , eng, fire, ... tx, 火,...
    [6/138] Mother Tmojizu: Next: , eng, water, ... tx, 水, shuǐ, ... xt, , eng, hint, .....
    [7/138] IQabella: , eng, water, ... tx, 水, shuǐ, ... xt, , eng, water, ... tx,...
    [8/138] Mother Tmojizu: Next: , eng, earth, ... tx, 地, dì, ... xt, , eng, hint, ... ...
    [9/138] CHARA: , eng, earth, ... tx, 地, dì, ... xt, , eng, earth, ... tx, 地...
    [10/138] Mother Tmojizu: Next: , eng, electricity, ... tx, 电, diàn, ... xt, , eng, hi...
    [11/138] Sol-Supreme: , eng, electricity, ... tx, 电, diàn, ... xt, , eng, electric...
    [12/138] Mother Tmojizu: Next: , eng, wind, ... tx, 风, fēng, ... xt, , eng, hint, ......
    [13/138] Horli Qwin: , eng, wind, ... tx, 风, fēng, ... xt, , eng, wind, ... tx, 风...
    [14/138] Mother Tmojizu: Next: , eng, ice, ... tx, 冰, bīng, ... xt, , eng, hint, ... ...
    [15/138] IQabella: , eng, ice, ... tx, 冰, bīng, ... xt, , eng, ice, ... tx, 冰, ...
    [16/138] Mother Tmojizu: Next: , eng, light, ... tx, 光, guāng, ... xt, , eng, hint, ....
    [17/138] CHARA: , eng, light, ... tx, 光, guāng, ... xt, , eng, light, ... tx...
    [18/138] Mother Tmojizu: Next: , eng, dark, ... tx, 暗, àn, ... xt, , eng, hint, ... t...
    [19/138] Sol-Supreme: , eng, dark, ... tx, 暗, àn, ... xt, , eng, dark, ... tx, 暗, ...
    [20/138] Mother Tmojizu: Room one complete. All basic elements reviewed. 中文老师, next r...
    [21/138] 中文老师: , eng, second, ... tx, 第二, dì èr, ... xt, , eng, room, ... t...
    [22/138] Mother Tmojizu: Room two. Chemistry words. Same format. , eng, hint, ... tx,...
    [23/138] Mother Tmojizu: , eng, atom, ... tx, 原子, yuán zǐ, ... xt, , eng, hint, ... t...
    [24/138] CHARA: , eng, atom, ... tx, 原子, yuán zǐ, ... xt, , eng, atom, ... t...
    [25/138] Mother Tmojizu: , eng, molecule, ... tx, 分子, fēn zǐ, ... xt, , eng, hint, .....
    [26/138] Sol-Supreme: , eng, molecule, ... tx, 分子, fēn zǐ, ... xt, , eng, molecule...
    [27/138] Mother Tmojizu: , eng, reaction, ... tx, 反应, fǎn yìng, ... xt, , eng, hint, ...
    [28/138] IQabella: , eng, reaction, ... tx, 反应, fǎn yìng, ... xt, , eng, reacti...
    [29/138] Mother Tmojizu: , eng, compound, ... tx, 化合物, huà hé wù, ... xt, , eng, hint...
    [30/138] Horli Qwin: , eng, compound, ... tx, 化合物, huà hé wù, ... xt, , eng, comp...
    [31/138] Mother Tmojizu: , eng, hydrogen, ... tx, 氢, qīng, ... xt, , eng, hint, ... t...
    [32/138] CHARA: , eng, hydrogen, ... tx, 氢, qīng, ... xt, , eng, hydrogen, ....
    [33/138] Mother Tmojizu: , eng, oxygen, ... tx, 氧, yǎng, ... xt, , eng, hint, ... tx,...
    [34/138] IQabella: , eng, oxygen, ... tx, 氧, yǎng, ... xt, , eng, oxygen, ... t...
    [35/138] Mother Tmojizu: , eng, carbon, ... tx, 碳, tàn, ... xt, , eng, hint, ... tx, ...
    [36/138] Sol-Supreme: , eng, carbon, ... tx, 碳, tàn, ... xt, , eng, carbon, ... tx...
    [37/138] Mother Tmojizu: , eng, iron, ... tx, 铁, tiě, ... xt, , eng, hint, ... tx, 提示...
    [38/138] Horli Qwin: , eng, iron, ... tx, 铁, tiě, ... xt, , eng, iron, ... tx, 铁,...
    [39/138] Mother Tmojizu: Room two complete. Chemistry words reviewed. 中文老师, next room...
    [40/138] 中文老师: , eng, third, ... tx, 第三, dì sān, ... xt, , eng, room, ... t...
    [41/138] Mother Tmojizu: Room three. Chemical compounds. Formulas and names.
    [42/138] Mother Tmojizu: , eng, water formula, ... tx, 水公式, shuǐ gōng shì, ... xt, H-...
    [43/138] IQabella: , eng, water, ... tx, 水, shuǐ, ... xt, H2O, , eng, water, .....
    [44/138] Mother Tmojizu: , eng, carbon dioxide, ... tx, 二氧化碳, èr yǎng huà tàn, ... xt...
    [45/138] CHARA: , eng, carbon dioxide, ... tx, 二氧化碳, èr yǎng huà tàn, ... xt...
    [46/138] Mother Tmojizu: , eng, methane, ... tx, 甲烷, jiǎ wán, ... xt, CH4. , eng, hin...
    [47/138] Sol-Supreme: , eng, methane, ... tx, 甲烷, jiǎ wán, ... xt, CH4, , eng, met...
    [48/138] Mother Tmojizu: , eng, iron oxide, ... tx, 氧化铁, yǎng huà tiě, ... xt, Fe2O3....
    [49/138] Horli Qwin: , eng, iron oxide, ... tx, 氧化铁, yǎng huà tiě, ... xt, Fe2O3,...
    [50/138] Mother Tmojizu: , eng, silicon carbide, ... tx, 碳化硅, tàn huà guī, ... xt, Si...
    [51/138] Sol-Supreme: , eng, silicon carbide, ... tx, 碳化硅, tàn huà guī, ... xt, Si...
    [52/138] Mother Tmojizu: , eng, magnetite, ... tx, 四氧化三铁, sì yǎng huà sān tiě, ... xt...
    [53/138] CHARA: , eng, magnetite, ... tx, 四氧化三铁, sì yǎng huà sān tiě, ... xt...
    [54/138] Mother Tmojizu: Room three complete. Compounds reviewed. 中文老师, next room.
    [55/138] 中文老师: , eng, fourth, ... tx, 第四, dì sì, ... xt, , eng, room, ... t...
    [56/138] Mother Tmojizu: Room four. Action words. Verbs. What you DO.
    [57/138] Mother Tmojizu: , eng, fight, ... tx, 打, dǎ, ... xt, , eng, hint, ... tx, 提示...
    [58/138] Horli Qwin: , eng, fight, ... tx, 打, dǎ, ... xt, , eng, fight, ... tx, 打...
    [59/138] Mother Tmojizu: , eng, heal, ... tx, 治疗, zhì liáo, ... xt, , eng, hint, ... ...
    [60/138] IQabella: , eng, heal, ... tx, 治疗, zhì liáo, ... xt, , eng, heal, ... ...
    [61/138] Mother Tmojizu: , eng, capture, ... tx, 捕捉, bǔ zhuō, ... xt, , eng, hint, .....
    [62/138] CHARA: , eng, capture, ... tx, 捕捉, bǔ zhuō, ... xt, , eng, capture,...
    [63/138] Mother Tmojizu: , eng, escape, ... tx, 逃, táo, ... xt, , eng, hint, ... tx, ...
    [64/138] Sol-Supreme: , eng, escape, ... tx, 逃, táo, ... xt, , eng, escape, ... tx...
    [65/138] Mother Tmojizu: , eng, combine, ... tx, 合, hé, ... xt, , eng, hint, ... tx, ...
    [66/138] Horli Qwin: , eng, combine, ... tx, 合, hé, ... xt, , eng, combine, ... t...
    [67/138] Mother Tmojizu: , eng, forge, ... tx, 造, zào, ... xt, , eng, hint, ... tx, 提...
    [68/138] CHARA: , eng, forge, ... tx, 造, zào, ... xt, , eng, forge, ... tx, ...
    [69/138] Mother Tmojizu: Room four complete. Action words reviewed. 中文老师, next room.
    [70/138] 中文老师: , eng, fifth, ... tx, 第五, dì wǔ, ... xt, , eng, room, ... tx...
    [71/138] Mother Tmojizu: Room five. The test. I ask. I give a hint. Then the answer. ...
    [72/138] Mother Tmojizu: Question one: What is , eng, mountain, ... tx, 山, shān, ... ...
    [73/138] IQabella: , eng, mountain, ... tx, 山, shān, ... xt,
    [74/138] Mother Tmojizu: Question two: What is , eng, tea, ... tx, 茶, chá, ... xt, in...
    [75/138] IQabella: , eng, tea, ... tx, 茶, chá, ... xt,
    [76/138] Mother Tmojizu: Question three: What is , eng, friend, ... tx, 朋友, péng you,...
    [77/138] Horli Qwin: , eng, friend, ... tx, 朋友, péng you, ... xt,
    [78/138] Mother Tmojizu: Question four: What is , eng, victory, ... tx, 胜利, shèng lì,...
    [79/138] CHARA: , eng, victory, ... tx, 胜利, shèng lì, ... xt,
    [80/138] Mother Tmojizu: Question five: What is , eng, library, ... tx, 图书馆, tú shū g...
    [81/138] Sol-Supreme: , eng, library, ... tx, 图书馆, tú shū guǎn, ... xt,
    [82/138] Mother Tmojizu: Question six: What is , eng, tavern, ... tx, 酒馆, jiǔ guǎn, ....
    [83/138] Horli Qwin: , eng, tavern, ... tx, 酒馆, jiǔ guǎn, ... xt,
    [84/138] Mother Tmojizu: Question seven: What is , eng, ship, ... tx, 船, chuán, ... x...
    [85/138] IQabella: , eng, ship, ... tx, 船, chuán, ... xt,
    [86/138] Mother Tmojizu: Question eight: What is , eng, egg, ... tx, 蛋, dàn, ... xt, ...
    [87/138] CHARA: , eng, egg, ... tx, 蛋, dàn, ... xt,
    [88/138] Mother Tmojizu: Question nine: What is , eng, guard, ... tx, 守卫, shǒu wèi, ....
    [89/138] Sol-Supreme: , eng, guard, ... tx, 守卫, shǒu wèi, ... xt,
    [90/138] Mother Tmojizu: Question ten: What is , eng, treasure, ... tx, 宝, bǎo, ... x...
    [91/138] Horli Qwin: , eng, treasure, ... tx, 宝, bǎo, ... xt,
    [92/138] Mother Tmojizu: Room five complete. Test passed. 中文老师, next room.
    [93/138] 中文老师: , eng, sixth, ... tx, 第六, dì liù, ... xt, , eng, room, ... t...
    [94/138] Mother Tmojizu: [out of character] This is the deep room. Bio reactions, sid...
    [95/138] 中文老师: , eng, advanced, ... tx, 高级, gāo jí, ... xt, , eng, organic,...
    [96/138] Mother Tmojizu: ADVANCED Question one: What is , eng, glucose, ... tx, 葡萄糖, ...
    [97/138] IQabella: , eng, glucose, ... tx, 葡萄糖, pú táo táng, ... xt, C6H12O6, ,...
    [98/138] Mother Tmojizu: ADVANCED Question two: What is , eng, protein, ... tx, 蛋白质, ...
    [99/138] CHARA: , eng, protein, ... tx, 蛋白质, dàn bái zhì, ... xt, , eng, pro...
    [100/138] Mother Tmojizu: ADVANCED Question three: What is , eng, metabolism, ... tx, ...
    [101/138] Sol-Supreme: , eng, metabolism, ... tx, 代谢, dài xiè, ... xt, , eng, metab...
    [102/138] Mother Tmojizu: ADVANCED Question four: What is , eng, absorption, ... tx, 吸...
    [103/138] IQabella: , eng, absorption, ... tx, 吸收, xī shōu, ... xt, , eng, absor...
    [104/138] Mother Tmojizu: ADVANCED Question five: What is , eng, side effects, ... tx,...
    [105/138] Horli Qwin: , eng, side effects, ... tx, 副作用, fù zuò yòng, ... xt, , eng...
    [106/138] Mother Tmojizu: ADVANCED Question six: What is , eng, allergy, ... tx, 过敏, g...
    [107/138] IQabella: , eng, allergy, ... tx, 过敏, guò mǐn, ... xt, , eng, allergy,...
    [108/138] Mother Tmojizu: ADVANCED Question seven: What is , eng, nausea, ... tx, 恶心, ...
    [109/138] Horli Qwin: , eng, nausea, ... tx, 恶心, ě xīn, ... xt, , eng, nausea, ......
    [110/138] Mother Tmojizu: ADVANCED Question eight: What is , eng, dizziness, ... tx, 头...
    [111/138] Sol-Supreme: , eng, dizziness, ... tx, 头晕, tóu yūn, ... xt, , eng, dizzin...
    [112/138] Mother Tmojizu: ADVANCED Question nine: What is , eng, aspirin, ... tx, 阿司匹林...
    [113/138] CHARA: , eng, aspirin, ... tx, 阿司匹林, ā sī pǐ lín, ... xt, C9H8O4, F...
    [114/138] Mother Tmojizu: ADVANCED Question ten: What is , eng, penicillin, ... tx, 青霉...
    [115/138] IQabella: , eng, penicillin, ... tx, 青霉素, qīng méi sù, ... xt, Alexand...
    [116/138] Mother Tmojizu: ADVANCED Question eleven: What is , eng, morphine, ... tx, 吗...
    [117/138] Horli Qwin: , eng, morphine, ... tx, 吗啡, mǎ fēi, ... xt, Friedrich Sertü...
    [118/138] Mother Tmojizu: ADVANCED Question twelve: What is , eng, insulin, ... tx, 胰岛...
    [119/138] Sol-Supreme: , eng, insulin, ... tx, 胰岛素, yí dǎo sù, ... xt, Banting and ...
    [120/138] Mother Tmojizu: ADVANCED Question thirteen: What is , eng, caffeine, ... tx,...
    [121/138] CHARA: , eng, caffeine, ... tx, 咖啡因, kā fēi yīn, ... xt, C8H10N4O2,...
    [122/138] Mother Tmojizu: ADVANCED Question fourteen: What is , eng, Pfizer, ... tx, 辉...
    [123/138] IQabella: , eng, Pfizer, ... tx, 辉瑞, huī ruì, ... xt, COVID vaccine,
    [124/138] Mother Tmojizu: ADVANCED Question fifteen: What is , eng, Johnson & Johnson,...
    [125/138] Horli Qwin: , eng, Johnson & Johnson, ... tx, 强生, qiáng shēng, ... xt, 1...
    [126/138] Mother Tmojizu: ADVANCED Question sixteen: What is , eng, excretion, ... tx,...
    [127/138] Sol-Supreme: , eng, excretion, ... tx, 排泄, pái xiè, ... xt, , eng, excret...
    [128/138] Mother Tmojizu: ADVANCED Question seventeen — THE FINAL BOSS: What is , eng,...
    [129/138] ALL TOGETHER: , eng, creation, ... tx, 创世, chuàng shì, ... xt, , eng, crea...
    [130/138] Mother Tmojizu: The boss falls. The molecular creature dissolves into atoms....
    [131/138] 中文老师: , eng, graduation, ... tx, 毕业, bì yè, ... xt, , eng, complet...
    [132/138] Mother Tmojizu: [out of character] That's the review. That's the test. That'...
    [133/138] Horli Qwin: [out of character] I learned so much Chinese. I can't believ...
    [134/138] CHARA: [out of character] My spreadsheet is now a textbook. [in cha...
    [135/138] IQabella: [out of character] I'm making graduation tea. [in character]...
    [136/138] Sol-Supreme: [out of character] The data is complete. The learning is ver...
    [137/138] Mother Tmojizu: , eng, goodbye, ... tx, 再见, zài jiàn, ... xt, , eng, keep go...
    [138/138] 中文老师: , eng, goodbye, ... tx, 再见, zài jiàn, ... xt, , eng, keep go...
  DONE: 中fud&d-sesh9-review-advanced.mp3 (53.6 MB) — 138 ok, 0 failed

======================================================================
[multi] SP.all-writeez28-b2/11.FOOTRACE.FU]HUGE/ffu++chinese-learning/ffuture-redo (3 files)
======================================================================
  Converting: ff-sesh01-welcome-time-academy.txt
    [1/207] Mother Tomokazu: [out of character] Session 1. Welcome to the Time Academy. I...
    [2/207] 中文老师: , eng, welcome, ... tx, 欢迎, huān yíng, ... xt, , eng, Time A...
    [3/207] Horli Qwin: [out of character] Cherry blossoms falling upward? That's th...
    [4/207] Mother Tomokazu: Roll WIS First Impression, Horli. You're taking in the archw...
    [5/207] Horli Qwin: [rolls] 19. Plus 3 is 22. [out of character] I'm soaking it ...
    [6/207] Mother Tomokazu: 22. You feel the temporal energy like music — a low bass not...
    [7/207] CHARA: [rolls] 18. Plus 3 is 21. [out of character] My trunk is vib...
    [8/207] Mother Tomokazu: 21. You detect the frequency difference. The trunk is safe —...
    [9/207] Sol-Supreme: [rolls] 17. Plus 4 is 21. [out of character] The archway is ...
    [10/207] Mother Tomokazu: 21. Perfect analysis. The Time Academy runs on cherry blosso...
    [11/207] IQabella: [rolls] 20. Plus 3 is 23. NATURAL 20. [out of character] The...
    [12/207] Mother Tomokazu: NATURAL 20. IQabella, the trunk was packed by the school's t...
    [13/207] IQabella: [out of character] I have a tea set in my trunk. This is the...
    [14/207] Mother Tomokazu: [out of character] That's the introduction. Now let's get yo...
    [15/207] 中文老师: , eng, come in, ... tx, 进来, jìn lái, ... xt, , eng, take off...
    [16/207] Horli Qwin: , eng, come in, ... tx, 进来, jìn lái, ... xt, , eng, follow y...
    [17/207] Mother Tomokazu: The boots stay on. But if you scuff my temporal floors, you'...
    [18/207] Horli Qwin: [rolls] 16. Plus 3 is 19. I glide. Like a cat. A very stylis...
    [19/207] Mother Tomokazu: 19. You glide. CHARA?
    [20/207] CHARA: [rolls] 14. Plus 3 is 17. I'm watching the roots. And the wa...
