=== CHTM Renderer Started ===
Starting with file: chtm/index.chtm
Launching module: modules/+x/canvas_player_v.01.+x
Module launched successfully, PID: 49831
In child process, executing module: modules/+x/canvas_player_v.01.+x
Setting focus to element index 2
Processing text element with label: Welcome to the Canvas Demo!
After variable substitution: Welcome to the Canvas Demo!
Sending IPC command: DISPLAY:ELEMENT_ID:game_canvas
Processing text element with label: Player Position: 
After variable substitution: Player Position: 
Processing text element with label: Player position: (${player_x}, ${player_y})
After variable substitution: Player position: (${player_x}, ${player_y})
Processing text element with label: Selected Symbol: [${selected_symbol}] Index: ${selected_palette_index}
After variable substitution: Selected Symbol: [${selected_symbol}] Index: ${selected_palette_index}
Processing text element with label: Last Action: ${last_action} | Last Placed: [${last_placed_symbol}] at (${last_placed_at_x}, ${last_placed_at_y})
After variable substitution: Last Action: ${last_action} | Last Placed: [${last_placed_symbol}] at (${last_placed_at_x}, ${last_placed_at_y})
Processing text element with label: Space Pressed: ${last_input_was_space} at (${space_pressed_at_x}, ${space_pressed_at_y})
After variable substitution: Space Pressed: ${last_input_was_space} at (${space_pressed_at_x}, ${space_pressed_at_y})
Processing text element with label:  Emoji Palette: 
After variable substitution:  Emoji Palette: 
Sending IPC command: DISPLAY:ELEMENT_ID:emoji_palette
Received VARS response: VARS:player_x=2,player_y=2,;
Setting variable: player_x = 2
Created new variable player_x with value 2
Setting variable: player_y = 2
Created new variable player_y with value 2
Processing text element with label: modules/+x/canvas_player_v.01.+x
After variable substitution: modules/+x/canvas_player_v.01.+x
Processing text element with label: Welcome to the Canvas Demo!
After variable substitution: Welcome to the Canvas Demo!
Sending IPC command: DISPLAY:ELEMENT_ID:game_canvas
Received VARS response: VARS:selected_palette_index=3,selected_symbol=$,;
Setting variable: selected_palette_index = 3
Created new variable selected_palette_index with value 3
Setting variable: selected_symbol = $
Created new variable selected_symbol with value $
Processing text element with label: Player Position: 
After variable substitution: Player Position: 
Processing text element with label: Player position: (${player_x}, ${player_y})
After variable substitution: Player position: (2, 2)
Processing text element with label: Selected Symbol: [${selected_symbol}] Index: ${selected_palette_index}
After variable substitution: Selected Symbol: [$] Index: 3
Processing text element with label: Last Action: ${last_action} | Last Placed: [${last_placed_symbol}] at (${last_placed_at_x}, ${last_placed_at_y})
After variable substitution: Last Action: ${last_action} | Last Placed: [${last_placed_symbol}] at (${last_placed_at_x}, ${last_placed_at_y})
Processing text element with label: Space Pressed: ${last_input_was_space} at (${space_pressed_at_x}, ${space_pressed_at_y})
After variable substitution: Space Pressed: ${last_input_was_space} at (${space_pressed_at_x}, ${space_pressed_at_y})
Processing text element with label:  Emoji Palette: 
After variable substitution:  Emoji Palette: 
Sending IPC command: DISPLAY:ELEMENT_ID:emoji_palette
Received VARS response: VARS:player_x=2,player_y=2,;
Setting variable: player_x = 2
Updated existing variable player_x to 2
Setting variable: player_y = 2
Updated existing variable player_y to 2
Processing text element with label: modules/+x/canvas_player_v.01.+x
After variable substitution: modules/+x/canvas_player_v.01.+x
Sending IPC command: KEY:1001:ELEMENT_ID:game_canvas
Processing text element with label: Welcome to the Canvas Demo!
After variable substitution: Welcome to the Canvas Demo!
Sending IPC command: DISPLAY:ELEMENT_ID:game_canvas
Received VARS response: VARS:selected_palette_index=3,selected_symbol=$,;
Setting variable: selected_palette_index = 3
Updated existing variable selected_palette_index to 3
Setting variable: selected_symbol = $
Updated existing variable selected_symbol to $
Received VARS response: VARS:frame_count=1,player_x=3,player_y=2,;
Setting variable: frame_count = 1
Created new variable frame_count with value 1
Setting variable: player_x = 3
Updated existing variable player_x to 3
Setting variable: player_y = 2
Updated existing variable player_y to 2
Processing text element with label: Player Position: 
After variable substitution: Player Position: 
Processing text element with label: Player position: (${player_x}, ${player_y})
After variable substitution: Player position: (3, 2)
Processing text element with label: Selected Symbol: [${selected_symbol}] Index: ${selected_palette_index}
After variable substitution: Selected Symbol: [$] Index: 3
Processing text element with label: Last Action: ${last_action} | Last Placed: [${last_placed_symbol}] at (${last_placed_at_x}, ${last_placed_at_y})
After variable substitution: Last Action: ${last_action} | Last Placed: [${last_placed_symbol}] at (${last_placed_at_x}, ${last_placed_at_y})
Processing text element with label: Space Pressed: ${last_input_was_space} at (${space_pressed_at_x}, ${space_pressed_at_y})
After variable substitution: Space Pressed: ${last_input_was_space} at (${space_pressed_at_x}, ${space_pressed_at_y})
Processing text element with label:  Emoji Palette: 
After variable substitution:  Emoji Palette: 
Sending IPC command: DISPLAY:ELEMENT_ID:emoji_palette
Received VARS response: VARS:player_x=3,player_y=2,;
Setting variable: player_x = 3
Updated existing variable player_x to 3
Setting variable: player_y = 2
Updated existing variable player_y to 2
Processing text element with label: modules/+x/canvas_player_v.01.+x
After variable substitution: modules/+x/canvas_player_v.01.+x
Sending IPC command: KEY:1001:ELEMENT_ID:game_canvas
Processing text element with label: Welcome to the Canvas Demo!
After variable substitution: Welcome to the Canvas Demo!
Sending IPC command: DISPLAY:ELEMENT_ID:game_canvas
Received VARS response: VARS:selected_palette_index=3,selected_symbol=$,;
Setting variable: selected_palette_index = 3
Updated existing variable selected_palette_index to 3
Setting variable: selected_symbol = $
Updated existing variable selected_symbol to $
Received VARS response: VARS:frame_count=2,player_x=4,player_y=2,;
Setting variable: frame_count = 2
Updated existing variable frame_count to 2
Setting variable: player_x = 4
Updated existing variable player_x to 4
Setting variable: player_y = 2
Updated existing variable player_y to 2
Processing text element with label: Player Position: 
After variable substitution: Player Position: 
Processing text element with label: Player position: (${player_x}, ${player_y})
After variable substitution: Player position: (4, 2)
Processing text element with label: Selected Symbol: [${selected_symbol}] Index: ${selected_palette_index}
After variable substitution: Selected Symbol: [$] Index: 3
Processing text element with label: Last Action: ${last_action} | Last Placed: [${last_placed_symbol}] at (${last_placed_at_x}, ${last_placed_at_y})
After variable substitution: Last Action: ${last_action} | Last Placed: [${last_placed_symbol}] at (${last_placed_at_x}, ${last_placed_at_y})
Processing text element with label: Space Pressed: ${last_input_was_space} at (${space_pressed_at_x}, ${space_pressed_at_y})
After variable substitution: Space Pressed: ${last_input_was_space} at (${space_pressed_at_x}, ${space_pressed_at_y})
Processing text element with label:  Emoji Palette: 
After variable substitution:  Emoji Palette: 
Sending IPC command: DISPLAY:ELEMENT_ID:emoji_palette
Received VARS response: VARS:player_x=4,player_y=2,;
Setting variable: player_x = 4
Updated existing variable player_x to 4
Setting variable: player_y = 2
Updated existing variable player_y to 2
Processing text element with label: modules/+x/canvas_player_v.01.+x
After variable substitution: modules/+x/canvas_player_v.01.+x
Sending IPC command: KEY:1000:ELEMENT_ID:game_canvas
Processing text element with label: Welcome to the Canvas Demo!
After variable substitution: Welcome to the Canvas Demo!
Sending IPC command: DISPLAY:ELEMENT_ID:game_canvas
Received VARS response: VARS:selected_palette_index=3,selected_symbol=$,;
Setting variable: selected_palette_index = 3
Updated existing variable selected_palette_index to 3
Setting variable: selected_symbol = $
Updated existing variable selected_symbol to $
Received VARS response: VARS:frame_count=3,player_x=3,player_y=2,;
Setting variable: frame_count = 3
Updated existing variable frame_count to 3
Setting variable: player_x = 3
Updated existing variable player_x to 3
Setting variable: player_y = 2
Updated existing variable player_y to 2
Processing text element with label: Player Position: 
After variable substitution: Player Position: 
Processing text element with label: Player position: (${player_x}, ${player_y})
After variable substitution: Player position: (3, 2)
Processing text element with label: Selected Symbol: [${selected_symbol}] Index: ${selected_palette_index}
After variable substitution: Selected Symbol: [$] Index: 3
Processing text element with label: Last Action: ${last_action} | Last Placed: [${last_placed_symbol}] at (${last_placed_at_x}, ${last_placed_at_y})
After variable substitution: Last Action: ${last_action} | Last Placed: [${last_placed_symbol}] at (${last_placed_at_x}, ${last_placed_at_y})
Processing text element with label: Space Pressed: ${last_input_was_space} at (${space_pressed_at_x}, ${space_pressed_at_y})
After variable substitution: Space Pressed: ${last_input_was_space} at (${space_pressed_at_x}, ${space_pressed_at_y})
Processing text element with label:  Emoji Palette: 
After variable substitution:  Emoji Palette: 
Sending IPC command: DISPLAY:ELEMENT_ID:emoji_palette
Received VARS response: VARS:player_x=3,player_y=2,;
Setting variable: player_x = 3
Updated existing variable player_x to 3
Setting variable: player_y = 2
Updated existing variable player_y to 2
Processing text element with label: modules/+x/canvas_player_v.01.+x
After variable substitution: modules/+x/canvas_player_v.01.+x
Sending IPC command: KEY:1003:ELEMENT_ID:game_canvas
Processing text element with label: Welcome to the Canvas Demo!
After variable substitution: Welcome to the Canvas Demo!
Sending IPC command: DISPLAY:ELEMENT_ID:game_canvas
Received VARS response: VARS:selected_palette_index=3,selected_symbol=$,;
Setting variable: selected_palette_index = 3
Updated existing variable selected_palette_index to 3
Setting variable: selected_symbol = $
Updated existing variable selected_symbol to $
Received VARS response: VARS:frame_count=4,player_x=3,player_y=3,;
Setting variable: frame_count = 4
Updated existing variable frame_count to 4
Setting variable: player_x = 3
Updated existing variable player_x to 3
Setting variable: player_y = 3
Updated existing variable player_y to 3
Processing text element with label: Player Position: 
After variable substitution: Player Position: 
Processing text element with label: Player position: (${player_x}, ${player_y})
After variable substitution: Player position: (3, 3)
Processing text element with label: Selected Symbol: [${selected_symbol}] Index: ${selected_palette_index}
After variable substitution: Selected Symbol: [$] Index: 3
Processing text element with label: Last Action: ${last_action} | Last Placed: [${last_placed_symbol}] at (${last_placed_at_x}, ${last_placed_at_y})
After variable substitution: Last Action: ${last_action} | Last Placed: [${last_placed_symbol}] at (${last_placed_at_x}, ${last_placed_at_y})
Processing text element with label: Space Pressed: ${last_input_was_space} at (${space_pressed_at_x}, ${space_pressed_at_y})
After variable substitution: Space Pressed: ${last_input_was_space} at (${space_pressed_at_x}, ${space_pressed_at_y})
Processing text element with label:  Emoji Palette: 
After variable substitution:  Emoji Palette: 
Sending IPC command: DISPLAY:ELEMENT_ID:emoji_palette
Received VARS response: VARS:player_x=3,player_y=3,;
Setting variable: player_x = 3
Updated existing variable player_x to 3
Setting variable: player_y = 3
Updated existing variable player_y to 3
Processing text element with label: modules/+x/canvas_player_v.01.+x
After variable substitution: modules/+x/canvas_player_v.01.+x
Sending IPC command: KEY:1003:ELEMENT_ID:game_canvas
Processing text element with label: Welcome to the Canvas Demo!
After variable substitution: Welcome to the Canvas Demo!
Sending IPC command: DISPLAY:ELEMENT_ID:game_canvas
Received VARS response: VARS:selected_palette_index=3,selected_symbol=$,;
Setting variable: selected_palette_index = 3
Updated existing variable selected_palette_index to 3
Setting variable: selected_symbol = $
Updated existing variable selected_symbol to $
Received VARS response: VARS:frame_count=5,player_x=3,player_y=4,;
Setting variable: frame_count = 5
Updated existing variable frame_count to 5
Setting variable: player_x = 3
Updated existing variable player_x to 3
Setting variable: player_y = 4
Updated existing variable player_y to 4
Processing text element with label: Player Position: 
After variable substitution: Player Position: 
Processing text element with label: Player position: (${player_x}, ${player_y})
After variable substitution: Player position: (3, 4)
Processing text element with label: Selected Symbol: [${selected_symbol}] Index: ${selected_palette_index}
After variable substitution: Selected Symbol: [$] Index: 3
Processing text element with label: Last Action: ${last_action} | Last Placed: [${last_placed_symbol}] at (${last_placed_at_x}, ${last_placed_at_y})
After variable substitution: Last Action: ${last_action} | Last Placed: [${last_placed_symbol}] at (${last_placed_at_x}, ${last_placed_at_y})
Processing text element with label: Space Pressed: ${last_input_was_space} at (${space_pressed_at_x}, ${space_pressed_at_y})
After variable substitution: Space Pressed: ${last_input_was_space} at (${space_pressed_at_x}, ${space_pressed_at_y})
Processing text element with label:  Emoji Palette: 
After variable substitution:  Emoji Palette: 
Sending IPC command: DISPLAY:ELEMENT_ID:emoji_palette
Received VARS response: VARS:player_x=3,player_y=4,;
Setting variable: player_x = 3
Updated existing variable player_x to 3
Setting variable: player_y = 4
Updated existing variable player_y to 4
Processing text element with label: modules/+x/canvas_player_v.01.+x
After variable substitution: modules/+x/canvas_player_v.01.+x
Sending IPC command: KEY:1000:ELEMENT_ID:game_canvas
Processing text element with label: Welcome to the Canvas Demo!
After variable substitution: Welcome to the Canvas Demo!
Sending IPC command: DISPLAY:ELEMENT_ID:game_canvas
Received VARS response: VARS:selected_palette_index=3,selected_symbol=$,;
Setting variable: selected_palette_index = 3
Updated existing variable selected_palette_index to 3
Setting variable: selected_symbol = $
Updated existing variable selected_symbol to $
Received VARS response: VARS:frame_count=6,player_x=2,player_y=4,;
Setting variable: frame_count = 6
Updated existing variable frame_count to 6
Setting variable: player_x = 2
Updated existing variable player_x to 2
Setting variable: player_y = 4
Updated existing variable player_y to 4
Processing text element with label: Player Position: 
After variable substitution: Player Position: 
Processing text element with label: Player position: (${player_x}, ${player_y})
After variable substitution: Player position: (2, 4)
Processing text element with label: Selected Symbol: [${selected_symbol}] Index: ${selected_palette_index}
After variable substitution: Selected Symbol: [$] Index: 3
Processing text element with label: Last Action: ${last_action} | Last Placed: [${last_placed_symbol}] at (${last_placed_at_x}, ${last_placed_at_y})
After variable substitution: Last Action: ${last_action} | Last Placed: [${last_placed_symbol}] at (${last_placed_at_x}, ${last_placed_at_y})
Processing text element with label: Space Pressed: ${last_input_was_space} at (${space_pressed_at_x}, ${space_pressed_at_y})
After variable substitution: Space Pressed: ${last_input_was_space} at (${space_pressed_at_x}, ${space_pressed_at_y})
Processing text element with label:  Emoji Palette: 
After variable substitution:  Emoji Palette: 
Sending IPC command: DISPLAY:ELEMENT_ID:emoji_palette
Received VARS response: VARS:player_x=2,player_y=4,;
Setting variable: player_x = 2
Updated existing variable player_x to 2
Setting variable: player_y = 4
Updated existing variable player_y to 4
Processing text element with label: modules/+x/canvas_player_v.01.+x
After variable substitution: modules/+x/canvas_player_v.01.+x
Sending IPC command: KEY:99:ELEMENT_ID:game_canvas
Processing text element with label: Welcome to the Canvas Demo!
After variable substitution: Welcome to the Canvas Demo!
Sending IPC command: DISPLAY:ELEMENT_ID:game_canvas
Received VARS response: VARS:selected_palette_index=3,selected_symbol=$,;
Setting variable: selected_palette_index = 3
Updated existing variable selected_palette_index to 3
Setting variable: selected_symbol = $
Updated existing variable selected_symbol to $
Processing text element with label: Player Position: 
After variable substitution: Player Position: 
Processing text element with label: Player position: (${player_x}, ${player_y})
After variable substitution: Player position: (2, 4)
Processing text element with label: Selected Symbol: [${selected_symbol}] Index: ${selected_palette_index}
After variable substitution: Selected Symbol: [$] Index: 3
Processing text element with label: Last Action: ${last_action} | Last Placed: [${last_placed_symbol}] at (${last_placed_at_x}, ${last_placed_at_y})
After variable substitution: Last Action: ${last_action} | Last Placed: [${last_placed_symbol}] at (${last_placed_at_x}, ${last_placed_at_y})
Processing text element with label: Space Pressed: ${last_input_was_space} at (${space_pressed_at_x}, ${space_pressed_at_y})
After variable substitution: Space Pressed: ${last_input_was_space} at (${space_pressed_at_x}, ${space_pressed_at_y})
Processing text element with label:  Emoji Palette: 
After variable substitution:  Emoji Palette: 
Sending IPC command: DISPLAY:ELEMENT_ID:emoji_palette
Received VARS response: VARS:player_x=2,player_y=4,;
Setting variable: player_x = 2
Updated existing variable player_x to 2
Setting variable: player_y = 4
Updated existing variable player_y to 4
Processing text element with label: modules/+x/canvas_player_v.01.+x
After variable substitution: modules/+x/canvas_player_v.01.+x
