MODULE STARTUP: innerhtml test module started at Mon Dec  1 20:40:43 2025
RECEIVED: TEST_INNER_HTML at Mon Dec  1 20:41:18 2025
PROCESSING: TEST_INNER_HTML command at Mon Dec  1 20:41:18 2025
SENDING: INNER_HTML:test_container:... at Mon Dec  1 20:41:18 2025
SENT: Commands sent to framework at Mon Dec  1 20:41:18 2025
MODULE SHUTDOWN: shutting down after signal 2 at Mon Dec  1 20:42:42 2025
MODULE STARTUP: innerhtml test module started at Mon Dec  1 21:02:52 2025
RECEIVED: TEST_INNER_HTML at Mon Dec  1 21:02:54 2025
PROCESSING: TEST_INNER_HTML command at Mon Dec  1 21:02:54 2025
SENDING: INNER_HTML:test_container:... at Mon Dec  1 21:02:54 2025
SENT: Commands sent to framework at Mon Dec  1 21:02:54 2025
MODULE SHUTDOWN: shutting down after signal 2 at Mon Dec  1 21:03:07 2025
MODULE STARTUP: innerhtml test module started at Mon Dec  1 21:03:08 2025
RECEIVED: TEST_INNER_HTML at Mon Dec  1 21:03:10 2025
PROCESSING: TEST_INNER_HTML command at Mon Dec  1 21:03:10 2025
SENDING: INNER_HTML:test_container:... at Mon Dec  1 21:03:10 2025
SENT: Commands sent to framework at Mon Dec  1 21:03:10 2025
MODULE SHUTDOWN: shutting down after signal 2 at Mon Dec  1 21:40:34 2025
MODULE STARTUP: innerhtml test module started at Mon Dec  1 21:40:35 2025
RECEIVED: TEST_INNER_HTML at Mon Dec  1 21:40:41 2025
PROCESSING: TEST_INNER_HTML command at Mon Dec  1 21:40:41 2025
SENDING: INNER_HTML:test_container:... at Mon Dec  1 21:40:41 2025
SENT: Commands sent to framework at Mon Dec  1 21:40:41 2025
MODULE SHUTDOWN: shutting down after signal 2 at Mon Dec  1 21:40:45 2025
MODULE STARTUP: innerhtml test module started at Mon Dec  1 21:40:45 2025
RECEIVED: TEST_INNER_HTML at Mon Dec  1 21:40:49 2025
PROCESSING: TEST_INNER_HTML command at Mon Dec  1 21:40:49 2025
SENDING: INNER_HTML:test_container:... at Mon Dec  1 21:40:49 2025
SENT: Commands sent to framework at Mon Dec  1 21:40:49 2025
MODULE SHUTDOWN: shutting down after signal 2 at Mon Dec  1 21:41:05 2025
MODULE STARTUP: innerhtml test module started at Mon Dec  1 21:41:06 2025
MODULE SHUTDOWN: shutting down after signal 2 at Mon Dec  1 21:44:48 2025
MODULE STARTUP: innerhtml test module started at Mon Dec  1 21:46:26 2025
RECEIVED: TEST_INNER_HTML at Mon Dec  1 21:46:28 2025
PROCESSING: TEST_INNER_HTML command at Mon Dec  1 21:46:28 2025
SENDING: INNER_HTML:test_container:... at Mon Dec  1 21:46:28 2025
SENT: Commands sent to framework at Mon Dec  1 21:46:28 2025
MODULE SHUTDOWN: shutting down after signal 2 at Mon Dec  1 21:46:30 2025
MODULE STARTUP: innerhtml test module started at Mon Dec  1 21:46:31 2025
MODULE SHUTDOWN: shutting down after signal 2 at Mon Dec  1 21:46:33 2025
